<?xml version="1.0" encoding="UTF-8"?>
<robot generator="Robot 6.1.1 (Python 3.11.0 on win32)" generated="20230825 01:40:53.650" rpa="false" schemaversion="4">
<suite id="s1" name="Suites">
<suite id="s1-s1" name="GetAllLinks" source="C:\Users\user\PycharmProjects\automation\TestCase\GetAllLinks.robot">
<test id="s1-s1-t1" name="GetAllLinksTest" line="9">
<kw name="Open Browser" library="SeleniumLibrary">
<arg>${url}</arg>
<arg>${browser}</arg>
<doc>Opens a new browser instance to the optional ``url``.</doc>
<msg timestamp="20230825 01:40:54.370" level="INFO">Opening browser 'chrome' to base url 'https://www.ptt.cc/bbs/index.html'.</msg>
<status status="PASS" starttime="20230825 01:40:54.369" endtime="20230825 01:40:58.655"/>
</kw>
<kw name="Maximize Browser Window" library="SeleniumLibrary">
<doc>Maximizes current browser window.</doc>
<status status="PASS" starttime="20230825 01:40:58.655" endtime="20230825 01:40:58.779"/>
</kw>
<kw name="Sleep" library="BuiltIn">
<arg>5</arg>
<doc>Pauses the test executed for the given time.</doc>
<msg timestamp="20230825 01:41:03.780" level="INFO">Slept 5 seconds</msg>
<status status="PASS" starttime="20230825 01:40:58.779" endtime="20230825 01:41:03.780"/>
</kw>
<kw name="Get Element Count" library="SeleniumLibrary">
<var>${AllLinksCount}</var>
<arg>xpath://a[@href]</arg>
<doc>Returns the number of elements matching ``locator``.</doc>
<msg timestamp="20230825 01:41:03.834" level="INFO">${AllLinksCount} = 133</msg>
<status status="PASS" starttime="20230825 01:41:03.782" endtime="20230825 01:41:03.834"/>
</kw>
<kw name="Log To Console" library="BuiltIn">
<arg>${AllLinksCount}</arg>
<doc>Logs the given message to the console.</doc>
<status status="PASS" starttime="20230825 01:41:03.834" endtime="20230825 01:41:03.835"/>
</kw>
<for flavor="IN RANGE">
<var>${i}</var>
<value>1</value>
<value>${AllLinksCount}+1</value>
<iter>
<var name="${i}">1</var>
<kw name="Get Text" library="SeleniumLibrary">
<var>${textlink}</var>
<arg>xpath:(//a[@href])[${i}]</arg>
<doc>Returns the text value of the element identified by ``locator``.</doc>
<msg timestamp="20230825 01:41:03.874" level="INFO">${textlink} = 批踢踢實業坊</msg>
<status status="PASS" starttime="20230825 01:41:03.836" endtime="20230825 01:41:03.874"/>
</kw>
<kw name="Log To Console" library="BuiltIn">
<arg>${textlink}</arg>
<doc>Logs the given message to the console.</doc>
<status status="PASS" starttime="20230825 01:41:03.874" endtime="20230825 01:41:03.875"/>
</kw>
<status status="PASS" starttime="20230825 01:41:03.836" endtime="20230825 01:41:03.875"/>
</iter>
<iter>
<var name="${i}">2</var>
<kw name="Get Text" library="SeleniumLibrary">
<var>${textlink}</var>
<arg>xpath:(//a[@href])[${i}]</arg>
<doc>Returns the text value of the element identified by ``locator``.</doc>
<msg timestamp="20230825 01:41:03.900" level="INFO">${textlink} = 關於我們</msg>
<status status="PASS" starttime="20230825 01:41:03.875" endtime="20230825 01:41:03.900"/>
</kw>
<kw name="Log To Console" library="BuiltIn">
<arg>${textlink}</arg>
<doc>Logs the given message to the console.</doc>
<status status="PASS" starttime="20230825 01:41:03.900" endtime="20230825 01:41:03.901"/>
</kw>
<status status="PASS" starttime="20230825 01:41:03.875" endtime="20230825 01:41:03.901"/>
</iter>
<iter>
<var name="${i}">3</var>
<kw name="Get Text" library="SeleniumLibrary">
<var>${textlink}</var>
<arg>xpath:(//a[@href])[${i}]</arg>
<doc>Returns the text value of the element identified by ``locator``.</doc>
<msg timestamp="20230825 01:41:03.925" level="INFO">${textlink} = 聯絡資訊</msg>
<status status="PASS" starttime="20230825 01:41:03.901" endtime="20230825 01:41:03.925"/>
</kw>
<kw name="Log To Console" library="BuiltIn">
<arg>${textlink}</arg>
<doc>Logs the given message to the console.</doc>
<status status="PASS" starttime="20230825 01:41:03.925" endtime="20230825 01:41:03.926"/>
</kw>
<status status="PASS" starttime="20230825 01:41:03.901" endtime="20230825 01:41:03.926"/>
</iter>
<iter>
<var name="${i}">4</var>
<kw name="Get Text" library="SeleniumLibrary">
<var>${textlink}</var>
<arg>xpath:(//a[@href])[${i}]</arg>
<doc>Returns the text value of the element identified by ``locator``.</doc>
<msg timestamp="20230825 01:41:03.955" level="INFO">${textlink} = 熱門看板</msg>
<status status="PASS" starttime="20230825 01:41:03.926" endtime="20230825 01:41:03.955"/>
</kw>
<kw name="Log To Console" library="BuiltIn">
<arg>${textlink}</arg>
<doc>Logs the given message to the console.</doc>
<status status="PASS" starttime="20230825 01:41:03.956" endtime="20230825 01:41:03.956"/>
</kw>
<status status="PASS" starttime="20230825 01:41:03.926" endtime="20230825 01:41:03.956"/>
</iter>
<iter>
<var name="${i}">5</var>
<kw name="Get Text" library="SeleniumLibrary">
<var>${textlink}</var>
<arg>xpath:(//a[@href])[${i}]</arg>
<doc>Returns the text value of the element identified by ``locator``.</doc>
<msg timestamp="20230825 01:41:03.981" level="INFO">${textlink} = 分類看板</msg>
<status status="PASS" starttime="20230825 01:41:03.956" endtime="20230825 01:41:03.981"/>
</kw>
<kw name="Log To Console" library="BuiltIn">
<arg>${textlink}</arg>
<doc>Logs the given message to the console.</doc>
<status status="PASS" starttime="20230825 01:41:03.981" endtime="20230825 01:41:03.981"/>
</kw>
<status status="PASS" starttime="20230825 01:41:03.956" endtime="20230825 01:41:03.981"/>
</iter>
<iter>
<var name="${i}">6</var>
<kw name="Get Text" library="SeleniumLibrary">
<var>${textlink}</var>
<arg>xpath:(//a[@href])[${i}]</arg>
<doc>Returns the text value of the element identified by ``locator``.</doc>
<msg timestamp="20230825 01:41:04.013" level="INFO">${textlink} = Gossiping 7928 綜合 ◎[八卦] 又有颱風要形成</msg>
<status status="PASS" starttime="20230825 01:41:03.982" endtime="20230825 01:41:04.013"/>
</kw>
<kw name="Log To Console" library="BuiltIn">
<arg>${textlink}</arg>
<doc>Logs the given message to the console.</doc>
<status status="PASS" starttime="20230825 01:41:04.014" endtime="20230825 01:41:04.015"/>
</kw>
<status status="PASS" starttime="20230825 01:41:03.982" endtime="20230825 01:41:04.015"/>
</iter>
<iter>
<var name="${i}">7</var>
<kw name="Get Text" library="SeleniumLibrary">
<var>${textlink}</var>
<arg>xpath:(//a[@href])[${i}]</arg>
<doc>Returns the text value of the element identified by ``locator``.</doc>
<msg timestamp="20230825 01:41:04.043" level="INFO">${textlink} = C_Chat 3247 閒談 ◎[希恰] 我是來結束這個樂團的</msg>
<status status="PASS" starttime="20230825 01:41:04.017" endtime="20230825 01:41:04.043"/>
</kw>
<kw name="Log To Console" library="BuiltIn">
<arg>${textlink}</arg>
<doc>Logs the given message to the console.</doc>
<status status="PASS" starttime="20230825 01:41:04.043" endtime="20230825 01:41:04.044"/>
</kw>
<status status="PASS" starttime="20230825 01:41:04.015" endtime="20230825 01:41:04.044"/>
</iter>
<iter>
<var name="${i}">8</var>
<kw name="Get Text" library="SeleniumLibrary">
<var>${textlink}</var>
<arg>xpath:(//a[@href])[${i}]</arg>
<doc>Returns the text value of the element identified by ``locator``.</doc>
<msg timestamp="20230825 01:41:04.073" level="INFO">${textlink} = Stock 2897 學術 ◎[股票] 注意！文章要有股點</msg>
<status status="PASS" starttime="20230825 01:41:04.045" endtime="20230825 01:41:04.073"/>
</kw>
<kw name="Log To Console" library="BuiltIn">
<arg>${textlink}</arg>
<doc>Logs the given message to the console.</doc>
<status status="PASS" starttime="20230825 01:41:04.073" endtime="20230825 01:41:04.074"/>
</kw>
<status status="PASS" starttime="20230825 01:41:04.044" endtime="20230825 01:41:04.074"/>
</iter>
<iter>
<var name="${i}">9</var>
<kw name="Get Text" library="SeleniumLibrary">
<var>${textlink}</var>
<arg>xpath:(//a[@href])[${i}]</arg>
<doc>Returns the text value of the element identified by ``locator``.</doc>
<msg timestamp="20230825 01:41:04.100" level="INFO">${textlink} = Baseball 2621 棒球 ◎[棒球] Baseball is life</msg>
<status status="PASS" starttime="20230825 01:41:04.075" endtime="20230825 01:41:04.100"/>
</kw>
<kw name="Log To Console" library="BuiltIn">
<arg>${textlink}</arg>
<doc>Logs the given message to the console.</doc>
<status status="PASS" starttime="20230825 01:41:04.100" endtime="20230825 01:41:04.100"/>
</kw>
<status status="PASS" starttime="20230825 01:41:04.074" endtime="20230825 01:41:04.100"/>
</iter>
<iter>
<var name="${i}">10</var>
<kw name="Get Text" library="SeleniumLibrary">
<var>${textlink}</var>
<arg>xpath:(//a[@href])[${i}]</arg>
<doc>Returns the text value of the element identified by ``locator``.</doc>
<msg timestamp="20230825 01:41:04.120" level="INFO">${textlink} = HatePolitics 1011 Hate ◎[政黑] 板主很帥</msg>
<status status="PASS" starttime="20230825 01:41:04.101" endtime="20230825 01:41:04.120"/>
</kw>
<kw name="Log To Console" library="BuiltIn">
<arg>${textlink}</arg>
<doc>Logs the given message to the console.</doc>
<status status="PASS" starttime="20230825 01:41:04.120" endtime="20230825 01:41:04.121"/>
</kw>
<status status="PASS" starttime="20230825 01:41:04.101" endtime="20230825 01:41:04.121"/>
</iter>
<iter>
<var name="${i}">11</var>
<kw name="Get Text" library="SeleniumLibrary">
<var>${textlink}</var>
<arg>xpath:(//a[@href])[${i}]</arg>
<doc>Returns the text value of the element identified by ``locator``.</doc>
<msg timestamp="20230825 01:41:04.143" level="INFO">${textlink} = Lifeismoney 958 省錢 ◎[省錢] 省錢板</msg>
<status status="PASS" starttime="20230825 01:41:04.121" endtime="20230825 01:41:04.143"/>
</kw>
<kw name="Log To Console" library="BuiltIn">
<arg>${textlink}</arg>
<doc>Logs the given message to the console.</doc>
<status status="PASS" starttime="20230825 01:41:04.143" endtime="20230825 01:41:04.143"/>
</kw>
<status status="PASS" starttime="20230825 01:41:04.121" endtime="20230825 01:41:04.143"/>
</iter>
<iter>
<var name="${i}">12</var>
<kw name="Get Text" library="SeleniumLibrary">
<var>${textlink}</var>
<arg>xpath:(//a[@href])[${i}]</arg>
<doc>Returns the text value of the element identified by ``locator``.</doc>
<msg timestamp="20230825 01:41:04.169" level="INFO">${textlink} = NBA 856 NBA. ◎[NBA] 新任板主熱烈募集中!!!</msg>
<status status="PASS" starttime="20230825 01:41:04.144" endtime="20230825 01:41:04.169"/>
</kw>
<kw name="Log To Console" library="BuiltIn">
<arg>${textlink}</arg>
<doc>Logs the given message to the console.</doc>
<status status="PASS" starttime="20230825 01:41:04.169" endtime="20230825 01:41:04.170"/>
</kw>
<status status="PASS" starttime="20230825 01:41:04.144" endtime="20230825 01:41:04.170"/>
</iter>
<iter>
<var name="${i}">13</var>
<kw name="Get Text" library="SeleniumLibrary">
<var>${textlink}</var>
<arg>xpath:(//a[@href])[${i}]</arg>
<doc>Returns the text value of the element identified by ``locator``.</doc>
<msg timestamp="20230825 01:41:04.193" level="INFO">${textlink} = KoreaStar 622 韓國 ◎[韓星] 經典的夏日回歸大亂鬥</msg>
<status status="PASS" starttime="20230825 01:41:04.170" endtime="20230825 01:41:04.193"/>
</kw>
<kw name="Log To Console" library="BuiltIn">
<arg>${textlink}</arg>
<doc>Logs the given message to the console.</doc>
<status status="PASS" starttime="20230825 01:41:04.193" endtime="20230825 01:41:04.194"/>
</kw>
<status status="PASS" starttime="20230825 01:41:04.170" endtime="20230825 01:41:04.194"/>
</iter>
<iter>
<var name="${i}">14</var>
<kw name="Get Text" library="SeleniumLibrary">
<var>${textlink}</var>
<arg>xpath:(//a[@href])[${i}]</arg>
<doc>Returns the text value of the element identified by ``locator``.</doc>
<msg timestamp="20230825 01:41:04.220" level="INFO">${textlink} = Military 556 軍事 ◎[軍事]軍事資訊分享 請詳閱板規</msg>
<status status="PASS" starttime="20230825 01:41:04.194" endtime="20230825 01:41:04.220"/>
</kw>
<kw name="Log To Console" library="BuiltIn">
<arg>${textlink}</arg>
<doc>Logs the given message to the console.</doc>
<status status="PASS" starttime="20230825 01:41:04.220" endtime="20230825 01:41:04.221"/>
</kw>
<status status="PASS" starttime="20230825 01:41:04.194" endtime="20230825 01:41:04.221"/>
</iter>
<iter>
<var name="${i}">15</var>
<kw name="Get Text" library="SeleniumLibrary">
<var>${textlink}</var>
<arg>xpath:(//a[@href])[${i}]</arg>
<doc>Returns the text value of the element identified by ``locator``.</doc>
<msg timestamp="20230825 01:41:04.246" level="INFO">${textlink} = sex 536 男女 ◎[西斯] 高風險者可接種猴痘疫苗</msg>
<status status="PASS" starttime="20230825 01:41:04.221" endtime="20230825 01:41:04.246"/>
</kw>
<kw name="Log To Console" library="BuiltIn">
<arg>${textlink}</arg>
<doc>Logs the given message to the console.</doc>
<status status="PASS" starttime="20230825 01:41:04.246" endtime="20230825 01:41:04.247"/>
</kw>
<status status="PASS" starttime="20230825 01:41:04.221" endtime="20230825 01:41:04.247"/>
</iter>
<iter>
<var name="${i}">16</var>
<kw name="Get Text" library="SeleniumLibrary">
<var>${textlink}</var>
<arg>xpath:(//a[@href])[${i}]</arg>
<doc>Returns the text value of the element identified by ``locator``.</doc>
<msg timestamp="20230825 01:41:04.272" level="INFO">${textlink} = car 532 車車 ◎[汽車] 大家要注意板規1-8喔</msg>
<status status="PASS" starttime="20230825 01:41:04.247" endtime="20230825 01:41:04.272"/>
</kw>
<kw name="Log To Console" library="BuiltIn">
<arg>${textlink}</arg>
<doc>Logs the given message to the console.</doc>
<status status="PASS" starttime="20230825 01:41:04.272" endtime="20230825 01:41:04.273"/>
</kw>
<status status="PASS" starttime="20230825 01:41:04.247" endtime="20230825 01:41:04.273"/>
</iter>
<iter>
<var name="${i}">17</var>
<kw name="Get Text" library="SeleniumLibrary">
<var>${textlink}</var>
<arg>xpath:(//a[@href])[${i}]</arg>
<doc>Returns the text value of the element identified by ``locator``.</doc>
<msg timestamp="20230825 01:41:04.298" level="INFO">${textlink} = LoL 510 遊戲 ◎[LoL] LCS夏季賽冠軍 NRG</msg>
<status status="PASS" starttime="20230825 01:41:04.273" endtime="20230825 01:41:04.298"/>
</kw>
<kw name="Log To Console" library="BuiltIn">
<arg>${textlink}</arg>
<doc>Logs the given message to the console.</doc>
<status status="PASS" starttime="20230825 01:41:04.298" endtime="20230825 01:41:04.299"/>
</kw>
<status status="PASS" starttime="20230825 01:41:04.273" endtime="20230825 01:41:04.299"/>
</iter>
<iter>
<var name="${i}">18</var>
<kw name="Get Text" library="SeleniumLibrary">
<var>${textlink}</var>
<arg>xpath:(//a[@href])[${i}]</arg>
<doc>Returns the text value of the element identified by ``locator``.</doc>
<msg timestamp="20230825 01:41:04.324" level="INFO">${textlink} = Badminton 465 羽球 ◎[羽球版]</msg>
<status status="PASS" starttime="20230825 01:41:04.299" endtime="20230825 01:41:04.324"/>
</kw>
<kw name="Log To Console" library="BuiltIn">
<arg>${textlink}</arg>
<doc>Logs the given message to the console.</doc>
<status status="PASS" starttime="20230825 01:41:04.324" endtime="20230825 01:41:04.325"/>
</kw>
<status status="PASS" starttime="20230825 01:41:04.299" endtime="20230825 01:41:04.325"/>
</iter>
<iter>
<var name="${i}">19</var>
<kw name="Get Text" library="SeleniumLibrary">
<var>${textlink}</var>
<arg>xpath:(//a[@href])[${i}]</arg>
<doc>Returns the text value of the element identified by ``locator``.</doc>
<msg timestamp="20230825 01:41:04.348" level="INFO">${textlink} = movie 438 綜合 ◎[電影] 禁政治版規試行 注意!</msg>
<status status="PASS" starttime="20230825 01:41:04.325" endtime="20230825 01:41:04.348"/>
</kw>
<kw name="Log To Console" library="BuiltIn">
<arg>${textlink}</arg>
<doc>Logs the given message to the console.</doc>
<status status="PASS" starttime="20230825 01:41:04.348" endtime="20230825 01:41:04.349"/>
</kw>
<status status="PASS" starttime="20230825 01:41:04.325" endtime="20230825 01:41:04.349"/>
</iter>
<iter>
<var name="${i}">20</var>
<kw name="Get Text" library="SeleniumLibrary">
<var>${textlink}</var>
<arg>xpath:(//a[@href])[${i}]</arg>
<doc>Returns the text value of the element identified by ``locator``.</doc>
<msg timestamp="20230825 01:41:04.375" level="INFO">${textlink} = home-sale 436 房屋 ◎[房屋] 禁無關看板新聞/租賃廣告</msg>
<status status="PASS" starttime="20230825 01:41:04.350" endtime="20230825 01:41:04.375"/>
</kw>
<kw name="Log To Console" library="BuiltIn">
<arg>${textlink}</arg>
<doc>Logs the given message to the console.</doc>
<status status="PASS" starttime="20230825 01:41:04.375" endtime="20230825 01:41:04.375"/>
</kw>
<status status="PASS" starttime="20230825 01:41:04.349" endtime="20230825 01:41:04.375"/>
</iter>
<iter>
<var name="${i}">21</var>
<kw name="Get Text" library="SeleniumLibrary">
<var>${textlink}</var>
<arg>xpath:(//a[@href])[${i}]</arg>
<doc>Returns the text value of the element identified by ``locator``.</doc>
<msg timestamp="20230825 01:41:04.407" level="INFO">${textlink} = basketballTW 413 籃球 ◎[台籃] 台北台新戰神隊成軍</msg>
<status status="PASS" starttime="20230825 01:41:04.376" endtime="20230825 01:41:04.407"/>
</kw>
<kw name="Log To Console" library="BuiltIn">
<arg>${textlink}</arg>
<doc>Logs the given message to the console.</doc>
<status status="PASS" starttime="20230825 01:41:04.407" endtime="20230825 01:41:04.407"/>
</kw>
<status status="PASS" starttime="20230825 01:41:04.376" endtime="20230825 01:41:04.408"/>
</iter>
<iter>
<var name="${i}">22</var>
<kw name="Get Text" library="SeleniumLibrary">
<var>${textlink}</var>
<arg>xpath:(//a[@href])[${i}]</arg>
<doc>Returns the text value of the element identified by ``locator``.</doc>
<msg timestamp="20230825 01:41:04.433" level="INFO">${textlink} = PC_Shopping 358 硬體 ◎[電蝦]去旁邊烘乾懂嗎！</msg>
<status status="PASS" starttime="20230825 01:41:04.408" endtime="20230825 01:41:04.433"/>
</kw>
<kw name="Log To Console" library="BuiltIn">
<arg>${textlink}</arg>
<doc>Logs the given message to the console.</doc>
<status status="PASS" starttime="20230825 01:41:04.433" endtime="20230825 01:41:04.433"/>
</kw>
<status status="PASS" starttime="20230825 01:41:04.408" endtime="20230825 01:41:04.434"/>
</iter>
<iter>
<var name="${i}">23</var>
<kw name="Get Text" library="SeleniumLibrary">
<var>${textlink}</var>
<arg>xpath:(//a[@href])[${i}]</arg>
<doc>Returns the text value of the element identified by ``locator``.</doc>
<msg timestamp="20230825 01:41:04.458" level="INFO">${textlink} = Beauty 347 聊天 ◎[表特] 貼AI圖 一律水桶+退文</msg>
<status status="PASS" starttime="20230825 01:41:04.434" endtime="20230825 01:41:04.458"/>
</kw>
<kw name="Log To Console" library="BuiltIn">
<arg>${textlink}</arg>
<doc>Logs the given message to the console.</doc>
<status status="PASS" starttime="20230825 01:41:04.459" endtime="20230825 01:41:04.459"/>
</kw>
<status status="PASS" starttime="20230825 01:41:04.434" endtime="20230825 01:41:04.459"/>
</iter>
<iter>
<var name="${i}">24</var>
<kw name="Get Text" library="SeleniumLibrary">
<var>${textlink}</var>
<arg>xpath:(//a[@href])[${i}]</arg>
<doc>Returns the text value of the element identified by ``locator``.</doc>
<msg timestamp="20230825 01:41:04.485" level="INFO">${textlink} = MobileComm 338 資訊 ◎[通訊] 手機情報o資費比較o交易x</msg>
<status status="PASS" starttime="20230825 01:41:04.459" endtime="20230825 01:41:04.485"/>
</kw>
<kw name="Log To Console" library="BuiltIn">
<arg>${textlink}</arg>
<doc>Logs the given message to the console.</doc>
<status status="PASS" starttime="20230825 01:41:04.485" endtime="20230825 01:41:04.486"/>
</kw>
<status status="PASS" starttime="20230825 01:41:04.459" endtime="20230825 01:41:04.486"/>
</iter>
<iter>
<var name="${i}">25</var>
<kw name="Get Text" library="SeleniumLibrary">
<var>${textlink}</var>
<arg>xpath:(//a[@href])[${i}]</arg>
<doc>Returns the text value of the element identified by ``locator``.</doc>
<msg timestamp="20230825 01:41:04.510" level="INFO">${textlink} = Tech_Job 336 工作 ◎[科技] 版規三政治水桶恢復至7天</msg>
<status status="PASS" starttime="20230825 01:41:04.486" endtime="20230825 01:41:04.510"/>
</kw>
<kw name="Log To Console" library="BuiltIn">
<arg>${textlink}</arg>
<doc>Logs the given message to the console.</doc>
<status status="PASS" starttime="20230825 01:41:04.510" endtime="20230825 01:41:04.511"/>
</kw>
<status status="PASS" starttime="20230825 01:41:04.486" endtime="20230825 01:41:04.511"/>
</iter>
<iter>
<var name="${i}">26</var>
<kw name="Get Text" library="SeleniumLibrary">
<var>${textlink}</var>
<arg>xpath:(//a[@href])[${i}]</arg>
<doc>Returns the text value of the element identified by ``locator``.</doc>
<msg timestamp="20230825 01:41:04.536" level="INFO">${textlink} = japanavgirls 314 綜合 ◎AV女優板 清新、優質,神人照格式</msg>
<status status="PASS" starttime="20230825 01:41:04.512" endtime="20230825 01:41:04.536"/>
</kw>
<kw name="Log To Console" library="BuiltIn">
<arg>${textlink}</arg>
<doc>Logs the given message to the console.</doc>
<status status="PASS" starttime="20230825 01:41:04.536" endtime="20230825 01:41:04.536"/>
</kw>
<status status="PASS" starttime="20230825 01:41:04.511" endtime="20230825 01:41:04.537"/>
</iter>
<iter>
<var name="${i}">27</var>
<kw name="Get Text" library="SeleniumLibrary">
<var>${textlink}</var>
<arg>xpath:(//a[@href])[${i}]</arg>
<doc>Returns the text value of the element identified by ``locator``.</doc>
<msg timestamp="20230825 01:41:04.561" level="INFO">${textlink} = BabyMother 296 家庭 ◎[寶寶] 親子同樂徵文中</msg>
<status status="PASS" starttime="20230825 01:41:04.537" endtime="20230825 01:41:04.561"/>
</kw>
<kw name="Log To Console" library="BuiltIn">
<arg>${textlink}</arg>
<doc>Logs the given message to the console.</doc>
<status status="PASS" starttime="20230825 01:41:04.562" endtime="20230825 01:41:04.562"/>
</kw>
<status status="PASS" starttime="20230825 01:41:04.537" endtime="20230825 01:41:04.562"/>
</iter>
<iter>
<var name="${i}">28</var>
<kw name="Get Text" library="SeleniumLibrary">
<var>${textlink}</var>
<arg>xpath:(//a[@href])[${i}]</arg>
<doc>Returns the text value of the element identified by ``locator``.</doc>
<msg timestamp="20230825 01:41:04.587" level="INFO">${textlink} = Japan_Travel 296 旅遊 ◎提出問題請注意是否已經有答案</msg>
<status status="PASS" starttime="20230825 01:41:04.563" endtime="20230825 01:41:04.587"/>
</kw>
<kw name="Log To Console" library="BuiltIn">
<arg>${textlink}</arg>
<doc>Logs the given message to the console.</doc>
<status status="PASS" starttime="20230825 01:41:04.587" endtime="20230825 01:41:04.587"/>
</kw>
<status status="PASS" starttime="20230825 01:41:04.562" endtime="20230825 01:41:04.587"/>
</iter>
<iter>
<var name="${i}">29</var>
<kw name="Get Text" library="SeleniumLibrary">
<var>${textlink}</var>
<arg>xpath:(//a[@href])[${i}]</arg>
<doc>Returns the text value of the element identified by ``locator``.</doc>
<msg timestamp="20230825 01:41:04.612" level="INFO">${textlink} = KoreaDrama 287 韓劇 ◎[韓劇] 新活動不要壓線</msg>
<status status="PASS" starttime="20230825 01:41:04.588" endtime="20230825 01:41:04.612"/>
</kw>
<kw name="Log To Console" library="BuiltIn">
<arg>${textlink}</arg>
<doc>Logs the given message to the console.</doc>
<status status="PASS" starttime="20230825 01:41:04.613" endtime="20230825 01:41:04.613"/>
</kw>
<status status="PASS" starttime="20230825 01:41:04.588" endtime="20230825 01:41:04.613"/>
</iter>
<iter>
<var name="${i}">30</var>
<kw name="Get Text" library="SeleniumLibrary">
<var>${textlink}</var>
<arg>xpath:(//a[@href])[${i}]</arg>
<doc>Returns the text value of the element identified by ``locator``.</doc>
<msg timestamp="20230825 01:41:04.638" level="INFO">${textlink} = WomenTalk 240 聊天 ◎[女孩]注意新版規 禁止政治內容&lt;3</msg>
<status status="PASS" starttime="20230825 01:41:04.613" endtime="20230825 01:41:04.638"/>
</kw>
<kw name="Log To Console" library="BuiltIn">
<arg>${textlink}</arg>
<doc>Logs the given message to the console.</doc>
<status status="PASS" starttime="20230825 01:41:04.639" endtime="20230825 01:41:04.639"/>
</kw>
<status status="PASS" starttime="20230825 01:41:04.613" endtime="20230825 01:41:04.639"/>
</iter>
<iter>
<var name="${i}">31</var>
<kw name="Get Text" library="SeleniumLibrary">
<var>${textlink}</var>
<arg>xpath:(//a[@href])[${i}]</arg>
<doc>Returns the text value of the element identified by ``locator``.</doc>
<msg timestamp="20230825 01:41:04.664" level="INFO">${textlink} = AllTogether 232 聯誼 ◎[歐兔] 老派約會之必要</msg>
<status status="PASS" starttime="20230825 01:41:04.640" endtime="20230825 01:41:04.664"/>
</kw>
<kw name="Log To Console" library="BuiltIn">
<arg>${textlink}</arg>
<doc>Logs the given message to the console.</doc>
<status status="PASS" starttime="20230825 01:41:04.664" endtime="20230825 01:41:04.664"/>
</kw>
<status status="PASS" starttime="20230825 01:41:04.639" endtime="20230825 01:41:04.664"/>
</iter>
<iter>
<var name="${i}">32</var>
<kw name="Get Text" library="SeleniumLibrary">
<var>${textlink}</var>
<arg>xpath:(//a[@href])[${i}]</arg>
<doc>Returns the text value of the element identified by ``locator``.</doc>
<msg timestamp="20230825 01:41:04.692" level="INFO">${textlink} = Steam 230 平台 ◎本板禁止買賣合購代購代刷</msg>
<status status="PASS" starttime="20230825 01:41:04.665" endtime="20230825 01:41:04.692"/>
</kw>
<kw name="Log To Console" library="BuiltIn">
<arg>${textlink}</arg>
<doc>Logs the given message to the console.</doc>
<status status="PASS" starttime="20230825 01:41:04.692" endtime="20230825 01:41:04.693"/>
</kw>
<status status="PASS" starttime="20230825 01:41:04.665" endtime="20230825 01:41:04.693"/>
</iter>
<iter>
<var name="${i}">33</var>
<kw name="Get Text" library="SeleniumLibrary">
<var>${textlink}</var>
<arg>xpath:(//a[@href])[${i}]</arg>
<doc>Returns the text value of the element identified by ``locator``.</doc>
<msg timestamp="20230825 01:41:04.720" level="INFO">${textlink} = creditcard 206 理財 ◎[卡板] 徵求板主至 9/9</msg>
<status status="PASS" starttime="20230825 01:41:04.693" endtime="20230825 01:41:04.720"/>
</kw>
<kw name="Log To Console" library="BuiltIn">
<arg>${textlink}</arg>
<doc>Logs the given message to the console.</doc>
<status status="PASS" starttime="20230825 01:41:04.720" endtime="20230825 01:41:04.720"/>
</kw>
<status status="PASS" starttime="20230825 01:41:04.693" endtime="20230825 01:41:04.720"/>
</iter>
<iter>
<var name="${i}">34</var>
<kw name="Get Text" library="SeleniumLibrary">
<var>${textlink}</var>
<arg>xpath:(//a[@href])[${i}]</arg>
<doc>Returns the text value of the element identified by ``locator``.</doc>
<msg timestamp="20230825 01:41:04.748" level="INFO">${textlink} = SportLottery 201 博弈 ◎[運彩] 請勿辱罵與人身攻擊 注意</msg>
<status status="PASS" starttime="20230825 01:41:04.721" endtime="20230825 01:41:04.748"/>
</kw>
<kw name="Log To Console" library="BuiltIn">
<arg>${textlink}</arg>
<doc>Logs the given message to the console.</doc>
<status status="PASS" starttime="20230825 01:41:04.748" endtime="20230825 01:41:04.748"/>
</kw>
<status status="PASS" starttime="20230825 01:41:04.721" endtime="20230825 01:41:04.748"/>
</iter>
<iter>
<var name="${i}">35</var>
<kw name="Get Text" library="SeleniumLibrary">
<var>${textlink}</var>
<arg>xpath:(//a[@href])[${i}]</arg>
<doc>Returns the text value of the element identified by ``locator``.</doc>
<msg timestamp="20230825 01:41:04.772" level="INFO">${textlink} = Boy-Girl 198 心情 ◎[男女] 水桶很滿 推文請三思</msg>
<status status="PASS" starttime="20230825 01:41:04.748" endtime="20230825 01:41:04.772"/>
</kw>
<kw name="Log To Console" library="BuiltIn">
<arg>${textlink}</arg>
<doc>Logs the given message to the console.</doc>
<status status="PASS" starttime="20230825 01:41:04.772" endtime="20230825 01:41:04.773"/>
</kw>
<status status="PASS" starttime="20230825 01:41:04.748" endtime="20230825 01:41:04.773"/>
</iter>
<iter>
<var name="${i}">36</var>
<kw name="Get Text" library="SeleniumLibrary">
<var>${textlink}</var>
<arg>xpath:(//a[@href])[${i}]</arg>
<doc>Returns the text value of the element identified by ``locator``.</doc>
<msg timestamp="20230825 01:41:04.798" level="INFO">${textlink} = Monkeys 191 CPBL ◎樂天桃猿！本週客場旅遊週～</msg>
<status status="PASS" starttime="20230825 01:41:04.773" endtime="20230825 01:41:04.798"/>
</kw>
<kw name="Log To Console" library="BuiltIn">
<arg>${textlink}</arg>
<doc>Logs the given message to the console.</doc>
<status status="PASS" starttime="20230825 01:41:04.798" endtime="20230825 01:41:04.798"/>
</kw>
<status status="PASS" starttime="20230825 01:41:04.773" endtime="20230825 01:41:04.799"/>
</iter>
<iter>
<var name="${i}">37</var>
<kw name="Get Text" library="SeleniumLibrary">
<var>${textlink}</var>
<arg>xpath:(//a[@href])[${i}]</arg>
<doc>Returns the text value of the element identified by ``locator``.</doc>
<msg timestamp="20230825 01:41:04.823" level="INFO">${textlink} = PlayStation 187 主機 ◎[PS5] 8/25 機戰傭兵6</msg>
<status status="PASS" starttime="20230825 01:41:04.799" endtime="20230825 01:41:04.823"/>
</kw>
<kw name="Log To Console" library="BuiltIn">
<arg>${textlink}</arg>
<doc>Logs the given message to the console.</doc>
<status status="PASS" starttime="20230825 01:41:04.823" endtime="20230825 01:41:04.824"/>
</kw>
<status status="PASS" starttime="20230825 01:41:04.799" endtime="20230825 01:41:04.824"/>
</iter>
<iter>
<var name="${i}">38</var>
<kw name="Get Text" library="SeleniumLibrary">
<var>${textlink}</var>
<arg>xpath:(//a[@href])[${i}]</arg>
<doc>Returns the text value of the element identified by ``locator``.</doc>
<msg timestamp="20230825 01:41:04.852" level="INFO">${textlink} = TY_Research 186 大氣 ◎9/3 天氣迷聚會請見置底 持續更新</msg>
<status status="PASS" starttime="20230825 01:41:04.824" endtime="20230825 01:41:04.852"/>
</kw>
<kw name="Log To Console" library="BuiltIn">
<arg>${textlink}</arg>
<doc>Logs the given message to the console.</doc>
<status status="PASS" starttime="20230825 01:41:04.852" endtime="20230825 01:41:04.852"/>
</kw>
<status status="PASS" starttime="20230825 01:41:04.824" endtime="20230825 01:41:04.852"/>
</iter>
<iter>
<var name="${i}">39</var>
<kw name="Get Text" library="SeleniumLibrary">
<var>${textlink}</var>
<arg>xpath:(//a[@href])[${i}]</arg>
<doc>Returns the text value of the element identified by ``locator``.</doc>
<msg timestamp="20230825 01:41:04.879" level="INFO">${textlink} = Marginalman 181 心情 ◎[邊緣] 這裡是婚姻板</msg>
<status status="PASS" starttime="20230825 01:41:04.853" endtime="20230825 01:41:04.879"/>
</kw>
<kw name="Log To Console" library="BuiltIn">
<arg>${textlink}</arg>
<doc>Logs the given message to the console.</doc>
<status status="PASS" starttime="20230825 01:41:04.879" endtime="20230825 01:41:04.880"/>
</kw>
<status status="PASS" starttime="20230825 01:41:04.852" endtime="20230825 01:41:04.880"/>
</iter>
<iter>
<var name="${i}">40</var>
<kw name="Get Text" library="SeleniumLibrary">
<var>${textlink}</var>
<arg>xpath:(//a[@href])[${i}]</arg>
<doc>Returns the text value of the element identified by ``locator``.</doc>
<msg timestamp="20230825 01:41:04.905" level="INFO">${textlink} = Tainan 171 台南 ◎[台南]防治登革熱-巡、清、倒、刷</msg>
<status status="PASS" starttime="20230825 01:41:04.880" endtime="20230825 01:41:04.905"/>
</kw>
<kw name="Log To Console" library="BuiltIn">
<arg>${textlink}</arg>
<doc>Logs the given message to the console.</doc>
<status status="PASS" starttime="20230825 01:41:04.905" endtime="20230825 01:41:04.906"/>
</kw>
<status status="PASS" starttime="20230825 01:41:04.880" endtime="20230825 01:41:04.906"/>
</iter>
<iter>
<var name="${i}">41</var>
<kw name="Get Text" library="SeleniumLibrary">
<var>${textlink}</var>
<arg>xpath:(//a[@href])[${i}]</arg>
<doc>Returns the text value of the element identified by ``locator``.</doc>
<msg timestamp="20230825 01:41:04.932" level="INFO">${textlink} = Japandrama 165 日劇 ◎[日劇] 木22 多部未華子</msg>
<status status="PASS" starttime="20230825 01:41:04.906" endtime="20230825 01:41:04.932"/>
</kw>
<kw name="Log To Console" library="BuiltIn">
<arg>${textlink}</arg>
<doc>Logs the given message to the console.</doc>
<status status="PASS" starttime="20230825 01:41:04.932" endtime="20230825 01:41:04.933"/>
</kw>
<status status="PASS" starttime="20230825 01:41:04.906" endtime="20230825 01:41:04.933"/>
</iter>
<iter>
<var name="${i}">42</var>
<kw name="Get Text" library="SeleniumLibrary">
<var>${textlink}</var>
<arg>xpath:(//a[@href])[${i}]</arg>
<doc>Returns the text value of the element identified by ``locator``.</doc>
<msg timestamp="20230825 01:41:04.962" level="INFO">${textlink} = TaichungBun 161 台中 ◎[台中] 節約用水</msg>
<status status="PASS" starttime="20230825 01:41:04.933" endtime="20230825 01:41:04.962"/>
</kw>
<kw name="Log To Console" library="BuiltIn">
<arg>${textlink}</arg>
<doc>Logs the given message to the console.</doc>
<status status="PASS" starttime="20230825 01:41:04.962" endtime="20230825 01:41:04.963"/>
</kw>
<status status="PASS" starttime="20230825 01:41:04.933" endtime="20230825 01:41:04.963"/>
</iter>
<iter>
<var name="${i}">43</var>
<kw name="Get Text" library="SeleniumLibrary">
<var>${textlink}</var>
<arg>xpath:(//a[@href])[${i}]</arg>
<doc>Returns the text value of the element identified by ``locator``.</doc>
<msg timestamp="20230825 01:41:04.988" level="INFO">${textlink} = Kaohsiung 159 高雄 ◎ ~喵嗨囉~歡迎來到高雄板~</msg>
<status status="PASS" starttime="20230825 01:41:04.963" endtime="20230825 01:41:04.988"/>
</kw>
<kw name="Log To Console" library="BuiltIn">
<arg>${textlink}</arg>
<doc>Logs the given message to the console.</doc>
<status status="PASS" starttime="20230825 01:41:04.988" endtime="20230825 01:41:04.989"/>
</kw>
<status status="PASS" starttime="20230825 01:41:04.963" endtime="20230825 01:41:04.989"/>
</iter>
<iter>
<var name="${i}">44</var>
<kw name="Get Text" library="SeleniumLibrary">
<var>${textlink}</var>
<arg>xpath:(//a[@href])[${i}]</arg>
<doc>Returns the text value of the element identified by ``locator``.</doc>
<msg timestamp="20230825 01:41:05.018" level="INFO">${textlink} = BaseballXXXX 149 ４Ｘ ◎[四叉] 大王角落</msg>
<status status="PASS" starttime="20230825 01:41:04.989" endtime="20230825 01:41:05.018"/>
</kw>
<kw name="Log To Console" library="BuiltIn">
<arg>${textlink}</arg>
<doc>Logs the given message to the console.</doc>
<status status="PASS" starttime="20230825 01:41:05.019" endtime="20230825 01:41:05.020"/>
</kw>
<status status="PASS" starttime="20230825 01:41:04.989" endtime="20230825 01:41:05.020"/>
</iter>
<iter>
<var name="${i}">45</var>
<kw name="Get Text" library="SeleniumLibrary">
<var>${textlink}</var>
<arg>xpath:(//a[@href])[${i}]</arg>
<doc>Returns the text value of the element identified by ``locator``.</doc>
<msg timestamp="20230825 01:41:05.054" level="INFO">${textlink} = Elephants 149 CPBL ◎[兄弟] Thank you 福來喜</msg>
<status status="PASS" starttime="20230825 01:41:05.021" endtime="20230825 01:41:05.054"/>
</kw>
<kw name="Log To Console" library="BuiltIn">
<arg>${textlink}</arg>
<doc>Logs the given message to the console.</doc>
<status status="PASS" starttime="20230825 01:41:05.054" endtime="20230825 01:41:05.055"/>
</kw>
<status status="PASS" starttime="20230825 01:41:05.021" endtime="20230825 01:41:05.055"/>
</iter>
<iter>
<var name="${i}">46</var>
<kw name="Get Text" library="SeleniumLibrary">
<var>${textlink}</var>
<arg>xpath:(//a[@href])[${i}]</arg>
<doc>Returns the text value of the element identified by ``locator``.</doc>
<msg timestamp="20230825 01:41:05.084" level="INFO">${textlink} = marvel 149 生二 ◎[媽佛] 看marvel四周就不熱了喔!!</msg>
<status status="PASS" starttime="20230825 01:41:05.055" endtime="20230825 01:41:05.084"/>
</kw>
<kw name="Log To Console" library="BuiltIn">
<arg>${textlink}</arg>
<doc>Logs the given message to the console.</doc>
<status status="PASS" starttime="20230825 01:41:05.085" endtime="20230825 01:41:05.085"/>
</kw>
<status status="PASS" starttime="20230825 01:41:05.055" endtime="20230825 01:41:05.085"/>
</iter>
<iter>
<var name="${i}">47</var>
<kw name="Get Text" library="SeleniumLibrary">
<var>${textlink}</var>
<arg>xpath:(//a[@href])[${i}]</arg>
<doc>Returns the text value of the element identified by ``locator``.</doc>
<msg timestamp="20230825 01:41:05.110" level="INFO">${textlink} = CFantasy 145 玄幻 ◎[玄幻] 玄幻小說板</msg>
<status status="PASS" starttime="20230825 01:41:05.085" endtime="20230825 01:41:05.110"/>
</kw>
<kw name="Log To Console" library="BuiltIn">
<arg>${textlink}</arg>
<doc>Logs the given message to the console.</doc>
<status status="PASS" starttime="20230825 01:41:05.111" endtime="20230825 01:41:05.111"/>
</kw>
<status status="PASS" starttime="20230825 01:41:05.085" endtime="20230825 01:41:05.112"/>
</iter>
<iter>
<var name="${i}">48</var>
<kw name="Get Text" library="SeleniumLibrary">
<var>${textlink}</var>
<arg>xpath:(//a[@href])[${i}]</arg>
<doc>Returns the text value of the element identified by ``locator``.</doc>
<msg timestamp="20230825 01:41:05.139" level="INFO">${textlink} = AC_In 142 閒談 ◎[裏洽] 勤洗手</msg>
<status status="PASS" starttime="20230825 01:41:05.112" endtime="20230825 01:41:05.139"/>
</kw>
<kw name="Log To Console" library="BuiltIn">
<arg>${textlink}</arg>
<doc>Logs the given message to the console.</doc>
<status status="PASS" starttime="20230825 01:41:05.139" endtime="20230825 01:41:05.140"/>
</kw>
<status status="PASS" starttime="20230825 01:41:05.112" endtime="20230825 01:41:05.140"/>
</iter>
<iter>
<var name="${i}">49</var>
<kw name="Get Text" library="SeleniumLibrary">
<var>${textlink}</var>
<arg>xpath:(//a[@href])[${i}]</arg>
<doc>Returns the text value of the element identified by ``locator``.</doc>
<msg timestamp="20230825 01:41:05.182" level="INFO">${textlink} = marriage 141 婚姻 ◎[婚姻] 歡迎光臨婚姻板</msg>
<status status="PASS" starttime="20230825 01:41:05.141" endtime="20230825 01:41:05.182"/>
</kw>
<kw name="Log To Console" library="BuiltIn">
<arg>${textlink}</arg>
<doc>Logs the given message to the console.</doc>
<status status="PASS" starttime="20230825 01:41:05.182" endtime="20230825 01:41:05.183"/>
</kw>
<status status="PASS" starttime="20230825 01:41:05.140" endtime="20230825 01:41:05.183"/>
</iter>
<iter>
<var name="${i}">50</var>
<kw name="Get Text" library="SeleniumLibrary">
<var>${textlink}</var>
<arg>xpath:(//a[@href])[${i}]</arg>
<doc>Returns the text value of the element identified by ``locator``.</doc>
<msg timestamp="20230825 01:41:05.211" level="INFO">${textlink} = NSwitch 134 主機 ◎[NS] 超級瑪利歐兄弟 驚奇 10/20</msg>
<status status="PASS" starttime="20230825 01:41:05.184" endtime="20230825 01:41:05.211"/>
</kw>
<kw name="Log To Console" library="BuiltIn">
<arg>${textlink}</arg>
<doc>Logs the given message to the console.</doc>
<status status="PASS" starttime="20230825 01:41:05.211" endtime="20230825 01:41:05.212"/>
</kw>
<status status="PASS" starttime="20230825 01:41:05.183" endtime="20230825 01:41:05.212"/>
</iter>
<iter>
<var name="${i}">51</var>
<kw name="Get Text" library="SeleniumLibrary">
<var>${textlink}</var>
<arg>xpath:(//a[@href])[${i}]</arg>
<doc>Returns the text value of the element identified by ``locator``.</doc>
<msg timestamp="20230825 01:41:05.235" level="INFO">${textlink} = Lions 133 CPBL ◎ 狂賀統一7-ELEVEn獅上半季冠軍</msg>
<status status="PASS" starttime="20230825 01:41:05.212" endtime="20230825 01:41:05.235"/>
</kw>
<kw name="Log To Console" library="BuiltIn">
<arg>${textlink}</arg>
<doc>Logs the given message to the console.</doc>
<status status="PASS" starttime="20230825 01:41:05.235" endtime="20230825 01:41:05.236"/>
</kw>
<status status="PASS" starttime="20230825 01:41:05.212" endtime="20230825 01:41:05.236"/>
</iter>
<iter>
<var name="${i}">52</var>
<kw name="Get Text" library="SeleniumLibrary">
<var>${textlink}</var>
<arg>xpath:(//a[@href])[${i}]</arg>
<doc>Returns the text value of the element identified by ``locator``.</doc>
<msg timestamp="20230825 01:41:05.261" level="INFO">${textlink} = HardwareSale 126 買賣 ◎[硬交] 販售文請附實體照</msg>
<status status="PASS" starttime="20230825 01:41:05.236" endtime="20230825 01:41:05.261"/>
</kw>
<kw name="Log To Console" library="BuiltIn">
<arg>${textlink}</arg>
<doc>Logs the given message to the console.</doc>
<status status="PASS" starttime="20230825 01:41:05.261" endtime="20230825 01:41:05.262"/>
</kw>
<status status="PASS" starttime="20230825 01:41:05.236" endtime="20230825 01:41:05.262"/>
</iter>
<iter>
<var name="${i}">53</var>
<kw name="Get Text" library="SeleniumLibrary">
<var>${textlink}</var>
<arg>xpath:(//a[@href])[${i}]</arg>
<doc>Returns the text value of the element identified by ``locator``.</doc>
<msg timestamp="20230825 01:41:05.286" level="INFO">${textlink} = miHoYo 123 米哈 ◎[米哈遊] 芙芙大白腿真香</msg>
<status status="PASS" starttime="20230825 01:41:05.262" endtime="20230825 01:41:05.286"/>
</kw>
<kw name="Log To Console" library="BuiltIn">
<arg>${textlink}</arg>
<doc>Logs the given message to the console.</doc>
<status status="PASS" starttime="20230825 01:41:05.286" endtime="20230825 01:41:05.287"/>
</kw>
<status status="PASS" starttime="20230825 01:41:05.262" endtime="20230825 01:41:05.287"/>
</iter>
<iter>
<var name="${i}">54</var>
<kw name="Get Text" library="SeleniumLibrary">
<var>${textlink}</var>
<arg>xpath:(//a[@href])[${i}]</arg>
<doc>Returns the text value of the element identified by ``locator``.</doc>
<msg timestamp="20230825 01:41:05.311" level="INFO">${textlink} = CVS 122 資訊 ◎[CVS] 沙漠綠洲-便利商店</msg>
<status status="PASS" starttime="20230825 01:41:05.287" endtime="20230825 01:41:05.311"/>
</kw>
<kw name="Log To Console" library="BuiltIn">
<arg>${textlink}</arg>
<doc>Logs the given message to the console.</doc>
<status status="PASS" starttime="20230825 01:41:05.311" endtime="20230825 01:41:05.312"/>
</kw>
<status status="PASS" starttime="20230825 01:41:05.287" endtime="20230825 01:41:05.312"/>
</iter>
<iter>
<var name="${i}">55</var>
<kw name="Get Text" library="SeleniumLibrary">
<var>${textlink}</var>
<arg>xpath:(//a[@href])[${i}]</arg>
<doc>Returns the text value of the element identified by ``locator``.</doc>
<msg timestamp="20230825 01:41:05.338" level="INFO">${textlink} = e-shopping 122 網購 ◎[ＥＳ] 注意板規 遠離水桶</msg>
<status status="PASS" starttime="20230825 01:41:05.312" endtime="20230825 01:41:05.338"/>
</kw>
<kw name="Log To Console" library="BuiltIn">
<arg>${textlink}</arg>
<doc>Logs the given message to the console.</doc>
<status status="PASS" starttime="20230825 01:41:05.338" endtime="20230825 01:41:05.338"/>
</kw>
<status status="PASS" starttime="20230825 01:41:05.312" endtime="20230825 01:41:05.338"/>
</iter>
<iter>
<var name="${i}">56</var>
<kw name="Get Text" library="SeleniumLibrary">
<var>${textlink}</var>
<arg>xpath:(//a[@href])[${i}]</arg>
<doc>Returns the text value of the element identified by ``locator``.</doc>
<msg timestamp="20230825 01:41:05.364" level="INFO">${textlink} = biker 121 車車 ◎[機車]出門注意安全</msg>
<status status="PASS" starttime="20230825 01:41:05.339" endtime="20230825 01:41:05.364"/>
</kw>
<kw name="Log To Console" library="BuiltIn">
<arg>${textlink}</arg>
<doc>Logs the given message to the console.</doc>
<status status="PASS" starttime="20230825 01:41:05.364" endtime="20230825 01:41:05.364"/>
</kw>
<status status="PASS" starttime="20230825 01:41:05.338" endtime="20230825 01:41:05.364"/>
</iter>
<iter>
<var name="${i}">57</var>
<kw name="Get Text" library="SeleniumLibrary">
<var>${textlink}</var>
<arg>xpath:(//a[@href])[${i}]</arg>
<doc>Returns the text value of the element identified by ``locator``.</doc>
<msg timestamp="20230825 01:41:05.389" level="INFO">${textlink} = iOS 120 系統 ◎[iOS] 臺灣時間 9/13 01:00am</msg>
<status status="PASS" starttime="20230825 01:41:05.365" endtime="20230825 01:41:05.389"/>
</kw>
<kw name="Log To Console" library="BuiltIn">
<arg>${textlink}</arg>
<doc>Logs the given message to the console.</doc>
<status status="PASS" starttime="20230825 01:41:05.389" endtime="20230825 01:41:05.389"/>
</kw>
<status status="PASS" starttime="20230825 01:41:05.364" endtime="20230825 01:41:05.389"/>
</iter>
<iter>
<var name="${i}">58</var>
<kw name="Get Text" library="SeleniumLibrary">
<var>${textlink}</var>
<arg>xpath:(//a[@href])[${i}]</arg>
<doc>Returns the text value of the element identified by ``locator``.</doc>
<msg timestamp="20230825 01:41:05.414" level="INFO">${textlink} = joke 117 娛樂 ◎[就可] R.I.P Balltze QQ</msg>
<status status="PASS" starttime="20230825 01:41:05.390" endtime="20230825 01:41:05.414"/>
</kw>
<kw name="Log To Console" library="BuiltIn">
<arg>${textlink}</arg>
<doc>Logs the given message to the console.</doc>
<status status="PASS" starttime="20230825 01:41:05.414" endtime="20230825 01:41:05.414"/>
</kw>
<status status="PASS" starttime="20230825 01:41:05.389" endtime="20230825 01:41:05.415"/>
</iter>
<iter>
<var name="${i}">59</var>
<kw name="Get Text" library="SeleniumLibrary">
<var>${textlink}</var>
<arg>xpath:(//a[@href])[${i}]</arg>
<doc>Returns the text value of the element identified by ``locator``.</doc>
<msg timestamp="20230825 01:41:05.440" level="INFO">${textlink} = China-Drama 114 中劇 ◎[中劇] 暑假快過完了，誰沒上劇？</msg>
<status status="PASS" starttime="20230825 01:41:05.415" endtime="20230825 01:41:05.440"/>
</kw>
<kw name="Log To Console" library="BuiltIn">
<arg>${textlink}</arg>
<doc>Logs the given message to the console.</doc>
<status status="PASS" starttime="20230825 01:41:05.440" endtime="20230825 01:41:05.440"/>
</kw>
<status status="PASS" starttime="20230825 01:41:05.415" endtime="20230825 01:41:05.440"/>
</iter>
<iter>
<var name="${i}">60</var>
<kw name="Get Text" library="SeleniumLibrary">
<var>${textlink}</var>
<arg>xpath:(//a[@href])[${i}]</arg>
<doc>Returns the text value of the element identified by ``locator``.</doc>
<msg timestamp="20230825 01:41:05.466" level="INFO">${textlink} = DIABLO 102 線上 ◎[暗黑] BZ:しゃかいじあ真材實料!</msg>
<status status="PASS" starttime="20230825 01:41:05.441" endtime="20230825 01:41:05.466"/>
</kw>
<kw name="Log To Console" library="BuiltIn">
<arg>${textlink}</arg>
<doc>Logs the given message to the console.</doc>
<status status="PASS" starttime="20230825 01:41:05.466" endtime="20230825 01:41:05.466"/>
</kw>
<status status="PASS" starttime="20230825 01:41:05.441" endtime="20230825 01:41:05.467"/>
</iter>
<iter>
<var name="${i}">61</var>
<kw name="Get Text" library="SeleniumLibrary">
<var>${textlink}</var>
<arg>xpath:(//a[@href])[${i}]</arg>
<doc>Returns the text value of the element identified by ``locator``.</doc>
<msg timestamp="20230825 01:41:05.492" level="INFO">${textlink} = MuscleBeach 92 美體 ◎[健身] 發文前請務必詳閱板規</msg>
<status status="PASS" starttime="20230825 01:41:05.467" endtime="20230825 01:41:05.492"/>
</kw>
<kw name="Log To Console" library="BuiltIn">
<arg>${textlink}</arg>
<doc>Logs the given message to the console.</doc>
<status status="PASS" starttime="20230825 01:41:05.492" endtime="20230825 01:41:05.492"/>
</kw>
<status status="PASS" starttime="20230825 01:41:05.467" endtime="20230825 01:41:05.492"/>
</iter>
<iter>
<var name="${i}">62</var>
<kw name="Get Text" library="SeleniumLibrary">
<var>${textlink}</var>
<arg>xpath:(//a[@href])[${i}]</arg>
<doc>Returns the text value of the element identified by ``locator``.</doc>
<msg timestamp="20230825 01:41:05.518" level="INFO">${textlink} = mobilesales 84 資訊 ◎[Mobile] 板規不看，水桶就來</msg>
<status status="PASS" starttime="20230825 01:41:05.493" endtime="20230825 01:41:05.518"/>
</kw>
<kw name="Log To Console" library="BuiltIn">
<arg>${textlink}</arg>
<doc>Logs the given message to the console.</doc>
<status status="PASS" starttime="20230825 01:41:05.519" endtime="20230825 01:41:05.519"/>
</kw>
<status status="PASS" starttime="20230825 01:41:05.493" endtime="20230825 01:41:05.520"/>
</iter>
<iter>
<var name="${i}">63</var>
<kw name="Get Text" library="SeleniumLibrary">
<var>${textlink}</var>
<arg>xpath:(//a[@href])[${i}]</arg>
<doc>Returns the text value of the element identified by ``locator``.</doc>
<msg timestamp="20230825 01:41:05.543" level="INFO">${textlink} = MacShop 84 資訊 ◎[麥蝦] 發文前詳閱板規,違者嚴懲</msg>
<status status="PASS" starttime="20230825 01:41:05.520" endtime="20230825 01:41:05.543"/>
</kw>
<kw name="Log To Console" library="BuiltIn">
<arg>${textlink}</arg>
<doc>Logs the given message to the console.</doc>
<status status="PASS" starttime="20230825 01:41:05.543" endtime="20230825 01:41:05.544"/>
</kw>
<status status="PASS" starttime="20230825 01:41:05.520" endtime="20230825 01:41:05.544"/>
</iter>
<iter>
<var name="${i}">64</var>
<kw name="Get Text" library="SeleniumLibrary">
<var>${textlink}</var>
<arg>xpath:(//a[@href])[${i}]</arg>
<doc>Returns the text value of the element identified by ``locator``.</doc>
<msg timestamp="20230825 01:41:05.569" level="INFO">${textlink} = Hsinchu 82 新竹 ◎[新竹] 票券點數會員置底</msg>
<status status="PASS" starttime="20230825 01:41:05.544" endtime="20230825 01:41:05.569"/>
</kw>
<kw name="Log To Console" library="BuiltIn">
<arg>${textlink}</arg>
<doc>Logs the given message to the console.</doc>
<status status="PASS" starttime="20230825 01:41:05.569" endtime="20230825 01:41:05.570"/>
</kw>
<status status="PASS" starttime="20230825 01:41:05.544" endtime="20230825 01:41:05.570"/>
</iter>
<iter>
<var name="${i}">65</var>
<kw name="Get Text" library="SeleniumLibrary">
<var>${textlink}</var>
<arg>xpath:(//a[@href])[${i}]</arg>
<doc>Returns the text value of the element identified by ``locator``.</doc>
<msg timestamp="20230825 01:41:05.594" level="INFO">${textlink} = BeautySalon 82 美容 ◎[美保]</msg>
<status status="PASS" starttime="20230825 01:41:05.570" endtime="20230825 01:41:05.595"/>
</kw>
<kw name="Log To Console" library="BuiltIn">
<arg>${textlink}</arg>
<doc>Logs the given message to the console.</doc>
<status status="PASS" starttime="20230825 01:41:05.595" endtime="20230825 01:41:05.596"/>
</kw>
<status status="PASS" starttime="20230825 01:41:05.570" endtime="20230825 01:41:05.596"/>
</iter>
<iter>
<var name="${i}">66</var>
<kw name="Get Text" library="SeleniumLibrary">
<var>${textlink}</var>
<arg>xpath:(//a[@href])[${i}]</arg>
<doc>Returns the text value of the element identified by ``locator``.</doc>
<msg timestamp="20230825 01:41:05.620" level="INFO">${textlink} = EAseries 81 歐美 ◎[EA] 歐美影集版</msg>
<status status="PASS" starttime="20230825 01:41:05.596" endtime="20230825 01:41:05.620"/>
</kw>
<kw name="Log To Console" library="BuiltIn">
<arg>${textlink}</arg>
<doc>Logs the given message to the console.</doc>
<status status="PASS" starttime="20230825 01:41:05.620" endtime="20230825 01:41:05.621"/>
</kw>
<status status="PASS" starttime="20230825 01:41:05.596" endtime="20230825 01:41:05.621"/>
</iter>
<iter>
<var name="${i}">67</var>
<kw name="Get Text" library="SeleniumLibrary">
<var>${textlink}</var>
<arg>xpath:(//a[@href])[${i}]</arg>
<doc>Returns the text value of the element identified by ``locator``.</doc>
<msg timestamp="20230825 01:41:05.648" level="INFO">${textlink} = watch 79 購一 ◎[錶板] Show me your Watch!</msg>
<status status="PASS" starttime="20230825 01:41:05.621" endtime="20230825 01:41:05.648"/>
</kw>
<kw name="Log To Console" library="BuiltIn">
<arg>${textlink}</arg>
<doc>Logs the given message to the console.</doc>
<status status="PASS" starttime="20230825 01:41:05.648" endtime="20230825 01:41:05.649"/>
</kw>
<status status="PASS" starttime="20230825 01:41:05.621" endtime="20230825 01:41:05.649"/>
</iter>
<iter>
<var name="${i}">68</var>
<kw name="Get Text" library="SeleniumLibrary">
<var>${textlink}</var>
<arg>xpath:(//a[@href])[${i}]</arg>
<doc>Returns the text value of the element identified by ``locator``.</doc>
<msg timestamp="20230825 01:41:05.673" level="INFO">${textlink} = Gamesale 74 綜合 ◎[GS] 遊戲交易板</msg>
<status status="PASS" starttime="20230825 01:41:05.649" endtime="20230825 01:41:05.673"/>
</kw>
<kw name="Log To Console" library="BuiltIn">
<arg>${textlink}</arg>
<doc>Logs the given message to the console.</doc>
<status status="PASS" starttime="20230825 01:41:05.673" endtime="20230825 01:41:05.674"/>
</kw>
<status status="PASS" starttime="20230825 01:41:05.649" endtime="20230825 01:41:05.674"/>
</iter>
<iter>
<var name="${i}">69</var>
<kw name="Get Text" library="SeleniumLibrary">
<var>${textlink}</var>
<arg>xpath:(//a[@href])[${i}]</arg>
<doc>Returns the text value of the element identified by ``locator``.</doc>
<msg timestamp="20230825 01:41:05.700" level="INFO">${textlink} = CarShop 74 買賣 ◎[汽車買賣] 看【置底公告】再發文</msg>
<status status="PASS" starttime="20230825 01:41:05.674" endtime="20230825 01:41:05.700"/>
</kw>
<kw name="Log To Console" library="BuiltIn">
<arg>${textlink}</arg>
<doc>Logs the given message to the console.</doc>
<status status="PASS" starttime="20230825 01:41:05.700" endtime="20230825 01:41:05.701"/>
</kw>
<status status="PASS" starttime="20230825 01:41:05.674" endtime="20230825 01:41:05.701"/>
</iter>
<iter>
<var name="${i}">70</var>
<kw name="Get Text" library="SeleniumLibrary">
<var>${textlink}</var>
<arg>xpath:(//a[@href])[${i}]</arg>
<doc>Returns the text value of the element identified by ``locator``.</doc>
<msg timestamp="20230825 01:41:05.728" level="INFO">${textlink} = MakeUp 74 美容 ◎[美妝]</msg>
<status status="PASS" starttime="20230825 01:41:05.701" endtime="20230825 01:41:05.728"/>
</kw>
<kw name="Log To Console" library="BuiltIn">
<arg>${textlink}</arg>
<doc>Logs the given message to the console.</doc>
<status status="PASS" starttime="20230825 01:41:05.728" endtime="20230825 01:41:05.729"/>
</kw>
<status status="PASS" starttime="20230825 01:41:05.701" endtime="20230825 01:41:05.729"/>
</iter>
<iter>
<var name="${i}">71</var>
<kw name="Get Text" library="SeleniumLibrary">
<var>${textlink}</var>
<arg>xpath:(//a[@href])[${i}]</arg>
<doc>Returns the text value of the element identified by ``locator``.</doc>
<msg timestamp="20230825 01:41:05.753" level="INFO">${textlink} = Tennis 71 網球 ◎[網球] Alcaraz #2 &amp; Vondrousova #1</msg>
<status status="PASS" starttime="20230825 01:41:05.729" endtime="20230825 01:41:05.753"/>
</kw>
<kw name="Log To Console" library="BuiltIn">
<arg>${textlink}</arg>
<doc>Logs the given message to the console.</doc>
<status status="PASS" starttime="20230825 01:41:05.753" endtime="20230825 01:41:05.753"/>
</kw>
<status status="PASS" starttime="20230825 01:41:05.729" endtime="20230825 01:41:05.753"/>
</iter>
<iter>
<var name="${i}">72</var>
<kw name="Get Text" library="SeleniumLibrary">
<var>${textlink}</var>
<arg>xpath:(//a[@href])[${i}]</arg>
<doc>Returns the text value of the element identified by ``locator``.</doc>
<msg timestamp="20230825 01:41:05.779" level="INFO">${textlink} = Option 70 學術 ◎[期權] 手續費洽broker板</msg>
<status status="PASS" starttime="20230825 01:41:05.754" endtime="20230825 01:41:05.779"/>
</kw>
<kw name="Log To Console" library="BuiltIn">
<arg>${textlink}</arg>
<doc>Logs the given message to the console.</doc>
<status status="PASS" starttime="20230825 01:41:05.779" endtime="20230825 01:41:05.779"/>
</kw>
<status status="PASS" starttime="20230825 01:41:05.753" endtime="20230825 01:41:05.780"/>
</iter>
<iter>
<var name="${i}">73</var>
<kw name="Get Text" library="SeleniumLibrary">
<var>${textlink}</var>
<arg>xpath:(//a[@href])[${i}]</arg>
<doc>Returns the text value of the element identified by ``locator``.</doc>
<msg timestamp="20230825 01:41:05.805" level="INFO">${textlink} = ONE_PIECE 70 日本 ◎[海賊王] 1090 《大將黃猿》</msg>
<status status="PASS" starttime="20230825 01:41:05.780" endtime="20230825 01:41:05.805"/>
</kw>
<kw name="Log To Console" library="BuiltIn">
<arg>${textlink}</arg>
<doc>Logs the given message to the console.</doc>
<status status="PASS" starttime="20230825 01:41:05.805" endtime="20230825 01:41:05.806"/>
</kw>
<status status="PASS" starttime="20230825 01:41:05.780" endtime="20230825 01:41:05.806"/>
</iter>
<iter>
<var name="${i}">74</var>
<kw name="Get Text" library="SeleniumLibrary">
<var>${textlink}</var>
<arg>xpath:(//a[@href])[${i}]</arg>
<doc>Returns the text value of the element identified by ``locator``.</doc>
<msg timestamp="20230825 01:41:05.831" level="INFO">${textlink} = YuanChuang 66 原創 ◎[原創] 八月徵文 詳見置底</msg>
<status status="PASS" starttime="20230825 01:41:05.806" endtime="20230825 01:41:05.831"/>
</kw>
<kw name="Log To Console" library="BuiltIn">
<arg>${textlink}</arg>
<doc>Logs the given message to the console.</doc>
<status status="PASS" starttime="20230825 01:41:05.831" endtime="20230825 01:41:05.832"/>
</kw>
<status status="PASS" starttime="20230825 01:41:05.806" endtime="20230825 01:41:05.832"/>
</iter>
<iter>
<var name="${i}">75</var>
<kw name="Get Text" library="SeleniumLibrary">
<var>${textlink}</var>
<arg>xpath:(//a[@href])[${i}]</arg>
<doc>Returns the text value of the element identified by ``locator``.</doc>
<msg timestamp="20230825 01:41:05.858" level="INFO">${textlink} = Hearthstone 64 線上 ◎[爐石] 《泰坦傳說》</msg>
<status status="PASS" starttime="20230825 01:41:05.832" endtime="20230825 01:41:05.858"/>
</kw>
<kw name="Log To Console" library="BuiltIn">
<arg>${textlink}</arg>
<doc>Logs the given message to the console.</doc>
<status status="PASS" starttime="20230825 01:41:05.858" endtime="20230825 01:41:05.858"/>
</kw>
<status status="PASS" starttime="20230825 01:41:05.832" endtime="20230825 01:41:05.859"/>
</iter>
<iter>
<var name="${i}">76</var>
<kw name="Get Text" library="SeleniumLibrary">
<var>${textlink}</var>
<arg>xpath:(//a[@href])[${i}]</arg>
<doc>Returns the text value of the element identified by ``locator``.</doc>
<msg timestamp="20230825 01:41:05.886" level="INFO">${textlink} = E-appliance 64 資訊 ◎[家電] 發文請照規定發文</msg>
<status status="PASS" starttime="20230825 01:41:05.859" endtime="20230825 01:41:05.886"/>
</kw>
<kw name="Log To Console" library="BuiltIn">
<arg>${textlink}</arg>
<doc>Logs the given message to the console.</doc>
<status status="PASS" starttime="20230825 01:41:05.887" endtime="20230825 01:41:05.887"/>
</kw>
<status status="PASS" starttime="20230825 01:41:05.859" endtime="20230825 01:41:05.887"/>
</iter>
<iter>
<var name="${i}">77</var>
<kw name="Get Text" library="SeleniumLibrary">
<var>${textlink}</var>
<arg>xpath:(//a[@href])[${i}]</arg>
<doc>Returns the text value of the element identified by ``locator``.</doc>
<msg timestamp="20230825 01:41:05.913" level="INFO">${textlink} = DSLR 62 攝影 ◎[攝影] 2023</msg>
<status status="PASS" starttime="20230825 01:41:05.887" endtime="20230825 01:41:05.913"/>
</kw>
<kw name="Log To Console" library="BuiltIn">
<arg>${textlink}</arg>
<doc>Logs the given message to the console.</doc>
<status status="PASS" starttime="20230825 01:41:05.913" endtime="20230825 01:41:05.914"/>
</kw>
<status status="PASS" starttime="20230825 01:41:05.887" endtime="20230825 01:41:05.914"/>
</iter>
<iter>
<var name="${i}">78</var>
<kw name="Get Text" library="SeleniumLibrary">
<var>${textlink}</var>
<arg>xpath:(//a[@href])[${i}]</arg>
<doc>Returns the text value of the element identified by ``locator``.</doc>
<msg timestamp="20230825 01:41:05.940" level="INFO">${textlink} = MLB 62 #MLB ◎2023 球季正式開始</msg>
<status status="PASS" starttime="20230825 01:41:05.914" endtime="20230825 01:41:05.940"/>
</kw>
<kw name="Log To Console" library="BuiltIn">
<arg>${textlink}</arg>
<doc>Logs the given message to the console.</doc>
<status status="PASS" starttime="20230825 01:41:05.940" endtime="20230825 01:41:05.940"/>
</kw>
<status status="PASS" starttime="20230825 01:41:05.914" endtime="20230825 01:41:05.941"/>
</iter>
<iter>
<var name="${i}">79</var>
<kw name="Get Text" library="SeleniumLibrary">
<var>${textlink}</var>
<arg>xpath:(//a[@href])[${i}]</arg>
<doc>Returns the text value of the element identified by ``locator``.</doc>
<msg timestamp="20230825 01:41:05.967" level="INFO">${textlink} = Bank_Service 61 銀行 ◎[銀行服務板] 發文滿50字三行</msg>
<status status="PASS" starttime="20230825 01:41:05.941" endtime="20230825 01:41:05.967"/>
</kw>
<kw name="Log To Console" library="BuiltIn">
<arg>${textlink}</arg>
<doc>Logs the given message to the console.</doc>
<status status="PASS" starttime="20230825 01:41:05.967" endtime="20230825 01:41:05.968"/>
</kw>
<status status="PASS" starttime="20230825 01:41:05.941" endtime="20230825 01:41:05.968"/>
</iter>
<iter>
<var name="${i}">80</var>
<kw name="Get Text" library="SeleniumLibrary">
<var>${textlink}</var>
<arg>xpath:(//a[@href])[${i}]</arg>
<doc>Returns the text value of the element identified by ``locator``.</doc>
<msg timestamp="20230825 01:41:05.994" level="INFO">${textlink} = ToS 60 轉珠 ◎[星爆] 死槍戰慄</msg>
<status status="PASS" starttime="20230825 01:41:05.968" endtime="20230825 01:41:05.994"/>
</kw>
<kw name="Log To Console" library="BuiltIn">
<arg>${textlink}</arg>
<doc>Logs the given message to the console.</doc>
<status status="PASS" starttime="20230825 01:41:05.994" endtime="20230825 01:41:05.994"/>
</kw>
<status status="PASS" starttime="20230825 01:41:05.968" endtime="20230825 01:41:05.995"/>
</iter>
<iter>
<var name="${i}">81</var>
<kw name="Get Text" library="SeleniumLibrary">
<var>${textlink}</var>
<arg>xpath:(//a[@href])[${i}]</arg>
<doc>Returns the text value of the element identified by ``locator``.</doc>
<msg timestamp="20230825 01:41:06.022" level="INFO">${textlink} = Salary 60 職場 ◎[職場] 工作職場板</msg>
<status status="PASS" starttime="20230825 01:41:05.995" endtime="20230825 01:41:06.022"/>
</kw>
<kw name="Log To Console" library="BuiltIn">
<arg>${textlink}</arg>
<doc>Logs the given message to the console.</doc>
<status status="PASS" starttime="20230825 01:41:06.022" endtime="20230825 01:41:06.023"/>
</kw>
<status status="PASS" starttime="20230825 01:41:05.995" endtime="20230825 01:41:06.023"/>
</iter>
<iter>
<var name="${i}">82</var>
<kw name="Get Text" library="SeleniumLibrary">
<var>${textlink}</var>
<arg>xpath:(//a[@href])[${i}]</arg>
<doc>Returns the text value of the element identified by ``locator``.</doc>
<msg timestamp="20230825 01:41:06.049" level="INFO">${textlink} = PathofExile 60 線上 ◎[PoE] 勤洗手戴口罩 保持社交距離</msg>
<status status="PASS" starttime="20230825 01:41:06.023" endtime="20230825 01:41:06.049"/>
</kw>
<kw name="Log To Console" library="BuiltIn">
<arg>${textlink}</arg>
<doc>Logs the given message to the console.</doc>
<status status="PASS" starttime="20230825 01:41:06.049" endtime="20230825 01:41:06.049"/>
</kw>
<status status="PASS" starttime="20230825 01:41:06.023" endtime="20230825 01:41:06.049"/>
</iter>
<iter>
<var name="${i}">83</var>
<kw name="Get Text" library="SeleniumLibrary">
<var>${textlink}</var>
<arg>xpath:(//a[@href])[${i}]</arg>
<doc>Returns the text value of the element identified by ``locator``.</doc>
<msg timestamp="20230825 01:41:06.075" level="INFO">${textlink} = Headphone 59 資訊 ◎Dopin R.I.P 我們永遠懷念你</msg>
<status status="PASS" starttime="20230825 01:41:06.050" endtime="20230825 01:41:06.076"/>
</kw>
<kw name="Log To Console" library="BuiltIn">
<arg>${textlink}</arg>
<doc>Logs the given message to the console.</doc>
<status status="PASS" starttime="20230825 01:41:06.076" endtime="20230825 01:41:06.076"/>
</kw>
<status status="PASS" starttime="20230825 01:41:06.050" endtime="20230825 01:41:06.077"/>
</iter>
<iter>
<var name="${i}">84</var>
<kw name="Get Text" library="SeleniumLibrary">
<var>${textlink}</var>
<arg>xpath:(//a[@href])[${i}]</arg>
<doc>Returns the text value of the element identified by ``locator``.</doc>
<msg timestamp="20230825 01:41:06.103" level="INFO">${textlink} = Drama-Ticket 59 舞臺 ◎藝文票券轉售板 禁止徵票小心詐騙</msg>
<status status="PASS" starttime="20230825 01:41:06.077" endtime="20230825 01:41:06.103"/>
</kw>
<kw name="Log To Console" library="BuiltIn">
<arg>${textlink}</arg>
<doc>Logs the given message to the console.</doc>
<status status="PASS" starttime="20230825 01:41:06.104" endtime="20230825 01:41:06.104"/>
</kw>
<status status="PASS" starttime="20230825 01:41:06.077" endtime="20230825 01:41:06.104"/>
</iter>
<iter>
<var name="${i}">85</var>
<kw name="Get Text" library="SeleniumLibrary">
<var>${textlink}</var>
<arg>xpath:(//a[@href])[${i}]</arg>
<doc>Returns the text value of the element identified by ``locator``.</doc>
<msg timestamp="20230825 01:41:06.134" level="INFO">${textlink} = cat 57 寵物 ◎[喵板] 送養文務必看板規</msg>
<status status="PASS" starttime="20230825 01:41:06.104" endtime="20230825 01:41:06.134"/>
</kw>
<kw name="Log To Console" library="BuiltIn">
<arg>${textlink}</arg>
<doc>Logs the given message to the console.</doc>
<status status="PASS" starttime="20230825 01:41:06.135" endtime="20230825 01:41:06.135"/>
</kw>
<status status="PASS" starttime="20230825 01:41:06.104" endtime="20230825 01:41:06.135"/>
</iter>
<iter>
<var name="${i}">86</var>
<kw name="Get Text" library="SeleniumLibrary">
<var>${textlink}</var>
<arg>xpath:(//a[@href])[${i}]</arg>
<doc>Returns the text value of the element identified by ``locator``.</doc>
<msg timestamp="20230825 01:41:06.165" level="INFO">${textlink} = SuperBike 57 車車 ◎PTT重機板 ~ 發買賣文請詳閱置底</msg>
<status status="PASS" starttime="20230825 01:41:06.136" endtime="20230825 01:41:06.165"/>
</kw>
<kw name="Log To Console" library="BuiltIn">
<arg>${textlink}</arg>
<doc>Logs the given message to the console.</doc>
<status status="PASS" starttime="20230825 01:41:06.165" endtime="20230825 01:41:06.165"/>
</kw>
<status status="PASS" starttime="20230825 01:41:06.136" endtime="20230825 01:41:06.166"/>
</iter>
<iter>
<var name="${i}">87</var>
<kw name="Get Text" library="SeleniumLibrary">
<var>${textlink}</var>
<arg>xpath:(//a[@href])[${i}]</arg>
<doc>Returns the text value of the element identified by ``locator``.</doc>
<msg timestamp="20230825 01:41:06.198" level="INFO">${textlink} = Food 55 美食 ◎美食板</msg>
<status status="PASS" starttime="20230825 01:41:06.166" endtime="20230825 01:41:06.198"/>
</kw>
<kw name="Log To Console" library="BuiltIn">
<arg>${textlink}</arg>
<doc>Logs the given message to the console.</doc>
<status status="PASS" starttime="20230825 01:41:06.198" endtime="20230825 01:41:06.199"/>
</kw>
<status status="PASS" starttime="20230825 01:41:06.166" endtime="20230825 01:41:06.199"/>
</iter>
<iter>
<var name="${i}">88</var>
<kw name="Get Text" library="SeleniumLibrary">
<var>${textlink}</var>
<arg>xpath:(//a[@href])[${i}]</arg>
<doc>Returns the text value of the element identified by ``locator``.</doc>
<msg timestamp="20230825 01:41:06.229" level="INFO">${textlink} = TW_Entertain 53 綜藝 ◎[台綜]全明星辯論會! new!</msg>
<status status="PASS" starttime="20230825 01:41:06.199" endtime="20230825 01:41:06.229"/>
</kw>
<kw name="Log To Console" library="BuiltIn">
<arg>${textlink}</arg>
<doc>Logs the given message to the console.</doc>
<status status="PASS" starttime="20230825 01:41:06.229" endtime="20230825 01:41:06.230"/>
</kw>
<status status="PASS" starttime="20230825 01:41:06.199" endtime="20230825 01:41:06.230"/>
</iter>
<iter>
<var name="${i}">89</var>
<kw name="Get Text" library="SeleniumLibrary">
<var>${textlink}</var>
<arg>xpath:(//a[@href])[${i}]</arg>
<doc>Returns the text value of the element identified by ``locator``.</doc>
<msg timestamp="20230825 01:41:06.259" level="INFO">${textlink} = KR_Entertain 52 綜藝 ◎[韓綜] Show Me The 新板主!</msg>
<status status="PASS" starttime="20230825 01:41:06.230" endtime="20230825 01:41:06.259"/>
</kw>
<kw name="Log To Console" library="BuiltIn">
<arg>${textlink}</arg>
<doc>Logs the given message to the console.</doc>
<status status="PASS" starttime="20230825 01:41:06.259" endtime="20230825 01:41:06.260"/>
</kw>
<status status="PASS" starttime="20230825 01:41:06.230" endtime="20230825 01:41:06.260"/>
</iter>
<iter>
<var name="${i}">90</var>
<kw name="Get Text" library="SeleniumLibrary">
<var>${textlink}</var>
<arg>xpath:(//a[@href])[${i}]</arg>
<doc>Returns the text value of the element identified by ``locator``.</doc>
<msg timestamp="20230825 01:41:06.287" level="INFO">${textlink} = Aviation 52 交通 ◎[航空] 航空板 請先詳閱板規</msg>
<status status="PASS" starttime="20230825 01:41:06.261" endtime="20230825 01:41:06.287"/>
</kw>
<kw name="Log To Console" library="BuiltIn">
<arg>${textlink}</arg>
<doc>Logs the given message to the console.</doc>
<status status="PASS" starttime="20230825 01:41:06.287" endtime="20230825 01:41:06.288"/>
</kw>
<status status="PASS" starttime="20230825 01:41:06.260" endtime="20230825 01:41:06.288"/>
</iter>
<iter>
<var name="${i}">91</var>
<kw name="Get Text" library="SeleniumLibrary">
<var>${textlink}</var>
<arg>xpath:(//a[@href])[${i}]</arg>
<doc>Returns the text value of the element identified by ``locator``.</doc>
<msg timestamp="20230825 01:41:06.314" level="INFO">${textlink} = PuzzleDragon 51 轉珠 ◎[P＆D] 創板十週年紀念小物徵稿中</msg>
<status status="PASS" starttime="20230825 01:41:06.288" endtime="20230825 01:41:06.314"/>
</kw>
<kw name="Log To Console" library="BuiltIn">
<arg>${textlink}</arg>
<doc>Logs the given message to the console.</doc>
<status status="PASS" starttime="20230825 01:41:06.314" endtime="20230825 01:41:06.314"/>
</kw>
<status status="PASS" starttime="20230825 01:41:06.288" endtime="20230825 01:41:06.314"/>
</iter>
<iter>
<var name="${i}">92</var>
<kw name="Get Text" library="SeleniumLibrary">
<var>${textlink}</var>
<arg>xpath:(//a[@href])[${i}]</arg>
<doc>Returns the text value of the element identified by ``locator``.</doc>
<msg timestamp="20230825 01:41:06.339" level="INFO">${textlink} = KoreanPop 51 音樂 ◎抵制買榜 抵制作弊，韓樂需要正義</msg>
<status status="PASS" starttime="20230825 01:41:06.315" endtime="20230825 01:41:06.339"/>
</kw>
<kw name="Log To Console" library="BuiltIn">
<arg>${textlink}</arg>
<doc>Logs the given message to the console.</doc>
<status status="PASS" starttime="20230825 01:41:06.340" endtime="20230825 01:41:06.340"/>
</kw>
<status status="PASS" starttime="20230825 01:41:06.315" endtime="20230825 01:41:06.340"/>
</iter>
<iter>
<var name="${i}">93</var>
<kw name="Get Text" library="SeleniumLibrary">
<var>${textlink}</var>
<arg>xpath:(//a[@href])[${i}]</arg>
<doc>Returns the text value of the element identified by ``locator``.</doc>
<msg timestamp="20230825 01:41:06.366" level="INFO">${textlink} = SakaTalk 50 日本 ◎置底閒聊串各月命名活動報名中</msg>
<status status="PASS" starttime="20230825 01:41:06.341" endtime="20230825 01:41:06.366"/>
</kw>
<kw name="Log To Console" library="BuiltIn">
<arg>${textlink}</arg>
<doc>Logs the given message to the console.</doc>
<status status="PASS" starttime="20230825 01:41:06.366" endtime="20230825 01:41:06.366"/>
</kw>
<status status="PASS" starttime="20230825 01:41:06.340" endtime="20230825 01:41:06.366"/>
</iter>
<iter>
<var name="${i}">94</var>
<kw name="Get Text" library="SeleniumLibrary">
<var>${textlink}</var>
<arg>xpath:(//a[@href])[${i}]</arg>
<doc>Returns the text value of the element identified by ``locator``.</doc>
<msg timestamp="20230825 01:41:06.392" level="INFO">${textlink} = DigiCurrency 50 資訊 ◎[數位貨幣] BTC USDT spiral</msg>
<status status="PASS" starttime="20230825 01:41:06.367" endtime="20230825 01:41:06.392"/>
</kw>
<kw name="Log To Console" library="BuiltIn">
<arg>${textlink}</arg>
<doc>Logs the given message to the console.</doc>
<status status="PASS" starttime="20230825 01:41:06.392" endtime="20230825 01:41:06.392"/>
</kw>
<status status="PASS" starttime="20230825 01:41:06.367" endtime="20230825 01:41:06.392"/>
</iter>
<iter>
<var name="${i}">95</var>
<kw name="Get Text" library="SeleniumLibrary">
<var>${textlink}</var>
<arg>xpath:(//a[@href])[${i}]</arg>
<doc>Returns the text value of the element identified by ``locator``.</doc>
<msg timestamp="20230825 01:41:06.420" level="INFO">${textlink} = DC_SALE 49 攝影 ◎數位相機交易 - 禁止套利行為</msg>
<status status="PASS" starttime="20230825 01:41:06.393" endtime="20230825 01:41:06.420"/>
</kw>
<kw name="Log To Console" library="BuiltIn">
<arg>${textlink}</arg>
<doc>Logs the given message to the console.</doc>
<status status="PASS" starttime="20230825 01:41:06.420" endtime="20230825 01:41:06.421"/>
</kw>
<status status="PASS" starttime="20230825 01:41:06.393" endtime="20230825 01:41:06.421"/>
</iter>
<iter>
<var name="${i}">96</var>
<kw name="Get Text" library="SeleniumLibrary">
<var>${textlink}</var>
<arg>xpath:(//a[@href])[${i}]</arg>
<doc>Returns the text value of the element identified by ``locator``.</doc>
<msg timestamp="20230825 01:41:06.448" level="INFO">${textlink} = Brand 49 資訊 ◎ ＊* 布蘭德 細節的價值 ＊*</msg>
<status status="PASS" starttime="20230825 01:41:06.422" endtime="20230825 01:41:06.448"/>
</kw>
<kw name="Log To Console" library="BuiltIn">
<arg>${textlink}</arg>
<doc>Logs the given message to the console.</doc>
<status status="PASS" starttime="20230825 01:41:06.448" endtime="20230825 01:41:06.448"/>
</kw>
<status status="PASS" starttime="20230825 01:41:06.421" endtime="20230825 01:41:06.448"/>
</iter>
<iter>
<var name="${i}">97</var>
<kw name="Get Text" library="SeleniumLibrary">
<var>${textlink}</var>
<arg>xpath:(//a[@href])[${i}]</arg>
<doc>Returns the text value of the element identified by ``locator``.</doc>
<msg timestamp="20230825 01:41:06.474" level="INFO">${textlink} = Wanted 48 徵求 ◎[汪踢] 情人節徵文開跑</msg>
<status status="PASS" starttime="20230825 01:41:06.449" endtime="20230825 01:41:06.474"/>
</kw>
<kw name="Log To Console" library="BuiltIn">
<arg>${textlink}</arg>
<doc>Logs the given message to the console.</doc>
<status status="PASS" starttime="20230825 01:41:06.475" endtime="20230825 01:41:06.475"/>
</kw>
<status status="PASS" starttime="20230825 01:41:06.449" endtime="20230825 01:41:06.475"/>
</iter>
<iter>
<var name="${i}">98</var>
<kw name="Get Text" library="SeleniumLibrary">
<var>${textlink}</var>
<arg>xpath:(//a[@href])[${i}]</arg>
<doc>Returns the text value of the element identified by ``locator``.</doc>
<msg timestamp="20230825 01:41:06.502" level="INFO">${textlink} = UmaMusume 46 賽馬 ◎[馬娘] 三星路/不意外啦/今年一定</msg>
<status status="PASS" starttime="20230825 01:41:06.476" endtime="20230825 01:41:06.502"/>
</kw>
<kw name="Log To Console" library="BuiltIn">
<arg>${textlink}</arg>
<doc>Logs the given message to the console.</doc>
<status status="PASS" starttime="20230825 01:41:06.502" endtime="20230825 01:41:06.503"/>
</kw>
<status status="PASS" starttime="20230825 01:41:06.475" endtime="20230825 01:41:06.503"/>
</iter>
<iter>
<var name="${i}">99</var>
<kw name="Get Text" library="SeleniumLibrary">
<var>${textlink}</var>
<arg>xpath:(//a[@href])[${i}]</arg>
<doc>Returns the text value of the element identified by ``locator``.</doc>
<msg timestamp="20230825 01:41:06.530" level="INFO">${textlink} = Soft_Job 46 工作 ◎[軟工] 十二月的你</msg>
<status status="PASS" starttime="20230825 01:41:06.503" endtime="20230825 01:41:06.530"/>
</kw>
<kw name="Log To Console" library="BuiltIn">
<arg>${textlink}</arg>
<doc>Logs the given message to the console.</doc>
<status status="PASS" starttime="20230825 01:41:06.530" endtime="20230825 01:41:06.531"/>
</kw>
<status status="PASS" starttime="20230825 01:41:06.503" endtime="20230825 01:41:06.531"/>
</iter>
<iter>
<var name="${i}">100</var>
<kw name="Get Text" library="SeleniumLibrary">
<var>${textlink}</var>
<arg>xpath:(//a[@href])[${i}]</arg>
<doc>Returns the text value of the element identified by ``locator``.</doc>
<msg timestamp="20230825 01:41:06.555" level="INFO">${textlink} = Key_Mou_Pad 46 生活 ◎[鍵鼠] 兔年行大運</msg>
<status status="PASS" starttime="20230825 01:41:06.531" endtime="20230825 01:41:06.555"/>
</kw>
<kw name="Log To Console" library="BuiltIn">
<arg>${textlink}</arg>
<doc>Logs the given message to the console.</doc>
<status status="PASS" starttime="20230825 01:41:06.556" endtime="20230825 01:41:06.556"/>
</kw>
<status status="PASS" starttime="20230825 01:41:06.531" endtime="20230825 01:41:06.556"/>
</iter>
<iter>
<var name="${i}">101</var>
<kw name="Get Text" library="SeleniumLibrary">
<var>${textlink}</var>
<arg>xpath:(//a[@href])[${i}]</arg>
<doc>Returns the text value of the element identified by ``locator``.</doc>
<msg timestamp="20230825 01:41:06.582" level="INFO">${textlink} = WOW 46 線上 ◎[WoW] 巨龍來了 - 徵版主</msg>
<status status="PASS" starttime="20230825 01:41:06.557" endtime="20230825 01:41:06.582"/>
</kw>
<kw name="Log To Console" library="BuiltIn">
<arg>${textlink}</arg>
<doc>Logs the given message to the console.</doc>
<status status="PASS" starttime="20230825 01:41:06.582" endtime="20230825 01:41:06.583"/>
</kw>
<status status="PASS" starttime="20230825 01:41:06.556" endtime="20230825 01:41:06.583"/>
</iter>
<iter>
<var name="${i}">102</var>
<kw name="Get Text" library="SeleniumLibrary">
<var>${textlink}</var>
<arg>xpath:(//a[@href])[${i}]</arg>
<doc>Returns the text value of the element identified by ``locator``.</doc>
<msg timestamp="20230825 01:41:06.613" level="INFO">${textlink} = PokemonGO 46 抓寶 ◎[PMGO] 8/26~27全球Go Fest!10~18</msg>
<status status="PASS" starttime="20230825 01:41:06.583" endtime="20230825 01:41:06.613"/>
</kw>
<kw name="Log To Console" library="BuiltIn">
<arg>${textlink}</arg>
<doc>Logs the given message to the console.</doc>
<status status="PASS" starttime="20230825 01:41:06.613" endtime="20230825 01:41:06.614"/>
</kw>
<status status="PASS" starttime="20230825 01:41:06.583" endtime="20230825 01:41:06.614"/>
</iter>
<iter>
<var name="${i}">103</var>
<kw name="Get Text" library="SeleniumLibrary">
<var>${textlink}</var>
<arg>xpath:(//a[@href])[${i}]</arg>
<doc>Returns the text value of the element identified by ``locator``.</doc>
<msg timestamp="20230825 01:41:06.640" level="INFO">${textlink} = nb-shopping 43 硬體 ◎[筆電蝦]</msg>
<status status="PASS" starttime="20230825 01:41:06.615" endtime="20230825 01:41:06.640"/>
</kw>
<kw name="Log To Console" library="BuiltIn">
<arg>${textlink}</arg>
<doc>Logs the given message to the console.</doc>
<status status="PASS" starttime="20230825 01:41:06.641" endtime="20230825 01:41:06.641"/>
</kw>
<status status="PASS" starttime="20230825 01:41:06.614" endtime="20230825 01:41:06.641"/>
</iter>
<iter>
<var name="${i}">104</var>
<kw name="Get Text" library="SeleniumLibrary">
<var>${textlink}</var>
<arg>xpath:(//a[@href])[${i}]</arg>
<doc>Returns the text value of the element identified by ``locator``.</doc>
<msg timestamp="20230825 01:41:06.667" level="INFO">${textlink} = BlueArchive 41 蔚藍 ◎[蔚藍] 隠されし遺産を求めて</msg>
<status status="PASS" starttime="20230825 01:41:06.641" endtime="20230825 01:41:06.667"/>
</kw>
<kw name="Log To Console" library="BuiltIn">
<arg>${textlink}</arg>
<doc>Logs the given message to the console.</doc>
<status status="PASS" starttime="20230825 01:41:06.667" endtime="20230825 01:41:06.667"/>
</kw>
<status status="PASS" starttime="20230825 01:41:06.641" endtime="20230825 01:41:06.668"/>
</iter>
<iter>
<var name="${i}">105</var>
<kw name="Get Text" library="SeleniumLibrary">
<var>${textlink}</var>
<arg>xpath:(//a[@href])[${i}]</arg>
<doc>Returns the text value of the element identified by ``locator``.</doc>
<msg timestamp="20230825 01:41:06.696" level="INFO">${textlink} = FATE_GO 40 手遊 ◎[FGO] 台 超古代新選組列傳 復刻</msg>
<status status="PASS" starttime="20230825 01:41:06.668" endtime="20230825 01:41:06.696"/>
</kw>
<kw name="Log To Console" library="BuiltIn">
<arg>${textlink}</arg>
<doc>Logs the given message to the console.</doc>
<status status="PASS" starttime="20230825 01:41:06.696" endtime="20230825 01:41:06.697"/>
</kw>
<status status="PASS" starttime="20230825 01:41:06.668" endtime="20230825 01:41:06.697"/>
</iter>
<iter>
<var name="${i}">106</var>
<kw name="Get Text" library="SeleniumLibrary">
<var>${textlink}</var>
<arg>xpath:(//a[@href])[${i}]</arg>
<doc>Returns the text value of the element identified by ``locator``.</doc>
<msg timestamp="20230825 01:41:06.729" level="INFO">${textlink} = BabyProducts 40 買賣 ◎黑名常客：**emily36**</msg>
<status status="PASS" starttime="20230825 01:41:06.698" endtime="20230825 01:41:06.729"/>
</kw>
<kw name="Log To Console" library="BuiltIn">
<arg>${textlink}</arg>
<doc>Logs the given message to the console.</doc>
<status status="PASS" starttime="20230825 01:41:06.729" endtime="20230825 01:41:06.730"/>
</kw>
<status status="PASS" starttime="20230825 01:41:06.697" endtime="20230825 01:41:06.730"/>
</iter>
<iter>
<var name="${i}">107</var>
<kw name="Get Text" library="SeleniumLibrary">
<var>${textlink}</var>
<arg>xpath:(//a[@href])[${i}]</arg>
<doc>Returns the text value of the element identified by ``locator``.</doc>
<msg timestamp="20230825 01:41:06.764" level="INFO">${textlink} = FAPL 40 聯賽 ◎歡樂．三喵．足球</msg>
<status status="PASS" starttime="20230825 01:41:06.731" endtime="20230825 01:41:06.764"/>
</kw>
<kw name="Log To Console" library="BuiltIn">
<arg>${textlink}</arg>
<doc>Logs the given message to the console.</doc>
<status status="PASS" starttime="20230825 01:41:06.764" endtime="20230825 01:41:06.764"/>
</kw>
<status status="PASS" starttime="20230825 01:41:06.730" endtime="20230825 01:41:06.765"/>
</iter>
<iter>
<var name="${i}">108</var>
<kw name="Get Text" library="SeleniumLibrary">
<var>${textlink}</var>
<arg>xpath:(//a[@href])[${i}]</arg>
<doc>Returns the text value of the element identified by ``locator``.</doc>
<msg timestamp="20230825 01:41:06.789" level="INFO">${textlink} = Hip-Hop 40 音樂 ◎[嘻哈]最佳華語專輯：《PRO》熊仔</msg>
<status status="PASS" starttime="20230825 01:41:06.765" endtime="20230825 01:41:06.790"/>
</kw>
<kw name="Log To Console" library="BuiltIn">
<arg>${textlink}</arg>
<doc>Logs the given message to the console.</doc>
<status status="PASS" starttime="20230825 01:41:06.790" endtime="20230825 01:41:06.790"/>
</kw>
<status status="PASS" starttime="20230825 01:41:06.765" endtime="20230825 01:41:06.790"/>
</iter>
<iter>
<var name="${i}">109</var>
<kw name="Get Text" library="SeleniumLibrary">
<var>${textlink}</var>
<arg>xpath:(//a[@href])[${i}]</arg>
<doc>Returns the text value of the element identified by ``locator``.</doc>
<msg timestamp="20230825 01:41:06.817" level="INFO">${textlink} = fastfood 39 美食 ◎[速食] 慟！甜心卡已死</msg>
<status status="PASS" starttime="20230825 01:41:06.791" endtime="20230825 01:41:06.817"/>
</kw>
<kw name="Log To Console" library="BuiltIn">
<arg>${textlink}</arg>
<doc>Logs the given message to the console.</doc>
<status status="PASS" starttime="20230825 01:41:06.818" endtime="20230825 01:41:06.818"/>
</kw>
<status status="PASS" starttime="20230825 01:41:06.790" endtime="20230825 01:41:06.818"/>
</iter>
<iter>
<var name="${i}">110</var>
<kw name="Get Text" library="SeleniumLibrary">
<var>${textlink}</var>
<arg>xpath:(//a[@href])[${i}]</arg>
<doc>Returns the text value of the element identified by ``locator``.</doc>
<msg timestamp="20230825 01:41:06.844" level="INFO">${textlink} = SET 39 頻道 ◎[泣] 糖果與螢火蟲</msg>
<status status="PASS" starttime="20230825 01:41:06.819" endtime="20230825 01:41:06.844"/>
</kw>
<kw name="Log To Console" library="BuiltIn">
<arg>${textlink}</arg>
<doc>Logs the given message to the console.</doc>
<status status="PASS" starttime="20230825 01:41:06.844" endtime="20230825 01:41:06.845"/>
</kw>
<status status="PASS" starttime="20230825 01:41:06.819" endtime="20230825 01:41:06.845"/>
</iter>
<iter>
<var name="${i}">111</var>
<kw name="Get Text" library="SeleniumLibrary">
<var>${textlink}</var>
<arg>xpath:(//a[@href])[${i}]</arg>
<doc>Returns the text value of the element identified by ``locator``.</doc>
<msg timestamp="20230825 01:41:06.869" level="INFO">${textlink} = give 38 贈送 ◎[贈送] 標題不合置底文規定 刪</msg>
<status status="PASS" starttime="20230825 01:41:06.845" endtime="20230825 01:41:06.869"/>
</kw>
<kw name="Log To Console" library="BuiltIn">
<arg>${textlink}</arg>
<doc>Logs the given message to the console.</doc>
<status status="PASS" starttime="20230825 01:41:06.869" endtime="20230825 01:41:06.869"/>
</kw>
<status status="PASS" starttime="20230825 01:41:06.845" endtime="20230825 01:41:06.870"/>
</iter>
<iter>
<var name="${i}">112</var>
<kw name="Get Text" library="SeleniumLibrary">
<var>${textlink}</var>
<arg>xpath:(//a[@href])[${i}]</arg>
<doc>Returns the text value of the element identified by ``locator``.</doc>
<msg timestamp="20230825 01:41:06.896" level="INFO">${textlink} = facelift 38 美容 ◎[醫學美容版]　嚴禁揪團買賣廣告</msg>
<status status="PASS" starttime="20230825 01:41:06.870" endtime="20230825 01:41:06.896"/>
</kw>
<kw name="Log To Console" library="BuiltIn">
<arg>${textlink}</arg>
<doc>Logs the given message to the console.</doc>
<status status="PASS" starttime="20230825 01:41:06.897" endtime="20230825 01:41:06.897"/>
</kw>
<status status="PASS" starttime="20230825 01:41:06.870" endtime="20230825 01:41:06.897"/>
</iter>
<iter>
<var name="${i}">113</var>
<kw name="Get Text" library="SeleniumLibrary">
<var>${textlink}</var>
<arg>xpath:(//a[@href])[${i}]</arg>
<doc>Returns the text value of the element identified by ``locator``.</doc>
<msg timestamp="20230825 01:41:06.923" level="INFO">${textlink} = TaiwanDrama 36 臺劇 ◎[臺劇] MeToo風波置底討論謝謝</msg>
<status status="PASS" starttime="20230825 01:41:06.897" endtime="20230825 01:41:06.924"/>
</kw>
<kw name="Log To Console" library="BuiltIn">
<arg>${textlink}</arg>
<doc>Logs the given message to the console.</doc>
<status status="PASS" starttime="20230825 01:41:06.924" endtime="20230825 01:41:06.924"/>
</kw>
<status status="PASS" starttime="20230825 01:41:06.897" endtime="20230825 01:41:06.924"/>
</iter>
<iter>
<var name="${i}">114</var>
<kw name="Get Text" library="SeleniumLibrary">
<var>${textlink}</var>
<arg>xpath:(//a[@href])[${i}]</arg>
<doc>Returns the text value of the element identified by ``locator``.</doc>
<msg timestamp="20230825 01:41:06.951" level="INFO">${textlink} = MRT 36 交通 ◎[捷運] 語言不是說加就加的</msg>
<status status="PASS" starttime="20230825 01:41:06.925" endtime="20230825 01:41:06.951"/>
</kw>
<kw name="Log To Console" library="BuiltIn">
<arg>${textlink}</arg>
<doc>Logs the given message to the console.</doc>
<status status="PASS" starttime="20230825 01:41:06.952" endtime="20230825 01:41:06.952"/>
</kw>
<status status="PASS" starttime="20230825 01:41:06.924" endtime="20230825 01:41:06.952"/>
</iter>
<iter>
<var name="${i}">115</var>
<kw name="Get Text" library="SeleniumLibrary">
<var>${textlink}</var>
<arg>xpath:(//a[@href])[${i}]</arg>
<doc>Returns the text value of the element identified by ``locator``.</doc>
<msg timestamp="20230825 01:41:06.974" level="INFO">${textlink} = TypeMoon 35 型月 ◎[F/GO] 你永遠能信任營運及維修</msg>
<status status="PASS" starttime="20230825 01:41:06.953" endtime="20230825 01:41:06.974"/>
</kw>
<kw name="Log To Console" library="BuiltIn">
<arg>${textlink}</arg>
<doc>Logs the given message to the console.</doc>
<status status="PASS" starttime="20230825 01:41:06.974" endtime="20230825 01:41:06.975"/>
</kw>
<status status="PASS" starttime="20230825 01:41:06.952" endtime="20230825 01:41:06.975"/>
</iter>
<iter>
<var name="${i}">116</var>
<kw name="Get Text" library="SeleniumLibrary">
<var>${textlink}</var>
<arg>xpath:(//a[@href])[${i}]</arg>
<doc>Returns the text value of the element identified by ``locator``.</doc>
<msg timestamp="20230825 01:41:06.999" level="INFO">${textlink} = FORMULA1 35 賽車 ◎F1板</msg>
<status status="PASS" starttime="20230825 01:41:06.975" endtime="20230825 01:41:06.999"/>
</kw>
<kw name="Log To Console" library="BuiltIn">
<arg>${textlink}</arg>
<doc>Logs the given message to the console.</doc>
<status status="PASS" starttime="20230825 01:41:06.999" endtime="20230825 01:41:06.999"/>
</kw>
<status status="PASS" starttime="20230825 01:41:06.975" endtime="20230825 01:41:06.999"/>
</iter>
<iter>
<var name="${i}">117</var>
<kw name="Get Text" library="SeleniumLibrary">
<var>${textlink}</var>
<arg>xpath:(//a[@href])[${i}]</arg>
<doc>Returns the text value of the element identified by ``locator``.</doc>
<msg timestamp="20230825 01:41:07.021" level="INFO">${textlink} = EatToDie 34 美食 ◎[飽板] 能吃就是福</msg>
<status status="PASS" starttime="20230825 01:41:07.000" endtime="20230825 01:41:07.021"/>
</kw>
<kw name="Log To Console" library="BuiltIn">
<arg>${textlink}</arg>
<doc>Logs the given message to the console.</doc>
<status status="PASS" starttime="20230825 01:41:07.021" endtime="20230825 01:41:07.022"/>
</kw>
<status status="PASS" starttime="20230825 01:41:07.000" endtime="20230825 01:41:07.022"/>
</iter>
<iter>
<var name="${i}">118</var>
<kw name="Get Text" library="SeleniumLibrary">
<var>${textlink}</var>
<arg>xpath:(//a[@href])[${i}]</arg>
<doc>Returns the text value of the element identified by ``locator``.</doc>
<msg timestamp="20230825 01:41:07.046" level="INFO">${textlink} = Digitalhome 34 數位 ◎[電視] 2023 數位家庭板 歡迎您!</msg>
<status status="PASS" starttime="20230825 01:41:07.022" endtime="20230825 01:41:07.046"/>
</kw>
<kw name="Log To Console" library="BuiltIn">
<arg>${textlink}</arg>
<doc>Logs the given message to the console.</doc>
<status status="PASS" starttime="20230825 01:41:07.046" endtime="20230825 01:41:07.046"/>
</kw>
<status status="PASS" starttime="20230825 01:41:07.022" endtime="20230825 01:41:07.046"/>
</iter>
<iter>
<var name="${i}">119</var>
<kw name="Get Text" library="SeleniumLibrary">
<var>${textlink}</var>
<arg>xpath:(//a[@href])[${i}]</arg>
<doc>Returns the text value of the element identified by ``locator``.</doc>
<msg timestamp="20230825 01:41:07.069" level="INFO">${textlink} = Audiophile 33 資訊 ◎[喇音] 請詳閱置底交易文新板規</msg>
<status status="PASS" starttime="20230825 01:41:07.047" endtime="20230825 01:41:07.069"/>
</kw>
<kw name="Log To Console" library="BuiltIn">
<arg>${textlink}</arg>
<doc>Logs the given message to the console.</doc>
<status status="PASS" starttime="20230825 01:41:07.070" endtime="20230825 01:41:07.070"/>
</kw>
<status status="PASS" starttime="20230825 01:41:07.047" endtime="20230825 01:41:07.070"/>
</iter>
<iter>
<var name="${i}">120</var>
<kw name="Get Text" library="SeleniumLibrary">
<var>${textlink}</var>
<arg>xpath:(//a[@href])[${i}]</arg>
<doc>Returns the text value of the element identified by ``locator``.</doc>
<msg timestamp="20230825 01:41:07.095" level="INFO">${textlink} = MobilePay 33 理財 ◎刷卡回饋問題請至信用卡板</msg>
<status status="PASS" starttime="20230825 01:41:07.070" endtime="20230825 01:41:07.095"/>
</kw>
<kw name="Log To Console" library="BuiltIn">
<arg>${textlink}</arg>
<doc>Logs the given message to the console.</doc>
<status status="PASS" starttime="20230825 01:41:07.095" endtime="20230825 01:41:07.096"/>
</kw>
<status status="PASS" starttime="20230825 01:41:07.070" endtime="20230825 01:41:07.096"/>
</iter>
<iter>
<var name="${i}">121</var>
<kw name="Get Text" library="SeleniumLibrary">
<var>${textlink}</var>
<arg>xpath:(//a[@href])[${i}]</arg>
<doc>Returns the text value of the element identified by ``locator``.</doc>
<msg timestamp="20230825 01:41:07.120" level="INFO">${textlink} = StupidClown 33 經歷 ◎ 哼哼哼哼</msg>
<status status="PASS" starttime="20230825 01:41:07.096" endtime="20230825 01:41:07.120"/>
</kw>
<kw name="Log To Console" library="BuiltIn">
<arg>${textlink}</arg>
<doc>Logs the given message to the console.</doc>
<status status="PASS" starttime="20230825 01:41:07.120" endtime="20230825 01:41:07.121"/>
</kw>
<status status="PASS" starttime="20230825 01:41:07.096" endtime="20230825 01:41:07.121"/>
</iter>
<iter>
<var name="${i}">122</var>
<kw name="Get Text" library="SeleniumLibrary">
<var>${textlink}</var>
<arg>xpath:(//a[@href])[${i}]</arg>
<doc>Returns the text value of the element identified by ``locator``.</doc>
<msg timestamp="20230825 01:41:07.147" level="INFO">${textlink} = part-time 32 求職 ◎[打工] 112/01/01起 工資 176/hr</msg>
<status status="PASS" starttime="20230825 01:41:07.121" endtime="20230825 01:41:07.147"/>
</kw>
<kw name="Log To Console" library="BuiltIn">
<arg>${textlink}</arg>
<doc>Logs the given message to the console.</doc>
<status status="PASS" starttime="20230825 01:41:07.147" endtime="20230825 01:41:07.148"/>
</kw>
<status status="PASS" starttime="20230825 01:41:07.121" endtime="20230825 01:41:07.148"/>
</iter>
<iter>
<var name="${i}">123</var>
<kw name="Get Text" library="SeleniumLibrary">
<var>${textlink}</var>
<arg>xpath:(//a[@href])[${i}]</arg>
<doc>Returns the text value of the element identified by ``locator``.</doc>
<msg timestamp="20230825 01:41:07.171" level="INFO">${textlink} = lesbian 32 男女 ◎[拉板] 回信shyles只能找到板主唷</msg>
<status status="PASS" starttime="20230825 01:41:07.148" endtime="20230825 01:41:07.171"/>
</kw>
<kw name="Log To Console" library="BuiltIn">
<arg>${textlink}</arg>
<doc>Logs the given message to the console.</doc>
<status status="PASS" starttime="20230825 01:41:07.172" endtime="20230825 01:41:07.172"/>
</kw>
<status status="PASS" starttime="20230825 01:41:07.148" endtime="20230825 01:41:07.172"/>
</iter>
<iter>
<var name="${i}">124</var>
<kw name="Get Text" library="SeleniumLibrary">
<var>${textlink}</var>
<arg>xpath:(//a[@href])[${i}]</arg>
<doc>Returns the text value of the element identified by ``locator``.</doc>
<msg timestamp="20230825 01:41:07.197" level="INFO">${textlink} = shoes 31 購一 ◎你安靜 發文前請詳置底文</msg>
<status status="PASS" starttime="20230825 01:41:07.172" endtime="20230825 01:41:07.197"/>
</kw>
<kw name="Log To Console" library="BuiltIn">
<arg>${textlink}</arg>
<doc>Logs the given message to the console.</doc>
<status status="PASS" starttime="20230825 01:41:07.197" endtime="20230825 01:41:07.197"/>
</kw>
<status status="PASS" starttime="20230825 01:41:07.172" endtime="20230825 01:41:07.197"/>
</iter>
<iter>
<var name="${i}">125</var>
<kw name="Get Text" library="SeleniumLibrary">
<var>${textlink}</var>
<arg>xpath:(//a[@href])[${i}]</arg>
<doc>Returns the text value of the element identified by ``locator``.</doc>
<msg timestamp="20230825 01:41:07.220" level="INFO">${textlink} = LCD 30 硬體 ◎[螢幕] LCD板請先看置頂文</msg>
<status status="PASS" starttime="20230825 01:41:07.198" endtime="20230825 01:41:07.220"/>
</kw>
<kw name="Log To Console" library="BuiltIn">
<arg>${textlink}</arg>
<doc>Logs the given message to the console.</doc>
<status status="PASS" starttime="20230825 01:41:07.220" endtime="20230825 01:41:07.221"/>
</kw>
<status status="PASS" starttime="20230825 01:41:07.197" endtime="20230825 01:41:07.221"/>
</iter>
<iter>
<var name="${i}">126</var>
<kw name="Get Text" library="SeleniumLibrary">
<var>${textlink}</var>
<arg>xpath:(//a[@href])[${i}]</arg>
<doc>Returns the text value of the element identified by ``locator``.</doc>
<msg timestamp="20230825 01:41:07.245" level="INFO">${textlink} = Insurance 29 理財 ◎保險板-徵業務站內信劣退</msg>
<status status="PASS" starttime="20230825 01:41:07.221" endtime="20230825 01:41:07.245"/>
</kw>
<kw name="Log To Console" library="BuiltIn">
<arg>${textlink}</arg>
<doc>Logs the given message to the console.</doc>
<status status="PASS" starttime="20230825 01:41:07.246" endtime="20230825 01:41:07.246"/>
</kw>
<status status="PASS" starttime="20230825 01:41:07.221" endtime="20230825 01:41:07.246"/>
</iter>
<iter>
<var name="${i}">127</var>
<kw name="Get Text" library="SeleniumLibrary">
<var>${textlink}</var>
<arg>xpath:(//a[@href])[${i}]</arg>
<doc>Returns the text value of the element identified by ``locator``.</doc>
<msg timestamp="20230825 01:41:07.269" level="INFO">${textlink} = Taoyuan 29 桃園 ◎[桃園]</msg>
<status status="PASS" starttime="20230825 01:41:07.247" endtime="20230825 01:41:07.269"/>
</kw>
<kw name="Log To Console" library="BuiltIn">
<arg>${textlink}</arg>
<doc>Logs the given message to the console.</doc>
<status status="PASS" starttime="20230825 01:41:07.269" endtime="20230825 01:41:07.270"/>
</kw>
<status status="PASS" starttime="20230825 01:41:07.246" endtime="20230825 01:41:07.270"/>
</iter>
<iter>
<var name="${i}">128</var>
<kw name="Get Text" library="SeleniumLibrary">
<var>${textlink}</var>
<arg>xpath:(//a[@href])[${i}]</arg>
<doc>Returns the text value of the element identified by ``locator``.</doc>
<msg timestamp="20230825 01:41:07.293" level="INFO">${textlink} = PokeMon 29 日本 ◎[PM] Pokemon Home開放中</msg>
<status status="PASS" starttime="20230825 01:41:07.270" endtime="20230825 01:41:07.293"/>
</kw>
<kw name="Log To Console" library="BuiltIn">
<arg>${textlink}</arg>
<doc>Logs the given message to the console.</doc>
<status status="PASS" starttime="20230825 01:41:07.293" endtime="20230825 01:41:07.294"/>
</kw>
<status status="PASS" starttime="20230825 01:41:07.270" endtime="20230825 01:41:07.294"/>
</iter>
<iter>
<var name="${i}">129</var>
<kw name="Get Text" library="SeleniumLibrary">
<var>${textlink}</var>
<arg>xpath:(//a[@href])[${i}]</arg>
<doc>Returns the text value of the element identified by ``locator``.</doc>
<msg timestamp="20230825 01:41:07.318" level="INFO">${textlink} = gay 29 男女 ◎[甲板]未經他人苦，莫勸他人善</msg>
<status status="PASS" starttime="20230825 01:41:07.294" endtime="20230825 01:41:07.318"/>
</kw>
<kw name="Log To Console" library="BuiltIn">
<arg>${textlink}</arg>
<doc>Logs the given message to the console.</doc>
<status status="PASS" starttime="20230825 01:41:07.319" endtime="20230825 01:41:07.319"/>
</kw>
<status status="PASS" starttime="20230825 01:41:07.294" endtime="20230825 01:41:07.319"/>
</iter>
<iter>
<var name="${i}">130</var>
<kw name="Get Text" library="SeleniumLibrary">
<var>${textlink}</var>
<arg>xpath:(//a[@href])[${i}]</arg>
<doc>Returns the text value of the element identified by ``locator``.</doc>
<msg timestamp="20230825 01:41:07.343" level="INFO">${textlink} = Examination 28 考試 ◎[國考] 徵求上榜心得文</msg>
<status status="PASS" starttime="20230825 01:41:07.319" endtime="20230825 01:41:07.343"/>
</kw>
<kw name="Log To Console" library="BuiltIn">
<arg>${textlink}</arg>
<doc>Logs the given message to the console.</doc>
<status status="PASS" starttime="20230825 01:41:07.343" endtime="20230825 01:41:07.344"/>
</kw>
<status status="PASS" starttime="20230825 01:41:07.319" endtime="20230825 01:41:07.344"/>
</iter>
<iter>
<var name="${i}">131</var>
<kw name="Get Text" library="SeleniumLibrary">
<var>${textlink}</var>
<arg>xpath:(//a[@href])[${i}]</arg>
<doc>Returns the text value of the element identified by ``locator``.</doc>
<msg timestamp="20230825 01:41:07.370" level="INFO">${textlink} = DMM_GAMES 28 遊戲 ◎[DMMG] 歡迎光臨DMM GAMES</msg>
<status status="PASS" starttime="20230825 01:41:07.345" endtime="20230825 01:41:07.370"/>
</kw>
<kw name="Log To Console" library="BuiltIn">
<arg>${textlink}</arg>
<doc>Logs the given message to the console.</doc>
<status status="PASS" starttime="20230825 01:41:07.370" endtime="20230825 01:41:07.371"/>
</kw>
<status status="PASS" starttime="20230825 01:41:07.344" endtime="20230825 01:41:07.371"/>
</iter>
<iter>
<var name="${i}">132</var>
<kw name="Get Text" library="SeleniumLibrary">
<var>${textlink}</var>
<arg>xpath:(//a[@href])[${i}]</arg>
<doc>Returns the text value of the element identified by ``locator``.</doc>
<msg timestamp="20230825 01:41:07.395" level="INFO">${textlink} = Broad_Band 27 網路 ◎[寬頻板] 禁發廣告文/轉讓文</msg>
<status status="PASS" starttime="20230825 01:41:07.372" endtime="20230825 01:41:07.395"/>
</kw>
<kw name="Log To Console" library="BuiltIn">
<arg>${textlink}</arg>
<doc>Logs the given message to the console.</doc>
<status status="PASS" starttime="20230825 01:41:07.395" endtime="20230825 01:41:07.396"/>
</kw>
<status status="PASS" starttime="20230825 01:41:07.371" endtime="20230825 01:41:07.396"/>
</iter>
<iter>
<var name="${i}">133</var>
<kw name="Get Text" library="SeleniumLibrary">
<var>${textlink}</var>
<arg>xpath:(//a[@href])[${i}]</arg>
<doc>Returns the text value of the element identified by ``locator``.</doc>
<msg timestamp="20230825 01:41:07.418" level="INFO">${textlink} = XBOX 27 主機 ◎[XBOX] XGP疑問請先參閱置底/爬文</msg>
<status status="PASS" starttime="20230825 01:41:07.396" endtime="20230825 01:41:07.418"/>
</kw>
<kw name="Log To Console" library="BuiltIn">
<arg>${textlink}</arg>
<doc>Logs the given message to the console.</doc>
<status status="PASS" starttime="20230825 01:41:07.418" endtime="20230825 01:41:07.419"/>
</kw>
<status status="PASS" starttime="20230825 01:41:07.396" endtime="20230825 01:41:07.419"/>
</iter>
<status status="PASS" starttime="20230825 01:41:03.835" endtime="20230825 01:41:07.419"/>
</for>
<doc>擷取網頁所有超連結</doc>
<status status="PASS" starttime="20230825 01:40:54.368" endtime="20230825 01:41:07.419"/>
</test>
<status status="PASS" starttime="20230825 01:40:53.690" endtime="20230825 01:41:07.421"/>
</suite>
<status status="PASS" starttime="20230825 01:40:53.662" endtime="20230825 01:41:07.421"/>
</suite>
<statistics>
<total>
<stat pass="1" fail="0" skip="0">All Tests</stat>
</total>
<tag>
</tag>
<suite>
<stat pass="1" fail="0" skip="0" id="s1" name="Suites">Suites</stat>
<stat pass="1" fail="0" skip="0" id="s1-s1" name="GetAllLinks">Suites.GetAllLinks</stat>
</suite>
</statistics>
<errors>
</errors>
</robot>
