<?xml version="1.0" encoding="UTF-8"?>
<robot generator="Robot 6.1.1 (Python 3.11.0 on win32)" generated="20230824 06:22:45.798" rpa="false" schemaversion="4">
<suite id="s1" name="Suites">
<suite id="s1-s1" name="NavigationalKeywords" source="C:\Users\user\PycharmProjects\automation\TestCase\NavigationalKeywords.robot">
<test id="s1-s1-t1" name="NavigationTest" line="10">
<kw name="Open Browser" library="SeleniumLibrary">
<arg>${url_1}</arg>
<arg>${browser}</arg>
<doc>Opens a new browser instance to the optional ``url``.</doc>
<msg timestamp="20230824 06:22:46.077" level="INFO">Opening browser 'chrome' to base url 'https://www.google.com'.</msg>
<status status="PASS" starttime="20230824 06:22:46.076" endtime="20230824 06:22:48.956"/>
</kw>
<kw name="Maximize Browser Window" library="SeleniumLibrary">
<doc>Maximizes current browser window.</doc>
<status status="PASS" starttime="20230824 06:22:48.956" endtime="20230824 06:22:49.083"/>
</kw>
<kw name="Get Location" library="SeleniumLibrary">
<var>${loc}</var>
<doc>Returns the current browser window URL.</doc>
<msg timestamp="20230824 06:22:49.089" level="INFO">${loc} = https://www.google.com/</msg>
<status status="PASS" starttime="20230824 06:22:49.083" endtime="20230824 06:22:49.089"/>
</kw>
<kw name="Log To Console" library="BuiltIn">
<arg>${loc}</arg>
<doc>Logs the given message to the console.</doc>
<status status="PASS" starttime="20230824 06:22:49.089" endtime="20230824 06:22:49.090"/>
</kw>
<kw name="Go To" library="SeleniumLibrary">
<arg>${url_2}</arg>
<doc>Navigates the current browser window to the provided ``url``.</doc>
<msg timestamp="20230824 06:22:49.090" level="INFO">Opening url 'https://www.bing.com'</msg>
<status status="PASS" starttime="20230824 06:22:49.090" endtime="20230824 06:22:49.761"/>
</kw>
<kw name="Get Location" library="SeleniumLibrary">
<var>${loc}</var>
<doc>Returns the current browser window URL.</doc>
<msg timestamp="20230824 06:22:49.770" level="INFO">${loc} = https://www.bing.com/</msg>
<status status="PASS" starttime="20230824 06:22:49.761" endtime="20230824 06:22:49.770"/>
</kw>
<kw name="Log To Console" library="BuiltIn">
<arg>${loc}</arg>
<doc>Logs the given message to the console.</doc>
<status status="PASS" starttime="20230824 06:22:49.770" endtime="20230824 06:22:49.770"/>
</kw>
<kw name="Sleep" library="BuiltIn">
<arg>3</arg>
<doc>Pauses the test executed for the given time.</doc>
<msg timestamp="20230824 06:22:52.772" level="INFO">Slept 3 seconds</msg>
<status status="PASS" starttime="20230824 06:22:49.770" endtime="20230824 06:22:52.772"/>
</kw>
<kw name="Go Back" library="SeleniumLibrary">
<doc>Simulates the user clicking the back button on their browser.</doc>
<status status="PASS" starttime="20230824 06:22:52.772" endtime="20230824 06:22:53.623"/>
</kw>
<kw name="Get Location" library="SeleniumLibrary">
<var>${loc}</var>
<doc>Returns the current browser window URL.</doc>
<msg timestamp="20230824 06:22:53.638" level="INFO">${loc} = https://www.google.com/</msg>
<status status="PASS" starttime="20230824 06:22:53.623" endtime="20230824 06:22:53.638"/>
</kw>
<kw name="Log To Console" library="BuiltIn">
<arg>${loc}</arg>
<doc>Logs the given message to the console.</doc>
<status status="PASS" starttime="20230824 06:22:53.638" endtime="20230824 06:22:53.639"/>
</kw>
<kw name="Sleep" library="BuiltIn">
<arg>3</arg>
<doc>Pauses the test executed for the given time.</doc>
<msg timestamp="20230824 06:22:56.640" level="INFO">Slept 3 seconds</msg>
<status status="PASS" starttime="20230824 06:22:53.639" endtime="20230824 06:22:56.640"/>
</kw>
<kw name="Close Browser" library="SeleniumLibrary">
<doc>Closes the current browser.</doc>
<status status="PASS" starttime="20230824 06:22:56.640" endtime="20230824 06:22:58.886"/>
</kw>
<status status="PASS" starttime="20230824 06:22:46.076" endtime="20230824 06:22:58.886"/>
</test>
<status status="PASS" starttime="20230824 06:22:45.850" endtime="20230824 06:22:58.887"/>
</suite>
<status status="PASS" starttime="20230824 06:22:45.816" endtime="20230824 06:22:58.888"/>
</suite>
<statistics>
<total>
<stat pass="1" fail="0" skip="0">All Tests</stat>
</total>
<tag>
</tag>
<suite>
<stat pass="1" fail="0" skip="0" id="s1" name="Suites">Suites</stat>
<stat pass="1" fail="0" skip="0" id="s1-s1" name="NavigationalKeywords">Suites.NavigationalKeywords</stat>
</suite>
</statistics>
<errors>
</errors>
</robot>
