<?xml version="1.0" encoding="UTF-8"?>
<robot generator="Robot 6.1.1 (Python 3.11.0 on win32)" generated="20230824 06:24:11.030" rpa="false" schemaversion="4">
<suite id="s1" name="Suites">
<suite id="s1-s1" name="TestDrivenTest1" source="C:\Users\user\PycharmProjects\automation\TestCase\TestDrivenTest1.robot">
<kw name="Open My Browser" library="login_resource" type="SETUP">
<kw name="Open Browser" library="SeleniumLibrary">
<arg>${LOGIN URL}</arg>
<arg>${BROWSER}</arg>
<doc>Opens a new browser instance to the optional ``url``.</doc>
<msg timestamp="20230824 06:24:11.273" level="INFO">Opening browser 'chrome' to base url 'https://admin-demo.nopcommerce.com/'.</msg>
<status status="PASS" starttime="20230824 06:24:11.272" endtime="20230824 06:24:14.907"/>
</kw>
<kw name="Maximize Browser Window" library="SeleniumLibrary">
<doc>Maximizes current browser window.</doc>
<status status="PASS" starttime="20230824 06:24:14.907" endtime="20230824 06:24:15.032"/>
</kw>
<status status="PASS" starttime="20230824 06:24:11.271" endtime="20230824 06:24:15.032"/>
</kw>
<test id="s1-s1-t1" name="Right Username Empty Password" line="9">
<kw name="Invalid Login">
<arg>admin@yourstore.com</arg>
<arg>${Empty}</arg>
<kw name="Input Username" library="login_resource">
<arg>${username}</arg>
<kw name="Input Text" library="SeleniumLibrary">
<arg>id:Email</arg>
<arg>${username}</arg>
<doc>Types the given ``text`` into the text field identified by ``locator``.</doc>
<msg timestamp="20230824 06:24:15.038" level="INFO">Typing text 'admin@yourstore.com' into text field 'id:Email'.</msg>
<status status="PASS" starttime="20230824 06:24:15.037" endtime="20230824 06:24:15.199"/>
</kw>
<status status="PASS" starttime="20230824 06:24:15.036" endtime="20230824 06:24:15.199"/>
</kw>
<kw name="Input Password" library="login_resource">
<arg>${password}</arg>
<kw name="Input Text" library="SeleniumLibrary">
<arg>id:Password</arg>
<arg>${password}</arg>
<doc>Types the given ``text`` into the text field identified by ``locator``.</doc>
<msg timestamp="20230824 06:24:15.200" level="INFO">Typing text '' into text field 'id:Password'.</msg>
<status status="PASS" starttime="20230824 06:24:15.199" endtime="20230824 06:24:15.279"/>
</kw>
<status status="PASS" starttime="20230824 06:24:15.199" endtime="20230824 06:24:15.279"/>
</kw>
<kw name="Click Login Button" library="login_resource">
<kw name="Click Element" library="SeleniumLibrary">
<arg>xpath://button[contains(text(),'Log in')]</arg>
<doc>Click the element identified by ``locator``.</doc>
<msg timestamp="20230824 06:24:15.280" level="INFO">Clicking element 'xpath://button[contains(text(),'Log in')]'.</msg>
<status status="PASS" starttime="20230824 06:24:15.279" endtime="20230824 06:24:15.777"/>
</kw>
<status status="PASS" starttime="20230824 06:24:15.279" endtime="20230824 06:24:15.777"/>
</kw>
<kw name="Error Message Should Be Visible" library="login_resource">
<kw name="Page Should Contain" library="SeleniumLibrary">
<arg>Login was unsuccessful</arg>
<doc>Verifies that current page contains ``text``.</doc>
<msg timestamp="20230824 06:24:15.882" level="INFO">Current page contains text 'Login was unsuccessful'.</msg>
<status status="PASS" starttime="20230824 06:24:15.779" endtime="20230824 06:24:15.882"/>
</kw>
<status status="PASS" starttime="20230824 06:24:15.778" endtime="20230824 06:24:15.882"/>
</kw>
<status status="PASS" starttime="20230824 06:24:15.034" endtime="20230824 06:24:15.883"/>
</kw>
<status status="PASS" starttime="20230824 06:24:15.033" endtime="20230824 06:24:15.883"/>
</test>
<test id="s1-s1-t2" name="Right Username Wrong Password" line="10">
<kw name="Invalid Login">
<arg>admin@yourstore.com</arg>
<arg>xyz</arg>
<kw name="Input Username" library="login_resource">
<arg>${username}</arg>
<kw name="Input Text" library="SeleniumLibrary">
<arg>id:Email</arg>
<arg>${username}</arg>
<doc>Types the given ``text`` into the text field identified by ``locator``.</doc>
<msg timestamp="20230824 06:24:15.886" level="INFO">Typing text 'admin@yourstore.com' into text field 'id:Email'.</msg>
<status status="PASS" starttime="20230824 06:24:15.885" endtime="20230824 06:24:16.000"/>
</kw>
<status status="PASS" starttime="20230824 06:24:15.885" endtime="20230824 06:24:16.000"/>
</kw>
<kw name="Input Password" library="login_resource">
<arg>${password}</arg>
<kw name="Input Text" library="SeleniumLibrary">
<arg>id:Password</arg>
<arg>${password}</arg>
<doc>Types the given ``text`` into the text field identified by ``locator``.</doc>
<msg timestamp="20230824 06:24:16.001" level="INFO">Typing text 'xyz' into text field 'id:Password'.</msg>
<status status="PASS" starttime="20230824 06:24:16.001" endtime="20230824 06:24:16.091"/>
</kw>
<status status="PASS" starttime="20230824 06:24:16.000" endtime="20230824 06:24:16.091"/>
</kw>
<kw name="Click Login Button" library="login_resource">
<kw name="Click Element" library="SeleniumLibrary">
<arg>xpath://button[contains(text(),'Log in')]</arg>
<doc>Click the element identified by ``locator``.</doc>
<msg timestamp="20230824 06:24:16.092" level="INFO">Clicking element 'xpath://button[contains(text(),'Log in')]'.</msg>
<status status="PASS" starttime="20230824 06:24:16.092" endtime="20230824 06:24:16.402"/>
</kw>
<status status="PASS" starttime="20230824 06:24:16.091" endtime="20230824 06:24:16.402"/>
</kw>
<kw name="Error Message Should Be Visible" library="login_resource">
<kw name="Page Should Contain" library="SeleniumLibrary">
<arg>Login was unsuccessful</arg>
<doc>Verifies that current page contains ``text``.</doc>
<msg timestamp="20230824 06:24:16.454" level="INFO">Current page contains text 'Login was unsuccessful'.</msg>
<status status="PASS" starttime="20230824 06:24:16.403" endtime="20230824 06:24:16.454"/>
</kw>
<status status="PASS" starttime="20230824 06:24:16.402" endtime="20230824 06:24:16.454"/>
</kw>
<status status="PASS" starttime="20230824 06:24:15.884" endtime="20230824 06:24:16.454"/>
</kw>
<status status="PASS" starttime="20230824 06:24:15.883" endtime="20230824 06:24:16.454"/>
</test>
<test id="s1-s1-t3" name="Wrong Username Right Password" line="11">
<kw name="Invalid Login">
<arg>adm@yourstore.com</arg>
<arg>admin</arg>
<kw name="Input Username" library="login_resource">
<arg>${username}</arg>
<kw name="Input Text" library="SeleniumLibrary">
<arg>id:Email</arg>
<arg>${username}</arg>
<doc>Types the given ``text`` into the text field identified by ``locator``.</doc>
<msg timestamp="20230824 06:24:16.457" level="INFO">Typing text 'adm@yourstore.com' into text field 'id:Email'.</msg>
<status status="PASS" starttime="20230824 06:24:16.456" endtime="20230824 06:24:16.556"/>
</kw>
<status status="PASS" starttime="20230824 06:24:16.455" endtime="20230824 06:24:16.557"/>
</kw>
<kw name="Input Password" library="login_resource">
<arg>${password}</arg>
<kw name="Input Text" library="SeleniumLibrary">
<arg>id:Password</arg>
<arg>${password}</arg>
<doc>Types the given ``text`` into the text field identified by ``locator``.</doc>
<msg timestamp="20230824 06:24:16.558" level="INFO">Typing text 'admin' into text field 'id:Password'.</msg>
<status status="PASS" starttime="20230824 06:24:16.557" endtime="20230824 06:24:16.646"/>
</kw>
<status status="PASS" starttime="20230824 06:24:16.557" endtime="20230824 06:24:16.646"/>
</kw>
<kw name="Click Login Button" library="login_resource">
<kw name="Click Element" library="SeleniumLibrary">
<arg>xpath://button[contains(text(),'Log in')]</arg>
<doc>Click the element identified by ``locator``.</doc>
<msg timestamp="20230824 06:24:16.647" level="INFO">Clicking element 'xpath://button[contains(text(),'Log in')]'.</msg>
<status status="PASS" starttime="20230824 06:24:16.646" endtime="20230824 06:24:16.943"/>
</kw>
<status status="PASS" starttime="20230824 06:24:16.646" endtime="20230824 06:24:16.943"/>
</kw>
<kw name="Error Message Should Be Visible" library="login_resource">
<kw name="Page Should Contain" library="SeleniumLibrary">
<arg>Login was unsuccessful</arg>
<doc>Verifies that current page contains ``text``.</doc>
<msg timestamp="20230824 06:24:16.958" level="INFO">Current page contains text 'Login was unsuccessful'.</msg>
<status status="PASS" starttime="20230824 06:24:16.944" endtime="20230824 06:24:16.959"/>
</kw>
<status status="PASS" starttime="20230824 06:24:16.943" endtime="20230824 06:24:16.959"/>
</kw>
<status status="PASS" starttime="20230824 06:24:16.455" endtime="20230824 06:24:16.959"/>
</kw>
<status status="PASS" starttime="20230824 06:24:16.455" endtime="20230824 06:24:16.959"/>
</test>
<test id="s1-s1-t4" name="Wrong Username Empty Password" line="12">
<kw name="Invalid Login">
<arg>adm@yourstore.com</arg>
<arg>${Empty}</arg>
<kw name="Input Username" library="login_resource">
<arg>${username}</arg>
<kw name="Input Text" library="SeleniumLibrary">
<arg>id:Email</arg>
<arg>${username}</arg>
<doc>Types the given ``text`` into the text field identified by ``locator``.</doc>
<msg timestamp="20230824 06:24:16.961" level="INFO">Typing text 'adm@yourstore.com' into text field 'id:Email'.</msg>
<status status="PASS" starttime="20230824 06:24:16.961" endtime="20230824 06:24:17.112"/>
</kw>
<status status="PASS" starttime="20230824 06:24:16.960" endtime="20230824 06:24:17.112"/>
</kw>
<kw name="Input Password" library="login_resource">
<arg>${password}</arg>
<kw name="Input Text" library="SeleniumLibrary">
<arg>id:Password</arg>
<arg>${password}</arg>
<doc>Types the given ``text`` into the text field identified by ``locator``.</doc>
<msg timestamp="20230824 06:24:17.113" level="INFO">Typing text '' into text field 'id:Password'.</msg>
<status status="PASS" starttime="20230824 06:24:17.112" endtime="20230824 06:24:17.209"/>
</kw>
<status status="PASS" starttime="20230824 06:24:17.112" endtime="20230824 06:24:17.209"/>
</kw>
<kw name="Click Login Button" library="login_resource">
<kw name="Click Element" library="SeleniumLibrary">
<arg>xpath://button[contains(text(),'Log in')]</arg>
<doc>Click the element identified by ``locator``.</doc>
<msg timestamp="20230824 06:24:17.210" level="INFO">Clicking element 'xpath://button[contains(text(),'Log in')]'.</msg>
<status status="PASS" starttime="20230824 06:24:17.209" endtime="20230824 06:24:17.487"/>
</kw>
<status status="PASS" starttime="20230824 06:24:17.209" endtime="20230824 06:24:17.487"/>
</kw>
<kw name="Error Message Should Be Visible" library="login_resource">
<kw name="Page Should Contain" library="SeleniumLibrary">
<arg>Login was unsuccessful</arg>
<doc>Verifies that current page contains ``text``.</doc>
<msg timestamp="20230824 06:24:17.542" level="INFO">Current page contains text 'Login was unsuccessful'.</msg>
<status status="PASS" starttime="20230824 06:24:17.488" endtime="20230824 06:24:17.542"/>
</kw>
<status status="PASS" starttime="20230824 06:24:17.487" endtime="20230824 06:24:17.542"/>
</kw>
<status status="PASS" starttime="20230824 06:24:16.960" endtime="20230824 06:24:17.542"/>
</kw>
<status status="PASS" starttime="20230824 06:24:16.959" endtime="20230824 06:24:17.542"/>
</test>
<test id="s1-s1-t5" name="Wrong Username Wrong Password" line="13">
<kw name="Invalid Login">
<arg>adm@yourstore.com</arg>
<arg>xyz</arg>
<kw name="Input Username" library="login_resource">
<arg>${username}</arg>
<kw name="Input Text" library="SeleniumLibrary">
<arg>id:Email</arg>
<arg>${username}</arg>
<doc>Types the given ``text`` into the text field identified by ``locator``.</doc>
<msg timestamp="20230824 06:24:17.546" level="INFO">Typing text 'adm@yourstore.com' into text field 'id:Email'.</msg>
<status status="PASS" starttime="20230824 06:24:17.545" endtime="20230824 06:24:17.639"/>
</kw>
<status status="PASS" starttime="20230824 06:24:17.543" endtime="20230824 06:24:17.640"/>
</kw>
<kw name="Input Password" library="login_resource">
<arg>${password}</arg>
<kw name="Input Text" library="SeleniumLibrary">
<arg>id:Password</arg>
<arg>${password}</arg>
<doc>Types the given ``text`` into the text field identified by ``locator``.</doc>
<msg timestamp="20230824 06:24:17.642" level="INFO">Typing text 'xyz' into text field 'id:Password'.</msg>
<status status="PASS" starttime="20230824 06:24:17.641" endtime="20230824 06:24:17.725"/>
</kw>
<status status="PASS" starttime="20230824 06:24:17.640" endtime="20230824 06:24:17.725"/>
</kw>
<kw name="Click Login Button" library="login_resource">
<kw name="Click Element" library="SeleniumLibrary">
<arg>xpath://button[contains(text(),'Log in')]</arg>
<doc>Click the element identified by ``locator``.</doc>
<msg timestamp="20230824 06:24:17.726" level="INFO">Clicking element 'xpath://button[contains(text(),'Log in')]'.</msg>
<status status="PASS" starttime="20230824 06:24:17.726" endtime="20230824 06:24:18.135"/>
</kw>
<status status="PASS" starttime="20230824 06:24:17.726" endtime="20230824 06:24:18.135"/>
</kw>
<kw name="Error Message Should Be Visible" library="login_resource">
<kw name="Page Should Contain" library="SeleniumLibrary">
<arg>Login was unsuccessful</arg>
<doc>Verifies that current page contains ``text``.</doc>
<msg timestamp="20230824 06:24:18.186" level="INFO">Current page contains text 'Login was unsuccessful'.</msg>
<status status="PASS" starttime="20230824 06:24:18.136" endtime="20230824 06:24:18.186"/>
</kw>
<status status="PASS" starttime="20230824 06:24:18.135" endtime="20230824 06:24:18.186"/>
</kw>
<status status="PASS" starttime="20230824 06:24:17.543" endtime="20230824 06:24:18.186"/>
</kw>
<status status="PASS" starttime="20230824 06:24:17.542" endtime="20230824 06:24:18.186"/>
</test>
<kw name="Close Browsers" library="login_resource" type="TEARDOWN">
<kw name="Close All Browsers" library="SeleniumLibrary">
<doc>Closes all open browsers and resets the browser cache.</doc>
<status status="PASS" starttime="20230824 06:24:18.187" endtime="20230824 06:24:24.371"/>
</kw>
<status status="PASS" starttime="20230824 06:24:18.187" endtime="20230824 06:24:24.371"/>
</kw>
<status status="PASS" starttime="20230824 06:24:11.063" endtime="20230824 06:24:24.371"/>
</suite>
<status status="PASS" starttime="20230824 06:24:11.043" endtime="20230824 06:24:24.373"/>
</suite>
<statistics>
<total>
<stat pass="5" fail="0" skip="0">All Tests</stat>
</total>
<tag>
</tag>
<suite>
<stat pass="5" fail="0" skip="0" id="s1" name="Suites">Suites</stat>
<stat pass="5" fail="0" skip="0" id="s1-s1" name="TestDrivenTest1">Suites.TestDrivenTest1</stat>
</suite>
</statistics>
<errors>
</errors>
</robot>
