<?xml version="1.0" encoding="UTF-8"?>
<robot generator="Robot 6.1.1 (Python 3.11.0 on win32)" generated="20230825 01:42:03.183" rpa="false" schemaversion="4">
<suite id="s1" name="Suites">
<suite id="s1-s1" name="SwitchToMultipleBrowsers" source="C:\Users\user\PycharmProjects\automation\TestCase\SwitchToMultipleBrowsers.robot">
<test id="s1-s1-t1" name="MutipleBrowsersTest" line="10">
<kw name="Open Browser" library="SeleniumLibrary">
<arg>${url_1}</arg>
<arg>${browser}</arg>
<doc>Opens a new browser instance to the optional ``url``.</doc>
<msg timestamp="20230825 01:42:03.404" level="INFO">Opening browser 'chrome' to base url 'https://www.google.com'.</msg>
<status status="PASS" starttime="20230825 01:42:03.403" endtime="20230825 01:42:07.712"/>
</kw>
<kw name="Maximize Browser Window" library="SeleniumLibrary">
<doc>Maximizes current browser window.</doc>
<status status="PASS" starttime="20230825 01:42:07.712" endtime="20230825 01:42:07.830"/>
</kw>
<kw name="Sleep" library="BuiltIn">
<arg>3</arg>
<doc>Pauses the test executed for the given time.</doc>
<msg timestamp="20230825 01:42:10.830" level="INFO">Slept 3 seconds</msg>
<status status="PASS" starttime="20230825 01:42:07.830" endtime="20230825 01:42:10.830"/>
</kw>
<kw name="Open Browser" library="SeleniumLibrary">
<arg>${url_2}</arg>
<arg>${browser}</arg>
<doc>Opens a new browser instance to the optional ``url``.</doc>
<msg timestamp="20230825 01:42:10.831" level="INFO">Opening browser 'chrome' to base url 'https://www.bing.com'.</msg>
<status status="PASS" starttime="20230825 01:42:10.830" endtime="20230825 01:42:13.691"/>
</kw>
<kw name="Maximize Browser Window" library="SeleniumLibrary">
<doc>Maximizes current browser window.</doc>
<status status="PASS" starttime="20230825 01:42:13.691" endtime="20230825 01:42:13.814"/>
</kw>
<kw name="Switch Browser" library="SeleniumLibrary">
<arg>1</arg>
<doc>Switches between active browsers using ``index_or_alias``.</doc>
<status status="PASS" starttime="20230825 01:42:13.815" endtime="20230825 01:42:13.815"/>
</kw>
<kw name="Get Title" library="SeleniumLibrary">
<var>${title}</var>
<doc>Returns the title of the current page.</doc>
<msg timestamp="20230825 01:42:13.826" level="INFO">${title} = Google</msg>
<status status="PASS" starttime="20230825 01:42:13.815" endtime="20230825 01:42:13.826"/>
</kw>
<kw name="Log To Console" library="BuiltIn">
<arg>${title}</arg>
<doc>Logs the given message to the console.</doc>
<status status="PASS" starttime="20230825 01:42:13.826" endtime="20230825 01:42:13.827"/>
</kw>
<kw name="Switch Browser" library="SeleniumLibrary">
<arg>2</arg>
<doc>Switches between active browsers using ``index_or_alias``.</doc>
<status status="PASS" starttime="20230825 01:42:13.828" endtime="20230825 01:42:13.829"/>
</kw>
<kw name="Get Title" library="SeleniumLibrary">
<var>${title}</var>
<doc>Returns the title of the current page.</doc>
<msg timestamp="20230825 01:42:13.839" level="INFO">${title} = Bing</msg>
<status status="PASS" starttime="20230825 01:42:13.829" endtime="20230825 01:42:13.839"/>
</kw>
<kw name="Log To Console" library="BuiltIn">
<arg>${title}</arg>
<doc>Logs the given message to the console.</doc>
<status status="PASS" starttime="20230825 01:42:13.839" endtime="20230825 01:42:13.840"/>
</kw>
<kw name="Sleep" library="BuiltIn">
<arg>3</arg>
<doc>Pauses the test executed for the given time.</doc>
<msg timestamp="20230825 01:42:16.840" level="INFO">Slept 3 seconds</msg>
<status status="PASS" starttime="20230825 01:42:13.840" endtime="20230825 01:42:16.840"/>
</kw>
<kw name="Close All Browsers" library="SeleniumLibrary">
<doc>Closes all open browsers and resets the browser cache.</doc>
<status status="PASS" starttime="20230825 01:42:16.840" endtime="20230825 01:42:29.334"/>
</kw>
<doc>在多個瀏覽器中進行切換,並獲取個別網頁標題</doc>
<status status="PASS" starttime="20230825 01:42:03.402" endtime="20230825 01:42:29.335"/>
</test>
<status status="PASS" starttime="20230825 01:42:03.207" endtime="20230825 01:42:29.336"/>
</suite>
<status status="PASS" starttime="20230825 01:42:03.190" endtime="20230825 01:42:29.340"/>
</suite>
<statistics>
<total>
<stat pass="1" fail="0" skip="0">All Tests</stat>
</total>
<tag>
</tag>
<suite>
<stat pass="1" fail="0" skip="0" id="s1" name="Suites">Suites</stat>
<stat pass="1" fail="0" skip="0" id="s1-s1" name="SwitchToMultipleBrowsers">Suites.SwitchToMultipleBrowsers</stat>
</suite>
</statistics>
<errors>
</errors>
</robot>
