<?xml version="1.0" encoding="UTF-8"?>
<robot generator="Robot 6.1.1 (Python 3.11.0 on win32)" generated="20230825 17:24:25.963" rpa="false" schemaversion="4">
<suite id="s1" name="Suites">
<suite id="s1-s1" name="TestDrivenTest3 CSV" source="C:\Users\user\PycharmProjects\automation\TestCase\TestDrivenTest3_CSV.robot">
<kw name="Open My Browser" library="login_resource" type="SETUP">
<doc>開啟瀏覽器</doc>
<kw name="Open Browser" library="SeleniumLibrary">
<arg>${LOGIN URL}</arg>
<arg>${BROWSER}</arg>
<doc>Opens a new browser instance to the optional ``url``.</doc>
<msg timestamp="20230825 17:24:26.301" level="INFO">Opening browser 'chrome' to base url 'https://admin-demo.nopcommerce.com/'.</msg>
<status status="PASS" starttime="20230825 17:24:26.300" endtime="20230825 17:24:30.632"/>
</kw>
<kw name="Maximize Browser Window" library="SeleniumLibrary">
<doc>Maximizes current browser window.</doc>
<status status="PASS" starttime="20230825 17:24:30.633" endtime="20230825 17:24:30.775"/>
</kw>
<kw name="Sleep" library="BuiltIn">
<arg>2</arg>
<doc>Pauses the test executed for the given time.</doc>
<msg timestamp="20230825 17:24:32.777" level="INFO">Slept 2 seconds</msg>
<status status="PASS" starttime="20230825 17:24:30.775" endtime="20230825 17:24:32.777"/>
</kw>
<status status="PASS" starttime="20230825 17:24:26.299" endtime="20230825 17:24:32.777"/>
</kw>
<test id="s1-s1-t1" name="LoginTestWithCSV" line="10">
<kw name="Invalid Login">
<arg>admin@yourstore.com</arg>
<arg>${Empty}</arg>
<doc>網頁登入失敗功能驗證,確認輸入錯誤帳號密碼,頁面會出現錯誤訊息</doc>
<kw name="Input Username" library="login_resource">
<arg>${username}</arg>
<doc>輸入帳號</doc>
<kw name="Input Text" library="SeleniumLibrary">
<arg>id:Email</arg>
<arg>${username}</arg>
<doc>Types the given ``text`` into the text field identified by ``locator``.</doc>
<msg timestamp="20230825 17:24:32.783" level="INFO">Typing text 'admin@yourstore.com' into text field 'id:Email'.</msg>
<status status="PASS" starttime="20230825 17:24:32.781" endtime="20230825 17:24:32.945"/>
</kw>
<status status="PASS" starttime="20230825 17:24:32.780" endtime="20230825 17:24:32.946"/>
</kw>
<kw name="Input Password" library="login_resource">
<arg>${password}</arg>
<doc>輸入密碼</doc>
<kw name="Input Text" library="SeleniumLibrary">
<arg>id:Password</arg>
<arg>${password}</arg>
<doc>Types the given ``text`` into the text field identified by ``locator``.</doc>
<msg timestamp="20230825 17:24:32.949" level="INFO">Typing text '' into text field 'id:Password'.</msg>
<status status="PASS" starttime="20230825 17:24:32.948" endtime="20230825 17:24:33.046"/>
</kw>
<status status="PASS" starttime="20230825 17:24:32.946" endtime="20230825 17:24:33.047"/>
</kw>
<kw name="Click Login Button" library="login_resource">
<doc>點擊登入按鈕</doc>
<kw name="Click Element" library="SeleniumLibrary">
<arg>xpath://button[contains(text(),'Log in')]</arg>
<doc>Click the element identified by ``locator``.</doc>
<msg timestamp="20230825 17:24:33.049" level="INFO">Clicking element 'xpath://button[contains(text(),'Log in')]'.</msg>
<status status="PASS" starttime="20230825 17:24:33.049" endtime="20230825 17:24:33.485"/>
</kw>
<status status="PASS" starttime="20230825 17:24:33.047" endtime="20230825 17:24:33.486"/>
</kw>
<kw name="Error Message Should Be Visible" library="login_resource">
<doc>驗證網頁登入失敗</doc>
<kw name="Page Should Contain" library="SeleniumLibrary">
<arg>Login was unsuccessful</arg>
<doc>Verifies that current page contains ``text``.</doc>
<msg timestamp="20230825 17:24:33.549" level="INFO">Current page contains text 'Login was unsuccessful'.</msg>
<status status="PASS" starttime="20230825 17:24:33.487" endtime="20230825 17:24:33.550"/>
</kw>
<status status="PASS" starttime="20230825 17:24:33.486" endtime="20230825 17:24:33.550"/>
</kw>
<status status="PASS" starttime="20230825 17:24:32.779" endtime="20230825 17:24:33.550"/>
</kw>
<status status="PASS" starttime="20230825 17:24:32.777" endtime="20230825 17:24:33.551"/>
</test>
<test id="s1-s1-t2" name="LoginTestWithCSV" line="10">
<kw name="Invalid Login">
<arg>admin@yourstore.com</arg>
<arg>xyz</arg>
<doc>網頁登入失敗功能驗證,確認輸入錯誤帳號密碼,頁面會出現錯誤訊息</doc>
<kw name="Input Username" library="login_resource">
<arg>${username}</arg>
<doc>輸入帳號</doc>
<kw name="Input Text" library="SeleniumLibrary">
<arg>id:Email</arg>
<arg>${username}</arg>
<doc>Types the given ``text`` into the text field identified by ``locator``.</doc>
<msg timestamp="20230825 17:24:33.560" level="INFO">Typing text 'admin@yourstore.com' into text field 'id:Email'.</msg>
<status status="PASS" starttime="20230825 17:24:33.559" endtime="20230825 17:24:33.749"/>
</kw>
<status status="PASS" starttime="20230825 17:24:33.558" endtime="20230825 17:24:33.749"/>
</kw>
<kw name="Input Password" library="login_resource">
<arg>${password}</arg>
<doc>輸入密碼</doc>
<kw name="Input Text" library="SeleniumLibrary">
<arg>id:Password</arg>
<arg>${password}</arg>
<doc>Types the given ``text`` into the text field identified by ``locator``.</doc>
<msg timestamp="20230825 17:24:33.753" level="INFO">Typing text 'xyz' into text field 'id:Password'.</msg>
<status status="PASS" starttime="20230825 17:24:33.751" endtime="20230825 17:24:33.844"/>
</kw>
<status status="PASS" starttime="20230825 17:24:33.749" endtime="20230825 17:24:33.845"/>
</kw>
<kw name="Click Login Button" library="login_resource">
<doc>點擊登入按鈕</doc>
<kw name="Click Element" library="SeleniumLibrary">
<arg>xpath://button[contains(text(),'Log in')]</arg>
<doc>Click the element identified by ``locator``.</doc>
<msg timestamp="20230825 17:24:33.846" level="INFO">Clicking element 'xpath://button[contains(text(),'Log in')]'.</msg>
<status status="PASS" starttime="20230825 17:24:33.845" endtime="20230825 17:24:34.235"/>
</kw>
<status status="PASS" starttime="20230825 17:24:33.845" endtime="20230825 17:24:34.235"/>
</kw>
<kw name="Error Message Should Be Visible" library="login_resource">
<doc>驗證網頁登入失敗</doc>
<kw name="Page Should Contain" library="SeleniumLibrary">
<arg>Login was unsuccessful</arg>
<doc>Verifies that current page contains ``text``.</doc>
<msg timestamp="20230825 17:24:34.265" level="INFO">Current page contains text 'Login was unsuccessful'.</msg>
<status status="PASS" starttime="20230825 17:24:34.236" endtime="20230825 17:24:34.265"/>
</kw>
<status status="PASS" starttime="20230825 17:24:34.235" endtime="20230825 17:24:34.265"/>
</kw>
<status status="PASS" starttime="20230825 17:24:33.556" endtime="20230825 17:24:34.265"/>
</kw>
<status status="PASS" starttime="20230825 17:24:33.552" endtime="20230825 17:24:34.266"/>
</test>
<test id="s1-s1-t3" name="LoginTestWithCSV" line="10">
<kw name="Invalid Login">
<arg>adm@yourstore.com</arg>
<arg>admin</arg>
<doc>網頁登入失敗功能驗證,確認輸入錯誤帳號密碼,頁面會出現錯誤訊息</doc>
<kw name="Input Username" library="login_resource">
<arg>${username}</arg>
<doc>輸入帳號</doc>
<kw name="Input Text" library="SeleniumLibrary">
<arg>id:Email</arg>
<arg>${username}</arg>
<doc>Types the given ``text`` into the text field identified by ``locator``.</doc>
<msg timestamp="20230825 17:24:34.273" level="INFO">Typing text 'adm@yourstore.com' into text field 'id:Email'.</msg>
<status status="PASS" starttime="20230825 17:24:34.271" endtime="20230825 17:24:34.466"/>
</kw>
<status status="PASS" starttime="20230825 17:24:34.270" endtime="20230825 17:24:34.466"/>
</kw>
<kw name="Input Password" library="login_resource">
<arg>${password}</arg>
<doc>輸入密碼</doc>
<kw name="Input Text" library="SeleniumLibrary">
<arg>id:Password</arg>
<arg>${password}</arg>
<doc>Types the given ``text`` into the text field identified by ``locator``.</doc>
<msg timestamp="20230825 17:24:34.469" level="INFO">Typing text 'admin' into text field 'id:Password'.</msg>
<status status="PASS" starttime="20230825 17:24:34.468" endtime="20230825 17:24:34.623"/>
</kw>
<status status="PASS" starttime="20230825 17:24:34.467" endtime="20230825 17:24:34.623"/>
</kw>
<kw name="Click Login Button" library="login_resource">
<doc>點擊登入按鈕</doc>
<kw name="Click Element" library="SeleniumLibrary">
<arg>xpath://button[contains(text(),'Log in')]</arg>
<doc>Click the element identified by ``locator``.</doc>
<msg timestamp="20230825 17:24:34.625" level="INFO">Clicking element 'xpath://button[contains(text(),'Log in')]'.</msg>
<status status="PASS" starttime="20230825 17:24:34.624" endtime="20230825 17:24:35.011"/>
</kw>
<status status="PASS" starttime="20230825 17:24:34.623" endtime="20230825 17:24:35.011"/>
</kw>
<kw name="Error Message Should Be Visible" library="login_resource">
<doc>驗證網頁登入失敗</doc>
<kw name="Page Should Contain" library="SeleniumLibrary">
<arg>Login was unsuccessful</arg>
<doc>Verifies that current page contains ``text``.</doc>
<msg timestamp="20230825 17:24:35.034" level="INFO">Current page contains text 'Login was unsuccessful'.</msg>
<status status="PASS" starttime="20230825 17:24:35.012" endtime="20230825 17:24:35.034"/>
</kw>
<status status="PASS" starttime="20230825 17:24:35.011" endtime="20230825 17:24:35.035"/>
</kw>
<status status="PASS" starttime="20230825 17:24:34.269" endtime="20230825 17:24:35.035"/>
</kw>
<status status="PASS" starttime="20230825 17:24:34.267" endtime="20230825 17:24:35.036"/>
</test>
<test id="s1-s1-t4" name="LoginTestWithCSV" line="10">
<kw name="Invalid Login">
<arg>adm@yourstore.com</arg>
<arg>${Empty}</arg>
<doc>網頁登入失敗功能驗證,確認輸入錯誤帳號密碼,頁面會出現錯誤訊息</doc>
<kw name="Input Username" library="login_resource">
<arg>${username}</arg>
<doc>輸入帳號</doc>
<kw name="Input Text" library="SeleniumLibrary">
<arg>id:Email</arg>
<arg>${username}</arg>
<doc>Types the given ``text`` into the text field identified by ``locator``.</doc>
<msg timestamp="20230825 17:24:35.045" level="INFO">Typing text 'adm@yourstore.com' into text field 'id:Email'.</msg>
<status status="PASS" starttime="20230825 17:24:35.044" endtime="20230825 17:24:35.200"/>
</kw>
<status status="PASS" starttime="20230825 17:24:35.043" endtime="20230825 17:24:35.201"/>
</kw>
<kw name="Input Password" library="login_resource">
<arg>${password}</arg>
<doc>輸入密碼</doc>
<kw name="Input Text" library="SeleniumLibrary">
<arg>id:Password</arg>
<arg>${password}</arg>
<doc>Types the given ``text`` into the text field identified by ``locator``.</doc>
<msg timestamp="20230825 17:24:35.202" level="INFO">Typing text '' into text field 'id:Password'.</msg>
<status status="PASS" starttime="20230825 17:24:35.202" endtime="20230825 17:24:35.322"/>
</kw>
<status status="PASS" starttime="20230825 17:24:35.201" endtime="20230825 17:24:35.323"/>
</kw>
<kw name="Click Login Button" library="login_resource">
<doc>點擊登入按鈕</doc>
<kw name="Click Element" library="SeleniumLibrary">
<arg>xpath://button[contains(text(),'Log in')]</arg>
<doc>Click the element identified by ``locator``.</doc>
<msg timestamp="20230825 17:24:35.325" level="INFO">Clicking element 'xpath://button[contains(text(),'Log in')]'.</msg>
<status status="PASS" starttime="20230825 17:24:35.324" endtime="20230825 17:24:35.716"/>
</kw>
<status status="PASS" starttime="20230825 17:24:35.323" endtime="20230825 17:24:35.716"/>
</kw>
<kw name="Error Message Should Be Visible" library="login_resource">
<doc>驗證網頁登入失敗</doc>
<kw name="Page Should Contain" library="SeleniumLibrary">
<arg>Login was unsuccessful</arg>
<doc>Verifies that current page contains ``text``.</doc>
<msg timestamp="20230825 17:24:35.752" level="INFO">Current page contains text 'Login was unsuccessful'.</msg>
<status status="PASS" starttime="20230825 17:24:35.717" endtime="20230825 17:24:35.752"/>
</kw>
<status status="PASS" starttime="20230825 17:24:35.716" endtime="20230825 17:24:35.753"/>
</kw>
<status status="PASS" starttime="20230825 17:24:35.041" endtime="20230825 17:24:35.754"/>
</kw>
<status status="PASS" starttime="20230825 17:24:35.036" endtime="20230825 17:24:35.754"/>
</test>
<test id="s1-s1-t5" name="LoginTestWithCSV" line="10">
<kw name="Invalid Login">
<arg>adm@yourstore.com</arg>
<arg>xyz</arg>
<doc>網頁登入失敗功能驗證,確認輸入錯誤帳號密碼,頁面會出現錯誤訊息</doc>
<kw name="Input Username" library="login_resource">
<arg>${username}</arg>
<doc>輸入帳號</doc>
<kw name="Input Text" library="SeleniumLibrary">
<arg>id:Email</arg>
<arg>${username}</arg>
<doc>Types the given ``text`` into the text field identified by ``locator``.</doc>
<msg timestamp="20230825 17:24:35.761" level="INFO">Typing text 'adm@yourstore.com' into text field 'id:Email'.</msg>
<status status="PASS" starttime="20230825 17:24:35.760" endtime="20230825 17:24:35.900"/>
</kw>
<status status="PASS" starttime="20230825 17:24:35.759" endtime="20230825 17:24:35.900"/>
</kw>
<kw name="Input Password" library="login_resource">
<arg>${password}</arg>
<doc>輸入密碼</doc>
<kw name="Input Text" library="SeleniumLibrary">
<arg>id:Password</arg>
<arg>${password}</arg>
<doc>Types the given ``text`` into the text field identified by ``locator``.</doc>
<msg timestamp="20230825 17:24:35.902" level="INFO">Typing text 'xyz' into text field 'id:Password'.</msg>
<status status="PASS" starttime="20230825 17:24:35.901" endtime="20230825 17:24:36.036"/>
</kw>
<status status="PASS" starttime="20230825 17:24:35.900" endtime="20230825 17:24:36.036"/>
</kw>
<kw name="Click Login Button" library="login_resource">
<doc>點擊登入按鈕</doc>
<kw name="Click Element" library="SeleniumLibrary">
<arg>xpath://button[contains(text(),'Log in')]</arg>
<doc>Click the element identified by ``locator``.</doc>
<msg timestamp="20230825 17:24:36.040" level="INFO">Clicking element 'xpath://button[contains(text(),'Log in')]'.</msg>
<status status="PASS" starttime="20230825 17:24:36.038" endtime="20230825 17:24:36.424"/>
</kw>
<status status="PASS" starttime="20230825 17:24:36.037" endtime="20230825 17:24:36.424"/>
</kw>
<kw name="Error Message Should Be Visible" library="login_resource">
<doc>驗證網頁登入失敗</doc>
<kw name="Page Should Contain" library="SeleniumLibrary">
<arg>Login was unsuccessful</arg>
<doc>Verifies that current page contains ``text``.</doc>
<msg timestamp="20230825 17:24:36.442" level="INFO">Current page contains text 'Login was unsuccessful'.</msg>
<status status="PASS" starttime="20230825 17:24:36.426" endtime="20230825 17:24:36.442"/>
</kw>
<status status="PASS" starttime="20230825 17:24:36.425" endtime="20230825 17:24:36.442"/>
</kw>
<status status="PASS" starttime="20230825 17:24:35.758" endtime="20230825 17:24:36.442"/>
</kw>
<status status="PASS" starttime="20230825 17:24:35.755" endtime="20230825 17:24:36.443"/>
</test>
<kw name="Close Browsers" library="login_resource" type="TEARDOWN">
<doc>關閉瀏覽器</doc>
<kw name="Close All Browsers" library="SeleniumLibrary">
<doc>Closes all open browsers and resets the browser cache.</doc>
<status status="PASS" starttime="20230825 17:24:36.445" endtime="20230825 17:24:42.737"/>
</kw>
<status status="PASS" starttime="20230825 17:24:36.444" endtime="20230825 17:24:42.738"/>
</kw>
<status status="PASS" starttime="20230825 17:24:25.993" endtime="20230825 17:24:42.738"/>
</suite>
<status status="PASS" starttime="20230825 17:24:25.972" endtime="20230825 17:24:42.739"/>
</suite>
<statistics>
<total>
<stat pass="5" fail="0" skip="0">All Tests</stat>
</total>
<tag>
</tag>
<suite>
<stat pass="5" fail="0" skip="0" id="s1" name="Suites">Suites</stat>
<stat pass="5" fail="0" skip="0" id="s1-s1" name="TestDrivenTest3 CSV">Suites.TestDrivenTest3 CSV</stat>
</suite>
</statistics>
<errors>
<msg timestamp="20230825 17:24:33.552" level="WARN">Multiple tests with name 'LoginTestWithCSV' executed in suite 'Suites.TestDrivenTest3 CSV'.</msg>
<msg timestamp="20230825 17:24:34.266" level="WARN">Multiple tests with name 'LoginTestWithCSV' executed in suite 'Suites.TestDrivenTest3 CSV'.</msg>
<msg timestamp="20230825 17:24:35.036" level="WARN">Multiple tests with name 'LoginTestWithCSV' executed in suite 'Suites.TestDrivenTest3 CSV'.</msg>
<msg timestamp="20230825 17:24:35.755" level="WARN">Multiple tests with name 'LoginTestWithCSV' executed in suite 'Suites.TestDrivenTest3 CSV'.</msg>
</errors>
</robot>
