<?xml version="1.0" encoding="UTF-8"?>
<robot generator="Robot 6.1.1 (Python 3.11.0 on win32)" generated="20230825 01:41:08.727" rpa="false" schemaversion="4">
<suite id="s1" name="Suites">
<suite id="s1-s1" name="Implicitwait" source="C:\Users\user\PycharmProjects\automation\TestCase\Implicitwait.robot">
<test id="s1-s1-t1" name="RegTest" line="10">
<kw name="Open Browser" library="SeleniumLibrary">
<arg>${url}</arg>
<arg>${browser}</arg>
<doc>Opens a new browser instance to the optional ``url``.</doc>
<msg timestamp="20230825 01:41:08.939" level="INFO">Opening browser 'chrome' to base url 'https://demowebshop.tricentis.com/register'.</msg>
<status status="PASS" starttime="20230825 01:41:08.938" endtime="20230825 01:41:13.719"/>
</kw>
<kw name="Maximize Browser Window" library="SeleniumLibrary">
<doc>Maximizes current browser window.</doc>
<status status="PASS" starttime="20230825 01:41:13.719" endtime="20230825 01:41:13.835"/>
</kw>
<kw name="Get Selenium Implicit Wait" library="SeleniumLibrary">
<var>${implicittime}</var>
<doc>Gets the implicit wait value used by Selenium.</doc>
<msg timestamp="20230825 01:41:13.838" level="INFO">${implicittime} = 0 seconds</msg>
<status status="PASS" starttime="20230825 01:41:13.836" endtime="20230825 01:41:13.838"/>
</kw>
<kw name="Log To Console" library="BuiltIn">
<arg>${implicittime}</arg>
<doc>Logs the given message to the console.</doc>
<status status="PASS" starttime="20230825 01:41:13.838" endtime="20230825 01:41:13.840"/>
</kw>
<kw name="Set Selenium Implicit Wait" library="SeleniumLibrary">
<arg>10 seconds</arg>
<doc>Sets the implicit wait value used by Selenium.</doc>
<status status="PASS" starttime="20230825 01:41:13.841" endtime="20230825 01:41:13.935"/>
</kw>
<kw name="Get Selenium Implicit Wait" library="SeleniumLibrary">
<var>${implicittime}</var>
<doc>Gets the implicit wait value used by Selenium.</doc>
<msg timestamp="20230825 01:41:13.938" level="INFO">${implicittime} = 10 seconds</msg>
<status status="PASS" starttime="20230825 01:41:13.936" endtime="20230825 01:41:13.938"/>
</kw>
<kw name="Log To Console" library="BuiltIn">
<arg>${implicittime}</arg>
<doc>Logs the given message to the console.</doc>
<status status="PASS" starttime="20230825 01:41:13.938" endtime="20230825 01:41:13.940"/>
</kw>
<kw name="Select Radio Button" library="SeleniumLibrary">
<arg>Gender</arg>
<arg>M</arg>
<doc>Sets the radio button group ``group_name`` to ``value``.</doc>
<msg timestamp="20230825 01:41:13.942" level="INFO">Selecting 'M' from radio button 'Gender'.</msg>
<status status="PASS" starttime="20230825 01:41:13.940" endtime="20230825 01:41:14.048"/>
</kw>
<kw name="Input Text" library="SeleniumLibrary">
<arg>name:FirstName</arg>
<arg>Kuan Yu</arg>
<doc>Types the given ``text`` into the text field identified by ``locator``.</doc>
<msg timestamp="20230825 01:41:14.051" level="INFO">Typing text 'Kuan Yu' into text field 'name:FirstName'.</msg>
<status status="PASS" starttime="20230825 01:41:14.049" endtime="20230825 01:41:14.263"/>
</kw>
<kw name="Input Text" library="SeleniumLibrary">
<arg>name:LastName</arg>
<arg>Chen</arg>
<doc>Types the given ``text`` into the text field identified by ``locator``.</doc>
<msg timestamp="20230825 01:41:14.264" level="INFO">Typing text 'Chen' into text field 'name:LastName'.</msg>
<status status="PASS" starttime="20230825 01:41:14.263" endtime="20230825 01:41:14.375"/>
</kw>
<kw name="Input Text" library="SeleniumLibrary">
<arg>name:Email</arg>
<arg>kcem104@gmail.com</arg>
<doc>Types the given ``text`` into the text field identified by ``locator``.</doc>
<msg timestamp="20230825 01:41:14.375" level="INFO">Typing text 'kcem104@gmail.com' into text field 'name:Email'.</msg>
<status status="PASS" starttime="20230825 01:41:14.375" endtime="20230825 01:41:14.464"/>
</kw>
<kw name="Input Text" library="SeleniumLibrary">
<arg>name:Password</arg>
<arg>G#n3ik9Th54STN</arg>
<doc>Types the given ``text`` into the text field identified by ``locator``.</doc>
<msg timestamp="20230825 01:41:14.465" level="INFO">Typing text 'G#n3ik9Th54STN' into text field 'name:Password'.</msg>
<status status="PASS" starttime="20230825 01:41:14.464" endtime="20230825 01:41:14.564"/>
</kw>
<kw name="Input Text" library="SeleniumLibrary">
<arg>name:ConfirmPassword</arg>
<arg>G#n3ik9Th54STN</arg>
<doc>Types the given ``text`` into the text field identified by ``locator``.</doc>
<msg timestamp="20230825 01:41:14.565" level="INFO">Typing text 'G#n3ik9Th54STN' into text field 'name:ConfirmPassword'.</msg>
<status status="PASS" starttime="20230825 01:41:14.565" endtime="20230825 01:41:14.678"/>
</kw>
<doc>測試不同搜尋網頁元素時間</doc>
<status status="PASS" starttime="20230825 01:41:08.937" endtime="20230825 01:41:14.679"/>
</test>
<status status="PASS" starttime="20230825 01:41:08.751" endtime="20230825 01:41:14.679"/>
</suite>
<status status="PASS" starttime="20230825 01:41:08.734" endtime="20230825 01:41:14.680"/>
</suite>
<statistics>
<total>
<stat pass="1" fail="0" skip="0">All Tests</stat>
</total>
<tag>
</tag>
<suite>
<stat pass="1" fail="0" skip="0" id="s1" name="Suites">Suites</stat>
<stat pass="1" fail="0" skip="0" id="s1-s1" name="Implicitwait">Suites.Implicitwait</stat>
</suite>
</statistics>
<errors>
</errors>
</robot>
