<?xml version="1.0" encoding="UTF-8"?>
<robot generator="Robot 6.1.1 (Python 3.11.0 on win32)" generated="20230824 06:22:43.844" rpa="false" schemaversion="4">
<suite id="s1" name="Suites">
<suite id="s1-s1" name="MouseOperations" source="C:\Users\user\PycharmProjects\automation\TestCase\MouseOperations.robot">
<test id="s1-s1-t1" name="MouseActions" line="10">
<kw name="Open Browser" library="SeleniumLibrary">
<arg>${url_1}</arg>
<arg>${browser}</arg>
<doc>Opens a new browser instance to the optional ``url``.</doc>
<msg timestamp="20230824 06:22:44.049" level="INFO">Opening browser 'chrome' to base url 'https://swisnl.github.io/jQuery-contextMenu/demo.html'.</msg>
<status status="PASS" starttime="20230824 06:22:44.049" endtime="20230824 06:22:47.284"/>
</kw>
<kw name="Maximize Browser Window" library="SeleniumLibrary">
<doc>Maximizes current browser window.</doc>
<status status="PASS" starttime="20230824 06:22:47.284" endtime="20230824 06:22:47.428"/>
</kw>
<kw name="Open Context Menu" library="SeleniumLibrary">
<arg>xpath://span[contains(text(),'right click me')]</arg>
<doc>Opens the context menu on the element identified by ``locator``.</doc>
<status status="PASS" starttime="20230824 06:22:47.429" endtime="20230824 06:22:47.789"/>
</kw>
<kw name="Sleep" library="BuiltIn">
<arg>5</arg>
<doc>Pauses the test executed for the given time.</doc>
<msg timestamp="20230824 06:22:52.790" level="INFO">Slept 5 seconds</msg>
<status status="PASS" starttime="20230824 06:22:47.790" endtime="20230824 06:22:52.790"/>
</kw>
<kw name="Go To" library="SeleniumLibrary">
<arg>${url_2}</arg>
<doc>Navigates the current browser window to the provided ``url``.</doc>
<msg timestamp="20230824 06:22:52.791" level="INFO">Opening url 'https://testautomationpractice.blogspot.com/'</msg>
<status status="PASS" starttime="20230824 06:22:52.790" endtime="20230824 06:22:57.247"/>
</kw>
<kw name="Maximize Browser Window" library="SeleniumLibrary">
<doc>Maximizes current browser window.</doc>
<status status="PASS" starttime="20230824 06:22:57.247" endtime="20230824 06:22:57.250"/>
</kw>
<kw name="Double Click Element" library="SeleniumLibrary">
<arg>xpath://button[contains(text(),'Copy Text')]</arg>
<doc>Double clicks the element identified by ``locator``.</doc>
<msg timestamp="20230824 06:22:57.251" level="INFO">Double clicking element 'xpath://button[contains(text(),'Copy Text')]'.</msg>
<status status="PASS" starttime="20230824 06:22:57.251" endtime="20230824 06:22:57.571"/>
</kw>
<kw name="Sleep" library="BuiltIn">
<arg>5</arg>
<doc>Pauses the test executed for the given time.</doc>
<msg timestamp="20230824 06:23:02.573" level="INFO">Slept 5 seconds</msg>
<status status="PASS" starttime="20230824 06:22:57.571" endtime="20230824 06:23:02.573"/>
</kw>
<kw name="Go To" library="SeleniumLibrary">
<arg>${url_3}</arg>
<doc>Navigates the current browser window to the provided ``url``.</doc>
<msg timestamp="20230824 06:23:02.573" level="INFO">Opening url 'http://www.dhtmlgoodies.com/scripts/drag-drop-custom/demo-drag-drop-3.html'</msg>
<status status="PASS" starttime="20230824 06:23:02.573" endtime="20230824 06:23:06.633"/>
</kw>
<kw name="Maximize Browser Window" library="SeleniumLibrary">
<doc>Maximizes current browser window.</doc>
<status status="PASS" starttime="20230824 06:23:06.634" endtime="20230824 06:23:06.639"/>
</kw>
<kw name="Sleep" library="BuiltIn">
<arg>5</arg>
<doc>Pauses the test executed for the given time.</doc>
<msg timestamp="20230824 06:23:11.639" level="INFO">Slept 5 seconds</msg>
<status status="PASS" starttime="20230824 06:23:06.639" endtime="20230824 06:23:11.639"/>
</kw>
<kw name="Drag And Drop" library="SeleniumLibrary">
<arg>id:box6</arg>
<arg>id:box106</arg>
<doc>Drags the element identified by ``locator`` into the ``target`` element.</doc>
<status status="PASS" starttime="20230824 06:23:11.639" endtime="20230824 06:23:12.233"/>
</kw>
<kw name="Sleep" library="BuiltIn">
<arg>5</arg>
<doc>Pauses the test executed for the given time.</doc>
<msg timestamp="20230824 06:23:17.235" level="INFO">Slept 5 seconds</msg>
<status status="PASS" starttime="20230824 06:23:12.233" endtime="20230824 06:23:17.235"/>
</kw>
<kw name="Close Browser" library="SeleniumLibrary">
<doc>Closes the current browser.</doc>
<status status="PASS" starttime="20230824 06:23:17.235" endtime="20230824 06:23:19.380"/>
</kw>
<status status="PASS" starttime="20230824 06:22:44.048" endtime="20230824 06:23:19.380"/>
</test>
<status status="PASS" starttime="20230824 06:22:43.870" endtime="20230824 06:23:19.380"/>
</suite>
<status status="PASS" starttime="20230824 06:22:43.854" endtime="20230824 06:23:19.381"/>
</suite>
<statistics>
<total>
<stat pass="1" fail="0" skip="0">All Tests</stat>
</total>
<tag>
</tag>
<suite>
<stat pass="1" fail="0" skip="0" id="s1" name="Suites">Suites</stat>
<stat pass="1" fail="0" skip="0" id="s1-s1" name="MouseOperations">Suites.MouseOperations</stat>
</suite>
</statistics>
<errors>
</errors>
</robot>
