<?xml version="1.0" encoding="UTF-8"?>
<robot generator="Robot 6.1.1 (Python 3.11.0 on win32)" generated="20230824 06:23:04.391" rpa="false" schemaversion="4">
<suite id="s1" name="Suites">
<suite id="s1-s1" name="ScrollingPage" source="C:\Users\user\PycharmProjects\automation\TestCase\ScrollingPage.robot">
<test id="s1-s1-t1" name="ScorllingTest" line="9">
<kw name="Open Browser" library="SeleniumLibrary">
<arg>${url}</arg>
<arg>${browser}</arg>
<doc>Opens a new browser instance to the optional ``url``.</doc>
<msg timestamp="20230824 06:23:05.288" level="INFO">Opening browser 'chrome' to base url 'https://www.countries-ofthe-world.com/flags-of-the-world.html'.</msg>
<status status="PASS" starttime="20230824 06:23:05.284" endtime="20230824 06:23:09.604"/>
</kw>
<kw name="Maximize Browser Window" library="SeleniumLibrary">
<doc>Maximizes current browser window.</doc>
<status status="PASS" starttime="20230824 06:23:09.605" endtime="20230824 06:23:09.722"/>
</kw>
<kw name="Sleep" library="BuiltIn">
<arg>3</arg>
<doc>Pauses the test executed for the given time.</doc>
<msg timestamp="20230824 06:23:12.724" level="INFO">Slept 3 seconds</msg>
<status status="PASS" starttime="20230824 06:23:09.722" endtime="20230824 06:23:12.724"/>
</kw>
<kw name="Execute Javascript" library="SeleniumLibrary">
<arg>window.scrollTo(0,2500)</arg>
<doc>Executes the given JavaScript code with possible arguments.</doc>
<msg timestamp="20230824 06:23:12.725" level="INFO">Executing JavaScript:
window.scrollTo(0,2500)
Without any arguments.</msg>
<status status="PASS" starttime="20230824 06:23:12.724" endtime="20230824 06:23:12.737"/>
</kw>
<kw name="Sleep" library="BuiltIn">
<arg>3</arg>
<doc>Pauses the test executed for the given time.</doc>
<msg timestamp="20230824 06:23:15.738" level="INFO">Slept 3 seconds</msg>
<status status="PASS" starttime="20230824 06:23:12.738" endtime="20230824 06:23:15.738"/>
</kw>
<kw name="Scroll Element Into View" library="SeleniumLibrary">
<arg>xpath://*[@id="content"]/div[2]/div[2]/table[2]/tbody/tr[79]/td[1]/img</arg>
<doc>Scrolls the element identified by ``locator`` into view.</doc>
<status status="PASS" starttime="20230824 06:23:15.738" endtime="20230824 06:23:16.045"/>
</kw>
<kw name="Sleep" library="BuiltIn">
<arg>3</arg>
<doc>Pauses the test executed for the given time.</doc>
<msg timestamp="20230824 06:23:19.046" level="INFO">Slept 3 seconds</msg>
<status status="PASS" starttime="20230824 06:23:16.045" endtime="20230824 06:23:19.046"/>
</kw>
<kw name="Execute Javascript" library="SeleniumLibrary">
<arg>window.scrollTo(0,document.body.scrollHeight)</arg>
<doc>Executes the given JavaScript code with possible arguments.</doc>
<msg timestamp="20230824 06:23:19.050" level="INFO">Executing JavaScript:
window.scrollTo(0,document.body.scrollHeight)
Without any arguments.</msg>
<status status="PASS" starttime="20230824 06:23:19.047" endtime="20230824 06:23:19.087"/>
</kw>
<kw name="Sleep" library="BuiltIn">
<arg>3</arg>
<doc>Pauses the test executed for the given time.</doc>
<msg timestamp="20230824 06:23:22.089" level="INFO">Slept 3 seconds</msg>
<status status="PASS" starttime="20230824 06:23:19.088" endtime="20230824 06:23:22.089"/>
</kw>
<kw name="Execute Javascript" library="SeleniumLibrary">
<arg>window.scrollTo(0,-document.body.scrollHeight)</arg>
<doc>Executes the given JavaScript code with possible arguments.</doc>
<msg timestamp="20230824 06:23:22.090" level="INFO">Executing JavaScript:
window.scrollTo(0,-document.body.scrollHeight)
Without any arguments.</msg>
<status status="PASS" starttime="20230824 06:23:22.089" endtime="20230824 06:23:22.099"/>
</kw>
<kw name="Sleep" library="BuiltIn">
<arg>3</arg>
<doc>Pauses the test executed for the given time.</doc>
<msg timestamp="20230824 06:23:25.100" level="INFO">Slept 3 seconds</msg>
<status status="PASS" starttime="20230824 06:23:22.100" endtime="20230824 06:23:25.100"/>
</kw>
<kw name="Close Browser" library="SeleniumLibrary">
<doc>Closes the current browser.</doc>
<status status="PASS" starttime="20230824 06:23:25.100" endtime="20230824 06:23:27.241"/>
</kw>
<status status="PASS" starttime="20230824 06:23:05.282" endtime="20230824 06:23:27.241"/>
</test>
<status status="PASS" starttime="20230824 06:23:04.475" endtime="20230824 06:23:27.242"/>
</suite>
<status status="PASS" starttime="20230824 06:23:04.427" endtime="20230824 06:23:27.243"/>
</suite>
<statistics>
<total>
<stat pass="1" fail="0" skip="0">All Tests</stat>
</total>
<tag>
</tag>
<suite>
<stat pass="1" fail="0" skip="0" id="s1" name="Suites">Suites</stat>
<stat pass="1" fail="0" skip="0" id="s1-s1" name="ScrollingPage">Suites.ScrollingPage</stat>
</suite>
</statistics>
<errors>
</errors>
</robot>
