<?xml version="1.0" encoding="UTF-8"?>
<robot generator="Robot 6.1.1 (Python 3.11.0 on win32)" generated="20230825 01:41:16.790" rpa="false" schemaversion="4">
<suite id="s1" name="Suites">
<suite id="s1-s1" name="LoginTest" source="C:\Users\user\PycharmProjects\automation\TestCase\LoginTest.robot">
<kw name="Open my Browser" library="login_keywords" type="SETUP">
<arg>${Login_Url}</arg>
<arg>${Browser}</arg>
<arg>${Options}</arg>
<doc>開啟瀏覽器</doc>
<kw name="Open Browser" library="SeleniumLibrary">
<arg>${Siteurl}</arg>
<arg>${Browser}</arg>
<arg>${Options}</arg>
<doc>Opens a new browser instance to the optional ``url``.</doc>
<msg timestamp="20230825 01:41:17.047" level="INFO">Opening browser 'chrome' to base url 'https://admin-demo.nopcommerce.com/login?ReturnUrl=%2Fadmin%2F'.</msg>
<status status="PASS" starttime="20230825 01:41:17.046" endtime="20230825 01:41:20.030"/>
</kw>
<kw name="Maximize Browser Window" library="SeleniumLibrary">
<doc>Maximizes current browser window.</doc>
<status status="PASS" starttime="20230825 01:41:20.031" endtime="20230825 01:41:20.160"/>
</kw>
<status status="PASS" starttime="20230825 01:41:17.045" endtime="20230825 01:41:20.160"/>
</kw>
<test id="s1-s1-t1" name="LoginTest" line="17">
<kw name="Enter Email" library="login_keywords">
<arg>${Email}</arg>
<doc>輸入信箱</doc>
<kw name="Input Text" library="SeleniumLibrary">
<arg>${txt_login_Email}</arg>
<arg>${Email}</arg>
<doc>Types the given ``text`` into the text field identified by ``locator``.</doc>
<msg timestamp="20230825 01:41:20.165" level="INFO">Typing text 'admin@yourstore.com' into text field 'xpath://input[@id='Email']'.</msg>
<status status="PASS" starttime="20230825 01:41:20.163" endtime="20230825 01:41:20.358"/>
</kw>
<status status="PASS" starttime="20230825 01:41:20.163" endtime="20230825 01:41:20.358"/>
</kw>
<kw name="Enter Password" library="login_keywords">
<arg>${Password}</arg>
<doc>輸入密碼</doc>
<kw name="Input Text" library="SeleniumLibrary">
<arg>${txt_login_Password}</arg>
<arg>${Password}</arg>
<doc>Types the given ``text`` into the text field identified by ``locator``.</doc>
<msg timestamp="20230825 01:41:20.360" level="INFO">Typing text 'admin' into text field 'xpath://input[@id='Password']'.</msg>
<status status="PASS" starttime="20230825 01:41:20.359" endtime="20230825 01:41:20.481"/>
</kw>
<status status="PASS" starttime="20230825 01:41:20.359" endtime="20230825 01:41:20.481"/>
</kw>
<kw name="Click LogIn" library="login_keywords">
<doc>點擊登入按鈕</doc>
<kw name="Click Button" library="SeleniumLibrary">
<arg>${btn_logIn}</arg>
<doc>Clicks the button identified by ``locator``.</doc>
<msg timestamp="20230825 01:41:20.484" level="INFO">Clicking button 'xpath://button[contains(text(),'Log in')]'.</msg>
<status status="PASS" starttime="20230825 01:41:20.483" endtime="20230825 01:41:23.851"/>
</kw>
<status status="PASS" starttime="20230825 01:41:20.482" endtime="20230825 01:41:23.852"/>
</kw>
<kw name="Verify Successful Login" library="login_keywords">
<doc>驗證網頁登入成功</doc>
<kw name="Page Should Contain" library="SeleniumLibrary">
<arg>Dashboard</arg>
<doc>Verifies that current page contains ``text``.</doc>
<msg timestamp="20230825 01:41:23.877" level="INFO">Current page contains text 'Dashboard'.</msg>
<status status="PASS" starttime="20230825 01:41:23.852" endtime="20230825 01:41:23.878"/>
</kw>
<status status="PASS" starttime="20230825 01:41:23.852" endtime="20230825 01:41:23.878"/>
</kw>
<doc>進行登入測試,包含輸入Email&amp;Password,點擊登入,確認進入登入畫面</doc>
<status status="PASS" starttime="20230825 01:41:20.161" endtime="20230825 01:41:23.878"/>
</test>
<kw name="Close my Browser" library="login_keywords" type="TEARDOWN">
<doc>關閉瀏覽器</doc>
<kw name="Sleep" library="BuiltIn">
<arg>2</arg>
<doc>Pauses the test executed for the given time.</doc>
<msg timestamp="20230825 01:41:25.882" level="INFO">Slept 2 seconds</msg>
<status status="PASS" starttime="20230825 01:41:23.880" endtime="20230825 01:41:25.882"/>
</kw>
<kw name="Close All Browsers" library="SeleniumLibrary">
<doc>Closes all open browsers and resets the browser cache.</doc>
<status status="PASS" starttime="20230825 01:41:25.882" endtime="20230825 01:41:33.660"/>
</kw>
<status status="PASS" starttime="20230825 01:41:23.879" endtime="20230825 01:41:33.661"/>
</kw>
<status status="PASS" starttime="20230825 01:41:16.816" endtime="20230825 01:41:33.661"/>
</suite>
<status status="PASS" starttime="20230825 01:41:16.798" endtime="20230825 01:41:33.662"/>
</suite>
<statistics>
<total>
<stat pass="1" fail="0" skip="0">All Tests</stat>
</total>
<tag>
</tag>
<suite>
<stat pass="1" fail="0" skip="0" id="s1" name="Suites">Suites</stat>
<stat pass="1" fail="0" skip="0" id="s1-s1" name="LoginTest">Suites.LoginTest</stat>
</suite>
</statistics>
<errors>
</errors>
</robot>
