<?xml version="1.0" encoding="UTF-8"?>
<robot generator="Robot 6.1.1 (Python 3.11.0 on win32)" generated="20230825 17:22:27.453" rpa="false" schemaversion="4">
<suite id="s1" name="Suites">
<suite id="s1-s1" name="LoginTest" source="C:\Users\user\PycharmProjects\automation\TestCase\LoginTest.robot">
<kw name="Open my Browser" library="login_keywords" type="SETUP">
<arg>${Login_Url}</arg>
<arg>${Browser}</arg>
<arg>${Options}</arg>
<doc>開啟瀏覽器</doc>
<kw name="Open Browser" library="SeleniumLibrary">
<arg>${Siteurl}</arg>
<arg>${Browser}</arg>
<arg>${Options}</arg>
<doc>Opens a new browser instance to the optional ``url``.</doc>
<msg timestamp="20230825 17:22:27.862" level="INFO">Opening browser 'chrome' to base url 'https://admin-demo.nopcommerce.com/login?ReturnUrl=%2Fadmin%2F'.</msg>
<status status="PASS" starttime="20230825 17:22:27.859" endtime="20230825 17:22:31.194"/>
</kw>
<kw name="Maximize Browser Window" library="SeleniumLibrary">
<doc>Maximizes current browser window.</doc>
<status status="PASS" starttime="20230825 17:22:31.195" endtime="20230825 17:22:31.325"/>
</kw>
<status status="PASS" starttime="20230825 17:22:27.857" endtime="20230825 17:22:31.325"/>
</kw>
<test id="s1-s1-t1" name="LoginTest" line="17">
<kw name="Enter Email" library="login_keywords">
<arg>${Email}</arg>
<doc>輸入信箱</doc>
<kw name="Input Text" library="SeleniumLibrary">
<arg>${txt_login_Email}</arg>
<arg>${Email}</arg>
<doc>Types the given ``text`` into the text field identified by ``locator``.</doc>
<msg timestamp="20230825 17:22:31.328" level="INFO">Typing text 'admin@yourstore.com' into text field 'xpath://input[@id='Email']'.</msg>
<status status="PASS" starttime="20230825 17:22:31.327" endtime="20230825 17:22:31.501"/>
</kw>
<status status="PASS" starttime="20230825 17:22:31.327" endtime="20230825 17:22:31.501"/>
</kw>
<kw name="Enter Password" library="login_keywords">
<arg>${Password}</arg>
<doc>輸入密碼</doc>
<kw name="Input Text" library="SeleniumLibrary">
<arg>${txt_login_Password}</arg>
<arg>${Password}</arg>
<doc>Types the given ``text`` into the text field identified by ``locator``.</doc>
<msg timestamp="20230825 17:22:31.503" level="INFO">Typing text 'admin' into text field 'xpath://input[@id='Password']'.</msg>
<status status="PASS" starttime="20230825 17:22:31.502" endtime="20230825 17:22:31.607"/>
</kw>
<status status="PASS" starttime="20230825 17:22:31.501" endtime="20230825 17:22:31.608"/>
</kw>
<kw name="Click LogIn" library="login_keywords">
<doc>點擊登入按鈕</doc>
<kw name="Click Button" library="SeleniumLibrary">
<arg>${btn_logIn}</arg>
<doc>Clicks the button identified by ``locator``.</doc>
<msg timestamp="20230825 17:22:31.609" level="INFO">Clicking button 'xpath://button[contains(text(),'Log in')]'.</msg>
<status status="PASS" starttime="20230825 17:22:31.608" endtime="20230825 17:22:34.954"/>
</kw>
<status status="PASS" starttime="20230825 17:22:31.608" endtime="20230825 17:22:34.955"/>
</kw>
<kw name="Verify Successful Login" library="login_keywords">
<doc>驗證網頁登入成功</doc>
<kw name="Page Should Contain" library="SeleniumLibrary">
<arg>Dashboard</arg>
<doc>Verifies that current page contains ``text``.</doc>
<msg timestamp="20230825 17:22:35.017" level="INFO">Current page contains text 'Dashboard'.</msg>
<status status="PASS" starttime="20230825 17:22:34.956" endtime="20230825 17:22:35.018"/>
</kw>
<status status="PASS" starttime="20230825 17:22:34.955" endtime="20230825 17:22:35.018"/>
</kw>
<doc>進行登入測試,包含輸入Email&amp;Password,點擊登入,確認進入登入畫面</doc>
<status status="PASS" starttime="20230825 17:22:31.325" endtime="20230825 17:22:35.018"/>
</test>
<kw name="Close my Browser" library="login_keywords" type="TEARDOWN">
<doc>關閉瀏覽器</doc>
<kw name="Sleep" library="BuiltIn">
<arg>2</arg>
<doc>Pauses the test executed for the given time.</doc>
<msg timestamp="20230825 17:22:37.020" level="INFO">Slept 2 seconds</msg>
<status status="PASS" starttime="20230825 17:22:35.020" endtime="20230825 17:22:37.020"/>
</kw>
<kw name="Close All Browsers" library="SeleniumLibrary">
<doc>Closes all open browsers and resets the browser cache.</doc>
<status status="PASS" starttime="20230825 17:22:37.021" endtime="20230825 17:22:43.237"/>
</kw>
<status status="PASS" starttime="20230825 17:22:35.019" endtime="20230825 17:22:43.238"/>
</kw>
<status status="PASS" starttime="20230825 17:22:27.501" endtime="20230825 17:22:43.238"/>
</suite>
<status status="PASS" starttime="20230825 17:22:27.471" endtime="20230825 17:22:43.240"/>
</suite>
<statistics>
<total>
<stat pass="1" fail="0" skip="0">All Tests</stat>
</total>
<tag>
</tag>
<suite>
<stat pass="1" fail="0" skip="0" id="s1" name="Suites">Suites</stat>
<stat pass="1" fail="0" skip="0" id="s1-s1" name="LoginTest">Suites.LoginTest</stat>
</suite>
</statistics>
<errors>
</errors>
</robot>
