<?xml version="1.0" encoding="UTF-8"?>
<robot generator="Robot 6.1.1 (Python 3.11.0 on win32)" generated="20230824 06:21:57.446" rpa="false" schemaversion="4">
<suite id="s1" name="Suites">
<suite id="s1-s1" name="CloseAll" source="C:\Users\user\PycharmProjects\automation\TestCase\CloseAll.robot">
<test id="s1-s1-t1" name="CloseBroswerTest" line="10">
<kw name="Open Browser" library="SeleniumLibrary">
<arg>${url}</arg>
<arg>${browser}</arg>
<doc>Opens a new browser instance to the optional ``url``.</doc>
<msg timestamp="20230824 06:21:57.689" level="INFO">Opening browser 'chrome' to base url 'https://demowebshop.tricentis.com/register'.</msg>
<status status="PASS" starttime="20230824 06:21:57.688" endtime="20230824 06:22:02.703"/>
</kw>
<kw name="Maximize Browser Window" library="SeleniumLibrary">
<doc>Maximizes current browser window.</doc>
<status status="PASS" starttime="20230824 06:22:02.703" endtime="20230824 06:22:02.836"/>
</kw>
<kw name="Open Browser" library="SeleniumLibrary">
<arg>${url}</arg>
<arg>${browser}</arg>
<doc>Opens a new browser instance to the optional ``url``.</doc>
<msg timestamp="20230824 06:22:02.838" level="INFO">Opening browser 'chrome' to base url 'https://demowebshop.tricentis.com/register'.</msg>
<status status="PASS" starttime="20230824 06:22:02.837" endtime="20230824 06:22:08.914"/>
</kw>
<kw name="Maximize Browser Window" library="SeleniumLibrary">
<doc>Maximizes current browser window.</doc>
<status status="PASS" starttime="20230824 06:22:08.914" endtime="20230824 06:22:09.182"/>
</kw>
<kw name="Close All Browsers" library="SeleniumLibrary">
<doc>Closes all open browsers and resets the browser cache.</doc>
<status status="PASS" starttime="20230824 06:22:09.182" endtime="20230824 06:22:21.875"/>
</kw>
<status status="PASS" starttime="20230824 06:21:57.688" endtime="20230824 06:22:21.875"/>
</test>
<status status="PASS" starttime="20230824 06:21:57.479" endtime="20230824 06:22:21.876"/>
</suite>
<status status="PASS" starttime="20230824 06:21:57.459" endtime="20230824 06:22:21.878"/>
</suite>
<statistics>
<total>
<stat pass="1" fail="0" skip="0">All Tests</stat>
</total>
<tag>
</tag>
<suite>
<stat pass="1" fail="0" skip="0" id="s1" name="Suites">Suites</stat>
<stat pass="1" fail="0" skip="0" id="s1-s1" name="CloseAll">Suites.CloseAll</stat>
</suite>
</statistics>
<errors>
</errors>
</robot>
