<?xml version="1.0" encoding="UTF-8"?>
<robot generator="Robot 6.1.1 (Python 3.11.0 on win32)" generated="20230825 01:42:45.669" rpa="false" schemaversion="4">
<suite id="s1" name="Suites">
<suite id="s1-s1" name="Tagging" source="C:\Users\user\PycharmProjects\automation\TestCase\Tagging.robot">
<test id="s1-s1-t1" name="Test Case 1" line="8">
<kw name="Log To Console" library="BuiltIn">
<arg>This is test case 1</arg>
<doc>Logs the given message to the console.</doc>
<status status="PASS" starttime="20230825 01:42:45.700" endtime="20230825 01:42:45.701"/>
</kw>
<tag>Smoke</tag>
<tag>Testersdock</tag>
<status status="PASS" starttime="20230825 01:42:45.699" endtime="20230825 01:42:45.701"/>
</test>
<test id="s1-s1-t2" name="Test Case 2" line="12">
<kw name="Log To Console" library="BuiltIn">
<arg>This is test case 2</arg>
<doc>Logs the given message to the console.</doc>
<status status="PASS" starttime="20230825 01:42:45.702" endtime="20230825 01:42:45.702"/>
</kw>
<tag>Regression</tag>
<tag>Testersdock</tag>
<status status="PASS" starttime="20230825 01:42:45.701" endtime="20230825 01:42:45.702"/>
</test>
<test id="s1-s1-t3" name="Test Case 3" line="16">
<kw name="Log To Console" library="BuiltIn">
<arg>This is test case 3</arg>
<doc>Logs the given message to the console.</doc>
<status status="PASS" starttime="20230825 01:42:45.703" endtime="20230825 01:42:45.703"/>
</kw>
<tag>Regression</tag>
<tag>Testersdock</tag>
<status status="PASS" starttime="20230825 01:42:45.703" endtime="20230825 01:42:45.704"/>
</test>
<test id="s1-s1-t4" name="Test Case 4" line="20">
<kw name="Log To Console" library="BuiltIn">
<arg>This is test case 4</arg>
<doc>Logs the given message to the console.</doc>
<status status="PASS" starttime="20230825 01:42:45.704" endtime="20230825 01:42:45.704"/>
</kw>
<tag>Smoke</tag>
<tag>Testersdock</tag>
<status status="PASS" starttime="20230825 01:42:45.704" endtime="20230825 01:42:45.705"/>
</test>
<test id="s1-s1-t5" name="Test Case 5" line="24">
<kw name="Log To Console" library="BuiltIn">
<arg>This is test case 5</arg>
<doc>Logs the given message to the console.</doc>
<status status="PASS" starttime="20230825 01:42:45.705" endtime="20230825 01:42:45.705"/>
</kw>
<tag>Sanity</tag>
<tag>Testersdock</tag>
<status status="PASS" starttime="20230825 01:42:45.705" endtime="20230825 01:42:45.705"/>
</test>
<test id="s1-s1-t6" name="Test Case 6" line="28">
<kw name="Log To Console" library="BuiltIn">
<arg>This is test case 6</arg>
<doc>Logs the given message to the console.</doc>
<status status="PASS" starttime="20230825 01:42:45.706" endtime="20230825 01:42:45.706"/>
</kw>
<tag>Testersdock</tag>
<status status="PASS" starttime="20230825 01:42:45.706" endtime="20230825 01:42:45.707"/>
</test>
<doc>Tags in Robot Framework</doc>
<status status="PASS" starttime="20230825 01:42:45.696" endtime="20230825 01:42:45.707"/>
</suite>
<status status="PASS" starttime="20230825 01:42:45.678" endtime="20230825 01:42:45.708"/>
</suite>
<statistics>
<total>
<stat pass="6" fail="0" skip="0">All Tests</stat>
</total>
<tag>
<stat pass="2" fail="0" skip="0">Regression</stat>
<stat pass="1" fail="0" skip="0">Sanity</stat>
<stat pass="2" fail="0" skip="0">Smoke</stat>
<stat pass="6" fail="0" skip="0">Testersdock</stat>
</tag>
<suite>
<stat pass="6" fail="0" skip="0" id="s1" name="Suites">Suites</stat>
<stat pass="6" fail="0" skip="0" id="s1-s1" name="Tagging">Suites.Tagging</stat>
</suite>
</statistics>
<errors>
</errors>
</robot>
