<?xml version="1.0" encoding="UTF-8"?>
<robot generator="Robot 6.1.1 (Python 3.11.0 on win32)" generated="20230825 17:24:09.834" rpa="false" schemaversion="4">
<suite id="s1" name="Suites">
<suite id="s1-s1" name="TableDemo" source="C:\Users\user\PycharmProjects\automation\TestCase\TableDemo.robot">
<test id="s1-s1-t1" name="TableValidations" line="9">
<kw name="Open Browser" library="SeleniumLibrary">
<arg>${url}</arg>
<arg>${browser}</arg>
<doc>Opens a new browser instance to the optional ``url``.</doc>
<msg timestamp="20230825 17:24:10.196" level="INFO">Opening browser 'chrome' to base url 'https://testautomationpractice.blogspot.com/'.</msg>
<status status="PASS" starttime="20230825 17:24:10.190" endtime="20230825 17:24:18.216"/>
</kw>
<kw name="Maximize Browser Window" library="SeleniumLibrary">
<doc>Maximizes current browser window.</doc>
<status status="PASS" starttime="20230825 17:24:18.216" endtime="20230825 17:24:18.386"/>
</kw>
<kw name="Get Element Count" library="SeleniumLibrary">
<var>${rows}</var>
<arg>//table[@name="BookTable"]/tbody/tr</arg>
<doc>Returns the number of elements matching ``locator``.</doc>
<msg timestamp="20230825 17:24:18.410" level="INFO">${rows} = 7</msg>
<status status="PASS" starttime="20230825 17:24:18.386" endtime="20230825 17:24:18.410"/>
</kw>
<kw name="Get Element Count" library="SeleniumLibrary">
<var>${cols}</var>
<arg>//table[@name="BookTable"]/tbody/tr[1]/th</arg>
<doc>Returns the number of elements matching ``locator``.</doc>
<msg timestamp="20230825 17:24:18.423" level="INFO">${cols} = 4</msg>
<status status="PASS" starttime="20230825 17:24:18.411" endtime="20230825 17:24:18.423"/>
</kw>
<kw name="Log To Console" library="BuiltIn">
<arg>${rows}</arg>
<doc>Logs the given message to the console.</doc>
<status status="PASS" starttime="20230825 17:24:18.423" endtime="20230825 17:24:18.424"/>
</kw>
<kw name="Log To Console" library="BuiltIn">
<arg>${cols}</arg>
<doc>Logs the given message to the console.</doc>
<status status="PASS" starttime="20230825 17:24:18.424" endtime="20230825 17:24:18.425"/>
</kw>
<kw name="Get Text" library="SeleniumLibrary">
<var>${data}</var>
<arg>//table[@name="BookTable"]/tbody/tr[5]/td[1]</arg>
<doc>Returns the text value of the element identified by ``locator``.</doc>
<msg timestamp="20230825 17:24:18.573" level="INFO">${data} = Master In Selenium</msg>
<status status="PASS" starttime="20230825 17:24:18.425" endtime="20230825 17:24:18.573"/>
</kw>
<kw name="Log To Console" library="BuiltIn">
<arg>${data}</arg>
<doc>Logs the given message to the console.</doc>
<status status="PASS" starttime="20230825 17:24:18.573" endtime="20230825 17:24:18.574"/>
</kw>
<kw name="Table Column Should Contain" library="SeleniumLibrary">
<arg>//table[@name="BookTable"]</arg>
<arg>3</arg>
<arg>Javascript</arg>
<doc>Verifies table column contains text ``expected``.</doc>
<status status="PASS" starttime="20230825 17:24:18.574" endtime="20230825 17:24:18.702"/>
</kw>
<kw name="Table Row Should Contain" library="SeleniumLibrary">
<arg>//table[@name="BookTable"]</arg>
<arg>2</arg>
<arg>Amit</arg>
<doc>Verifies that table row contains text ``expected``.</doc>
<status status="PASS" starttime="20230825 17:24:18.702" endtime="20230825 17:24:18.764"/>
</kw>
<kw name="Table Cell Should Contain" library="SeleniumLibrary">
<arg>//table[@name="BookTable"]</arg>
<arg>2</arg>
<arg>4</arg>
<arg>300</arg>
<doc>Verifies table cell contains text ``expected``.</doc>
<msg timestamp="20230825 17:24:18.836" level="INFO">Table cell contains '300'.</msg>
<status status="PASS" starttime="20230825 17:24:18.764" endtime="20230825 17:24:18.836"/>
</kw>
<kw name="Table Header Should Contain" library="SeleniumLibrary">
<arg>//table[@name="BookTable"]</arg>
<arg>Price</arg>
<doc>Verifies table header contains text ``expected``.</doc>
<status status="PASS" starttime="20230825 17:24:18.836" endtime="20230825 17:24:18.933"/>
</kw>
<kw name="Close All Browsers" library="SeleniumLibrary">
<doc>Closes all open browsers and resets the browser cache.</doc>
<status status="PASS" starttime="20230825 17:24:18.933" endtime="20230825 17:24:25.179"/>
</kw>
<doc>網頁表格元素驗證,包含row,column,header,cell等表格元素</doc>
<status status="PASS" starttime="20230825 17:24:10.166" endtime="20230825 17:24:25.179"/>
</test>
<status status="PASS" starttime="20230825 17:24:09.863" endtime="20230825 17:24:25.180"/>
</suite>
<status status="PASS" starttime="20230825 17:24:09.842" endtime="20230825 17:24:25.182"/>
</suite>
<statistics>
<total>
<stat pass="1" fail="0" skip="0">All Tests</stat>
</total>
<tag>
</tag>
<suite>
<stat pass="1" fail="0" skip="0" id="s1" name="Suites">Suites</stat>
<stat pass="1" fail="0" skip="0" id="s1-s1" name="TableDemo">Suites.TableDemo</stat>
</suite>
</statistics>
<errors>
</errors>
</robot>
