<?xml version="1.0" encoding="UTF-8"?>
<robot generator="Robot 6.1.1 (Python 3.11.0 on win32)" generated="20230825 17:21:36.539" rpa="false" schemaversion="4">
<suite id="s1" name="Suites">
<suite id="s1-s1" name="Dropdowns" source="C:\Users\user\PycharmProjects\automation\TestCase\dropdowns.robot">
<test id="s1-s1-t1" name="Handling DropDowns and Lists" line="10">
<kw name="Open Browser" library="SeleniumLibrary">
<arg>${url}</arg>
<arg>${browser}</arg>
<doc>Opens a new browser instance to the optional ``url``.</doc>
<msg timestamp="20230825 17:21:36.788" level="INFO">Opening browser 'chrome' to base url 'https://www.techlistic.com/p/selenium-practice-form.html'.</msg>
<status status="PASS" starttime="20230825 17:21:36.788" endtime="20230825 17:22:12.058"/>
</kw>
<kw name="Maximize Browser Window" library="SeleniumLibrary">
<doc>Maximizes current browser window.</doc>
<status status="PASS" starttime="20230825 17:22:12.059" endtime="20230825 17:22:12.271"/>
</kw>
<kw name="Set Selenium Speed" library="SeleniumLibrary">
<arg>0.5</arg>
<doc>Sets the delay that is waited after each Selenium command.</doc>
<status status="PASS" starttime="20230825 17:22:12.271" endtime="20230825 17:22:12.273"/>
</kw>
<kw name="Select From List By Label" library="SeleniumLibrary">
<arg>continents</arg>
<arg>Asia</arg>
<doc>Selects options from selection list ``locator`` by ``labels``.</doc>
<msg timestamp="20230825 17:22:12.277" level="INFO">Selecting options from selection list 'continents' by label Asia.</msg>
<status status="PASS" starttime="20230825 17:22:12.273" endtime="20230825 17:22:14.914"/>
</kw>
<kw name="Sleep" library="BuiltIn">
<arg>2</arg>
<doc>Pauses the test executed for the given time.</doc>
<msg timestamp="20230825 17:22:16.916" level="INFO">Slept 2 seconds</msg>
<status status="PASS" starttime="20230825 17:22:14.914" endtime="20230825 17:22:16.916"/>
</kw>
<kw name="Select From List By Index" library="SeleniumLibrary">
<arg>continents</arg>
<arg>5</arg>
<doc>Selects options from selection list ``locator`` by ``indexes``.</doc>
<msg timestamp="20230825 17:22:16.917" level="INFO">Selecting options from selection list 'continents' by index 5.</msg>
<status status="PASS" starttime="20230825 17:22:16.916" endtime="20230825 17:22:23.778"/>
</kw>
<kw name="Select From List By Label" library="SeleniumLibrary">
<arg>selenium_commands</arg>
<arg>Switch Commands</arg>
<doc>Selects options from selection list ``locator`` by ``labels``.</doc>
<msg timestamp="20230825 17:22:23.779" level="INFO">Selecting options from selection list 'selenium_commands' by label Switch Commands.</msg>
<status status="PASS" starttime="20230825 17:22:23.778" endtime="20230825 17:22:27.579"/>
</kw>
<kw name="Select From List By Label" library="SeleniumLibrary">
<arg>selenium_commands</arg>
<arg>WebElement Commands</arg>
<doc>Selects options from selection list ``locator`` by ``labels``.</doc>
<msg timestamp="20230825 17:22:27.580" level="INFO">Selecting options from selection list 'selenium_commands' by label WebElement Commands.</msg>
<status status="PASS" starttime="20230825 17:22:27.579" endtime="20230825 17:22:31.313"/>
</kw>
<kw name="Sleep" library="BuiltIn">
<arg>2</arg>
<doc>Pauses the test executed for the given time.</doc>
<msg timestamp="20230825 17:22:33.318" level="INFO">Slept 2 seconds</msg>
<status status="PASS" starttime="20230825 17:22:31.314" endtime="20230825 17:22:33.318"/>
</kw>
<kw name="Unselect From List By Label" library="SeleniumLibrary">
<arg>selenium_commands</arg>
<arg>Switch Commands</arg>
<doc>Unselects options from selection list ``locator`` by ``labels``.</doc>
<msg timestamp="20230825 17:22:33.320" level="INFO">Un-selecting options from selection list 'selenium_commands' by label Switch Commands.</msg>
<status status="PASS" starttime="20230825 17:22:33.318" endtime="20230825 17:22:36.683"/>
</kw>
<doc>控制選取下拉式選單與列表框</doc>
<status status="PASS" starttime="20230825 17:21:36.786" endtime="20230825 17:22:36.683"/>
</test>
<status status="PASS" starttime="20230825 17:21:36.566" endtime="20230825 17:22:36.684"/>
</suite>
<status status="PASS" starttime="20230825 17:21:36.547" endtime="20230825 17:22:36.685"/>
</suite>
<statistics>
<total>
<stat pass="1" fail="0" skip="0">All Tests</stat>
</total>
<tag>
</tag>
<suite>
<stat pass="1" fail="0" skip="0" id="s1" name="Suites">Suites</stat>
<stat pass="1" fail="0" skip="0" id="s1-s1" name="Dropdowns">Suites.Dropdowns</stat>
</suite>
</statistics>
<errors>
</errors>
</robot>
