<?xml version="1.0" encoding="UTF-8"?>
<robot generator="Robot 6.1.1 (Python 3.11.0 on win32)" generated="20230824 06:23:25.041" rpa="false" schemaversion="4">
<suite id="s1" name="Suites">
<suite id="s1-s1" name="SetupAndTearDown" source="C:\Users\user\PycharmProjects\automation\TestCase\SetupAndTearDown.robot">
<kw name="Log To Console" library="BuiltIn" type="SETUP">
<arg>Opening Browser</arg>
<doc>Logs the given message to the console.</doc>
<status status="PASS" starttime="20230824 06:23:25.076" endtime="20230824 06:23:25.077"/>
</kw>
<test id="s1-s1-t1" name="TC1 Prepaid Recharge" line="13">
<kw name="Log To Console" library="BuiltIn" type="SETUP">
<arg>Login to application</arg>
<doc>Logs the given message to the console.</doc>
<status status="PASS" starttime="20230824 06:23:25.078" endtime="20230824 06:23:25.078"/>
</kw>
<kw name="Log To Console" library="BuiltIn">
<arg>This is prepaid recharge testcase</arg>
<doc>Logs the given message to the console.</doc>
<status status="PASS" starttime="20230824 06:23:25.078" endtime="20230824 06:23:25.079"/>
</kw>
<kw name="Log To Console" library="BuiltIn" type="TEARDOWN">
<arg>Logout from application</arg>
<doc>Logs the given message to the console.</doc>
<status status="PASS" starttime="20230824 06:23:25.079" endtime="20230824 06:23:25.079"/>
</kw>
<status status="PASS" starttime="20230824 06:23:25.077" endtime="20230824 06:23:25.079"/>
</test>
<test id="s1-s1-t2" name="TC2 Postpaid Recharge" line="17">
<kw name="Log To Console" library="BuiltIn" type="SETUP">
<arg>Login to application</arg>
<doc>Logs the given message to the console.</doc>
<status status="PASS" starttime="20230824 06:23:25.080" endtime="20230824 06:23:25.081"/>
</kw>
<kw name="Log To Console" library="BuiltIn">
<arg>This is postpaid recharge testcase</arg>
<doc>Logs the given message to the console.</doc>
<status status="PASS" starttime="20230824 06:23:25.081" endtime="20230824 06:23:25.082"/>
</kw>
<kw name="Log To Console" library="BuiltIn" type="TEARDOWN">
<arg>Logout from application</arg>
<doc>Logs the given message to the console.</doc>
<status status="PASS" starttime="20230824 06:23:25.082" endtime="20230824 06:23:25.082"/>
</kw>
<status status="PASS" starttime="20230824 06:23:25.080" endtime="20230824 06:23:25.082"/>
</test>
<test id="s1-s1-t3" name="TC3 Search" line="21">
<kw name="Log To Console" library="BuiltIn" type="SETUP">
<arg>Login to application</arg>
<doc>Logs the given message to the console.</doc>
<status status="PASS" starttime="20230824 06:23:25.083" endtime="20230824 06:23:25.083"/>
</kw>
<kw name="Log To Console" library="BuiltIn">
<arg>This is search test case</arg>
<doc>Logs the given message to the console.</doc>
<status status="PASS" starttime="20230824 06:23:25.083" endtime="20230824 06:23:25.084"/>
</kw>
<kw name="Log To Console" library="BuiltIn" type="TEARDOWN">
<arg>Logout from application</arg>
<doc>Logs the given message to the console.</doc>
<status status="PASS" starttime="20230824 06:23:25.084" endtime="20230824 06:23:25.085"/>
</kw>
<status status="PASS" starttime="20230824 06:23:25.083" endtime="20230824 06:23:25.085"/>
</test>
<test id="s1-s1-t4" name="TC4 Anvance Search" line="25">
<kw name="Log To Console" library="BuiltIn" type="SETUP">
<arg>Login to application</arg>
<doc>Logs the given message to the console.</doc>
<status status="PASS" starttime="20230824 06:23:25.085" endtime="20230824 06:23:25.086"/>
</kw>
<kw name="Log To Console" library="BuiltIn">
<arg>This is advance search test case</arg>
<doc>Logs the given message to the console.</doc>
<status status="PASS" starttime="20230824 06:23:25.086" endtime="20230824 06:23:25.086"/>
</kw>
<kw name="Log To Console" library="BuiltIn" type="TEARDOWN">
<arg>Logout from application</arg>
<doc>Logs the given message to the console.</doc>
<status status="PASS" starttime="20230824 06:23:25.087" endtime="20230824 06:23:25.087"/>
</kw>
<status status="PASS" starttime="20230824 06:23:25.085" endtime="20230824 06:23:25.087"/>
</test>
<kw name="Log To Console" library="BuiltIn" type="TEARDOWN">
<arg>Closing Browser</arg>
<doc>Logs the given message to the console.</doc>
<status status="PASS" starttime="20230824 06:23:25.087" endtime="20230824 06:23:25.088"/>
</kw>
<status status="PASS" starttime="20230824 06:23:25.073" endtime="20230824 06:23:25.088"/>
</suite>
<status status="PASS" starttime="20230824 06:23:25.053" endtime="20230824 06:23:25.089"/>
</suite>
<statistics>
<total>
<stat pass="4" fail="0" skip="0">All Tests</stat>
</total>
<tag>
</tag>
<suite>
<stat pass="4" fail="0" skip="0" id="s1" name="Suites">Suites</stat>
<stat pass="4" fail="0" skip="0" id="s1-s1" name="SetupAndTearDown">Suites.SetupAndTearDown</stat>
</suite>
</statistics>
<errors>
</errors>
</robot>
