<?xml version="1.0" encoding="UTF-8"?>
<robot generator="Robot 6.1.1 (Python 3.11.0 on win32)" generated="20230825 17:24:22.171" rpa="false" schemaversion="4">
<suite id="s1" name="Suites">
<suite id="s1-s1" name="TestDrivenTest2 Excel" source="C:\Users\user\PycharmProjects\automation\TestCase\TestDrivenTest2_Excel.robot">
<kw name="Open My Browser" library="login_resource" type="SETUP">
<doc>開啟瀏覽器</doc>
<kw name="Open Browser" library="SeleniumLibrary">
<arg>${LOGIN URL}</arg>
<arg>${BROWSER}</arg>
<doc>Opens a new browser instance to the optional ``url``.</doc>
<msg timestamp="20230825 17:24:26.924" level="INFO">Opening browser 'chrome' to base url 'https://admin-demo.nopcommerce.com/'.</msg>
<status status="PASS" starttime="20230825 17:24:26.923" endtime="20230825 17:24:31.078"/>
</kw>
<kw name="Maximize Browser Window" library="SeleniumLibrary">
<doc>Maximizes current browser window.</doc>
<status status="PASS" starttime="20230825 17:24:31.078" endtime="20230825 17:24:31.222"/>
</kw>
<kw name="Sleep" library="BuiltIn">
<arg>2</arg>
<doc>Pauses the test executed for the given time.</doc>
<msg timestamp="20230825 17:24:33.224" level="INFO">Slept 2 seconds</msg>
<status status="PASS" starttime="20230825 17:24:31.222" endtime="20230825 17:24:33.224"/>
</kw>
<status status="PASS" starttime="20230825 17:24:26.922" endtime="20230825 17:24:33.224"/>
</kw>
<test id="s1-s1-t1" name="LoginTestWithExcel" line="10">
<kw name="Invalid Login">
<arg>admin@yourstore.com</arg>
<arg>${Empty}</arg>
<doc>網頁登入失敗功能驗證,確認輸入錯誤帳號密碼,頁面會出現錯誤訊息</doc>
<kw name="Input Username" library="login_resource">
<arg>${username}</arg>
<doc>輸入帳號</doc>
<kw name="Input Text" library="SeleniumLibrary">
<arg>id:Email</arg>
<arg>${username}</arg>
<doc>Types the given ``text`` into the text field identified by ``locator``.</doc>
<msg timestamp="20230825 17:24:33.231" level="INFO">Typing text 'admin@yourstore.com' into text field 'id:Email'.</msg>
<status status="PASS" starttime="20230825 17:24:33.230" endtime="20230825 17:24:33.398"/>
</kw>
<status status="PASS" starttime="20230825 17:24:33.230" endtime="20230825 17:24:33.398"/>
</kw>
<kw name="Input Password" library="login_resource">
<arg>${password}</arg>
<doc>輸入密碼</doc>
<kw name="Input Text" library="SeleniumLibrary">
<arg>id:Password</arg>
<arg>${password}</arg>
<doc>Types the given ``text`` into the text field identified by ``locator``.</doc>
<msg timestamp="20230825 17:24:33.401" level="INFO">Typing text '' into text field 'id:Password'.</msg>
<status status="PASS" starttime="20230825 17:24:33.400" endtime="20230825 17:24:33.532"/>
</kw>
<status status="PASS" starttime="20230825 17:24:33.399" endtime="20230825 17:24:33.533"/>
</kw>
<kw name="Click Login Button" library="login_resource">
<doc>點擊登入按鈕</doc>
<kw name="Click Element" library="SeleniumLibrary">
<arg>xpath://button[contains(text(),'Log in')]</arg>
<doc>Click the element identified by ``locator``.</doc>
<msg timestamp="20230825 17:24:33.535" level="INFO">Clicking element 'xpath://button[contains(text(),'Log in')]'.</msg>
<status status="PASS" starttime="20230825 17:24:33.534" endtime="20230825 17:24:33.940"/>
</kw>
<status status="PASS" starttime="20230825 17:24:33.533" endtime="20230825 17:24:33.940"/>
</kw>
<kw name="Error Message Should Be Visible" library="login_resource">
<doc>驗證網頁登入失敗</doc>
<kw name="Page Should Contain" library="SeleniumLibrary">
<arg>Login was unsuccessful</arg>
<doc>Verifies that current page contains ``text``.</doc>
<msg timestamp="20230825 17:24:34.061" level="INFO">Current page contains text 'Login was unsuccessful'.</msg>
<status status="PASS" starttime="20230825 17:24:33.941" endtime="20230825 17:24:34.061"/>
</kw>
<status status="PASS" starttime="20230825 17:24:33.940" endtime="20230825 17:24:34.062"/>
</kw>
<status status="PASS" starttime="20230825 17:24:33.228" endtime="20230825 17:24:34.062"/>
</kw>
<status status="PASS" starttime="20230825 17:24:33.225" endtime="20230825 17:24:34.062"/>
</test>
<test id="s1-s1-t2" name="LoginTestWithExcel" line="10">
<kw name="Invalid Login">
<arg>admin@yourstore.com</arg>
<arg>xyz</arg>
<doc>網頁登入失敗功能驗證,確認輸入錯誤帳號密碼,頁面會出現錯誤訊息</doc>
<kw name="Input Username" library="login_resource">
<arg>${username}</arg>
<doc>輸入帳號</doc>
<kw name="Input Text" library="SeleniumLibrary">
<arg>id:Email</arg>
<arg>${username}</arg>
<doc>Types the given ``text`` into the text field identified by ``locator``.</doc>
<msg timestamp="20230825 17:24:34.066" level="INFO">Typing text 'admin@yourstore.com' into text field 'id:Email'.</msg>
<status status="PASS" starttime="20230825 17:24:34.066" endtime="20230825 17:24:34.258"/>
</kw>
<status status="PASS" starttime="20230825 17:24:34.065" endtime="20230825 17:24:34.258"/>
</kw>
<kw name="Input Password" library="login_resource">
<arg>${password}</arg>
<doc>輸入密碼</doc>
<kw name="Input Text" library="SeleniumLibrary">
<arg>id:Password</arg>
<arg>${password}</arg>
<doc>Types the given ``text`` into the text field identified by ``locator``.</doc>
<msg timestamp="20230825 17:24:34.260" level="INFO">Typing text 'xyz' into text field 'id:Password'.</msg>
<status status="PASS" starttime="20230825 17:24:34.259" endtime="20230825 17:24:34.461"/>
</kw>
<status status="PASS" starttime="20230825 17:24:34.258" endtime="20230825 17:24:34.462"/>
</kw>
<kw name="Click Login Button" library="login_resource">
<doc>點擊登入按鈕</doc>
<kw name="Click Element" library="SeleniumLibrary">
<arg>xpath://button[contains(text(),'Log in')]</arg>
<doc>Click the element identified by ``locator``.</doc>
<msg timestamp="20230825 17:24:34.464" level="INFO">Clicking element 'xpath://button[contains(text(),'Log in')]'.</msg>
<status status="PASS" starttime="20230825 17:24:34.463" endtime="20230825 17:24:34.821"/>
</kw>
<status status="PASS" starttime="20230825 17:24:34.462" endtime="20230825 17:24:34.821"/>
</kw>
<kw name="Error Message Should Be Visible" library="login_resource">
<doc>驗證網頁登入失敗</doc>
<kw name="Page Should Contain" library="SeleniumLibrary">
<arg>Login was unsuccessful</arg>
<doc>Verifies that current page contains ``text``.</doc>
<msg timestamp="20230825 17:24:34.958" level="INFO">Current page contains text 'Login was unsuccessful'.</msg>
<status status="PASS" starttime="20230825 17:24:34.822" endtime="20230825 17:24:34.959"/>
</kw>
<status status="PASS" starttime="20230825 17:24:34.821" endtime="20230825 17:24:34.959"/>
</kw>
<status status="PASS" starttime="20230825 17:24:34.065" endtime="20230825 17:24:34.960"/>
</kw>
<status status="PASS" starttime="20230825 17:24:34.063" endtime="20230825 17:24:34.960"/>
</test>
<test id="s1-s1-t3" name="LoginTestWithExcel" line="10">
<kw name="Invalid Login">
<arg>adm@yourstore.com</arg>
<arg>admin</arg>
<doc>網頁登入失敗功能驗證,確認輸入錯誤帳號密碼,頁面會出現錯誤訊息</doc>
<kw name="Input Username" library="login_resource">
<arg>${username}</arg>
<doc>輸入帳號</doc>
<kw name="Input Text" library="SeleniumLibrary">
<arg>id:Email</arg>
<arg>${username}</arg>
<doc>Types the given ``text`` into the text field identified by ``locator``.</doc>
<msg timestamp="20230825 17:24:34.968" level="INFO">Typing text 'adm@yourstore.com' into text field 'id:Email'.</msg>
<status status="PASS" starttime="20230825 17:24:34.966" endtime="20230825 17:24:35.125"/>
</kw>
<status status="PASS" starttime="20230825 17:24:34.965" endtime="20230825 17:24:35.126"/>
</kw>
<kw name="Input Password" library="login_resource">
<arg>${password}</arg>
<doc>輸入密碼</doc>
<kw name="Input Text" library="SeleniumLibrary">
<arg>id:Password</arg>
<arg>${password}</arg>
<doc>Types the given ``text`` into the text field identified by ``locator``.</doc>
<msg timestamp="20230825 17:24:35.128" level="INFO">Typing text 'admin' into text field 'id:Password'.</msg>
<status status="PASS" starttime="20230825 17:24:35.127" endtime="20230825 17:24:35.269"/>
</kw>
<status status="PASS" starttime="20230825 17:24:35.126" endtime="20230825 17:24:35.270"/>
</kw>
<kw name="Click Login Button" library="login_resource">
<doc>點擊登入按鈕</doc>
<kw name="Click Element" library="SeleniumLibrary">
<arg>xpath://button[contains(text(),'Log in')]</arg>
<doc>Click the element identified by ``locator``.</doc>
<msg timestamp="20230825 17:24:35.273" level="INFO">Clicking element 'xpath://button[contains(text(),'Log in')]'.</msg>
<status status="PASS" starttime="20230825 17:24:35.271" endtime="20230825 17:24:35.647"/>
</kw>
<status status="PASS" starttime="20230825 17:24:35.270" endtime="20230825 17:24:35.647"/>
</kw>
<kw name="Error Message Should Be Visible" library="login_resource">
<doc>驗證網頁登入失敗</doc>
<kw name="Page Should Contain" library="SeleniumLibrary">
<arg>Login was unsuccessful</arg>
<doc>Verifies that current page contains ``text``.</doc>
<msg timestamp="20230825 17:24:35.669" level="INFO">Current page contains text 'Login was unsuccessful'.</msg>
<status status="PASS" starttime="20230825 17:24:35.648" endtime="20230825 17:24:35.669"/>
</kw>
<status status="PASS" starttime="20230825 17:24:35.647" endtime="20230825 17:24:35.669"/>
</kw>
<status status="PASS" starttime="20230825 17:24:34.964" endtime="20230825 17:24:35.669"/>
</kw>
<status status="PASS" starttime="20230825 17:24:34.961" endtime="20230825 17:24:35.669"/>
</test>
<test id="s1-s1-t4" name="LoginTestWithExcel" line="10">
<kw name="Invalid Login">
<arg>adm@yourstore.com</arg>
<arg>${Empty}</arg>
<doc>網頁登入失敗功能驗證,確認輸入錯誤帳號密碼,頁面會出現錯誤訊息</doc>
<kw name="Input Username" library="login_resource">
<arg>${username}</arg>
<doc>輸入帳號</doc>
<kw name="Input Text" library="SeleniumLibrary">
<arg>id:Email</arg>
<arg>${username}</arg>
<doc>Types the given ``text`` into the text field identified by ``locator``.</doc>
<msg timestamp="20230825 17:24:35.679" level="INFO">Typing text 'adm@yourstore.com' into text field 'id:Email'.</msg>
<status status="PASS" starttime="20230825 17:24:35.677" endtime="20230825 17:24:35.822"/>
</kw>
<status status="PASS" starttime="20230825 17:24:35.676" endtime="20230825 17:24:35.822"/>
</kw>
<kw name="Input Password" library="login_resource">
<arg>${password}</arg>
<doc>輸入密碼</doc>
<kw name="Input Text" library="SeleniumLibrary">
<arg>id:Password</arg>
<arg>${password}</arg>
<doc>Types the given ``text`` into the text field identified by ``locator``.</doc>
<msg timestamp="20230825 17:24:35.825" level="INFO">Typing text '' into text field 'id:Password'.</msg>
<status status="PASS" starttime="20230825 17:24:35.824" endtime="20230825 17:24:35.979"/>
</kw>
<status status="PASS" starttime="20230825 17:24:35.823" endtime="20230825 17:24:35.979"/>
</kw>
<kw name="Click Login Button" library="login_resource">
<doc>點擊登入按鈕</doc>
<kw name="Click Element" library="SeleniumLibrary">
<arg>xpath://button[contains(text(),'Log in')]</arg>
<doc>Click the element identified by ``locator``.</doc>
<msg timestamp="20230825 17:24:35.981" level="INFO">Clicking element 'xpath://button[contains(text(),'Log in')]'.</msg>
<status status="PASS" starttime="20230825 17:24:35.980" endtime="20230825 17:24:36.300"/>
</kw>
<status status="PASS" starttime="20230825 17:24:35.979" endtime="20230825 17:24:36.300"/>
</kw>
<kw name="Error Message Should Be Visible" library="login_resource">
<doc>驗證網頁登入失敗</doc>
<kw name="Page Should Contain" library="SeleniumLibrary">
<arg>Login was unsuccessful</arg>
<doc>Verifies that current page contains ``text``.</doc>
<msg timestamp="20230825 17:24:36.413" level="INFO">Current page contains text 'Login was unsuccessful'.</msg>
<status status="PASS" starttime="20230825 17:24:36.301" endtime="20230825 17:24:36.413"/>
</kw>
<status status="PASS" starttime="20230825 17:24:36.301" endtime="20230825 17:24:36.414"/>
</kw>
<status status="PASS" starttime="20230825 17:24:35.675" endtime="20230825 17:24:36.414"/>
</kw>
<status status="PASS" starttime="20230825 17:24:35.670" endtime="20230825 17:24:36.414"/>
</test>
<test id="s1-s1-t5" name="LoginTestWithExcel" line="10">
<kw name="Invalid Login">
<arg>adm@yourstore.com</arg>
<arg>xyz</arg>
<doc>網頁登入失敗功能驗證,確認輸入錯誤帳號密碼,頁面會出現錯誤訊息</doc>
<kw name="Input Username" library="login_resource">
<arg>${username}</arg>
<doc>輸入帳號</doc>
<kw name="Input Text" library="SeleniumLibrary">
<arg>id:Email</arg>
<arg>${username}</arg>
<doc>Types the given ``text`` into the text field identified by ``locator``.</doc>
<msg timestamp="20230825 17:24:36.423" level="INFO">Typing text 'adm@yourstore.com' into text field 'id:Email'.</msg>
<status status="PASS" starttime="20230825 17:24:36.421" endtime="20230825 17:24:36.604"/>
</kw>
<status status="PASS" starttime="20230825 17:24:36.420" endtime="20230825 17:24:36.605"/>
</kw>
<kw name="Input Password" library="login_resource">
<arg>${password}</arg>
<doc>輸入密碼</doc>
<kw name="Input Text" library="SeleniumLibrary">
<arg>id:Password</arg>
<arg>${password}</arg>
<doc>Types the given ``text`` into the text field identified by ``locator``.</doc>
<msg timestamp="20230825 17:24:36.610" level="INFO">Typing text 'xyz' into text field 'id:Password'.</msg>
<status status="PASS" starttime="20230825 17:24:36.608" endtime="20230825 17:24:36.783"/>
</kw>
<status status="PASS" starttime="20230825 17:24:36.606" endtime="20230825 17:24:36.783"/>
</kw>
<kw name="Click Login Button" library="login_resource">
<doc>點擊登入按鈕</doc>
<kw name="Click Element" library="SeleniumLibrary">
<arg>xpath://button[contains(text(),'Log in')]</arg>
<doc>Click the element identified by ``locator``.</doc>
<msg timestamp="20230825 17:24:36.785" level="INFO">Clicking element 'xpath://button[contains(text(),'Log in')]'.</msg>
<status status="PASS" starttime="20230825 17:24:36.784" endtime="20230825 17:24:37.356"/>
</kw>
<status status="PASS" starttime="20230825 17:24:36.784" endtime="20230825 17:24:37.357"/>
</kw>
<kw name="Error Message Should Be Visible" library="login_resource">
<doc>驗證網頁登入失敗</doc>
<kw name="Page Should Contain" library="SeleniumLibrary">
<arg>Login was unsuccessful</arg>
<doc>Verifies that current page contains ``text``.</doc>
<msg timestamp="20230825 17:24:37.510" level="INFO">Current page contains text 'Login was unsuccessful'.</msg>
<status status="PASS" starttime="20230825 17:24:37.358" endtime="20230825 17:24:37.510"/>
</kw>
<status status="PASS" starttime="20230825 17:24:37.357" endtime="20230825 17:24:37.510"/>
</kw>
<status status="PASS" starttime="20230825 17:24:36.419" endtime="20230825 17:24:37.511"/>
</kw>
<status status="PASS" starttime="20230825 17:24:36.416" endtime="20230825 17:24:37.511"/>
</test>
<kw name="Close Browsers" library="login_resource" type="TEARDOWN">
<doc>關閉瀏覽器</doc>
<kw name="Close All Browsers" library="SeleniumLibrary">
<doc>Closes all open browsers and resets the browser cache.</doc>
<status status="PASS" starttime="20230825 17:24:37.513" endtime="20230825 17:24:44.003"/>
</kw>
<status status="PASS" starttime="20230825 17:24:37.512" endtime="20230825 17:24:44.003"/>
</kw>
<status status="PASS" starttime="20230825 17:24:22.254" endtime="20230825 17:24:44.004"/>
</suite>
<status status="PASS" starttime="20230825 17:24:22.188" endtime="20230825 17:24:44.007"/>
</suite>
<statistics>
<total>
<stat pass="5" fail="0" skip="0">All Tests</stat>
</total>
<tag>
</tag>
<suite>
<stat pass="5" fail="0" skip="0" id="s1" name="Suites">Suites</stat>
<stat pass="5" fail="0" skip="0" id="s1-s1" name="TestDrivenTest2 Excel">Suites.TestDrivenTest2 Excel</stat>
</suite>
</statistics>
<errors>
<msg timestamp="20230825 17:24:34.063" level="WARN">Multiple tests with name 'LoginTestWithExcel' executed in suite 'Suites.TestDrivenTest2 Excel'.</msg>
<msg timestamp="20230825 17:24:34.961" level="WARN">Multiple tests with name 'LoginTestWithExcel' executed in suite 'Suites.TestDrivenTest2 Excel'.</msg>
<msg timestamp="20230825 17:24:35.670" level="WARN">Multiple tests with name 'LoginTestWithExcel' executed in suite 'Suites.TestDrivenTest2 Excel'.</msg>
<msg timestamp="20230825 17:24:36.415" level="WARN">Multiple tests with name 'LoginTestWithExcel' executed in suite 'Suites.TestDrivenTest2 Excel'.</msg>
</errors>
</robot>
