<?xml version="1.0" encoding="UTF-8"?>
<robot generator="Robot 6.1.1 (Python 3.11.0 on win32)" generated="20230825 01:41:30.440" rpa="false" schemaversion="4">
<suite id="s1" name="Suites">
<suite id="s1-s1" name="Radiobuttons" source="C:\Users\user\PycharmProjects\automation\TestCase\Radiobuttons.robot">
<test id="s1-s1-t1" name="Testing Radio Buttons and Check Boxes" line="10">
<kw name="Open Browser" library="SeleniumLibrary">
<arg>${url}</arg>
<arg>${browser}</arg>
<doc>Opens a new browser instance to the optional ``url``.</doc>
<msg timestamp="20230825 01:41:30.663" level="INFO">Opening browser 'chrome' to base url 'https://www.techlistic.com/p/selenium-practice-form.html'.</msg>
<status status="PASS" starttime="20230825 01:41:30.662" endtime="20230825 01:42:03.933"/>
</kw>
<kw name="Maximize Browser Window" library="SeleniumLibrary">
<doc>Maximizes current browser window.</doc>
<status status="PASS" starttime="20230825 01:42:03.933" endtime="20230825 01:42:04.068"/>
</kw>
<kw name="Set Selenium Speed" library="SeleniumLibrary">
<arg>1</arg>
<doc>Sets the delay that is waited after each Selenium command.</doc>
<status status="PASS" starttime="20230825 01:42:04.069" endtime="20230825 01:42:04.070"/>
</kw>
<kw name="Scroll Element Into View" library="SeleniumLibrary">
<arg>xpath://span[contains(text(),'Selenium Commands')]</arg>
<doc>Scrolls the element identified by ``locator`` into view.</doc>
<status status="PASS" starttime="20230825 01:42:04.070" endtime="20230825 01:42:06.484"/>
</kw>
<kw name="Select Radio Button" library="SeleniumLibrary">
<arg>sex</arg>
<arg>Female</arg>
<doc>Sets the radio button group ``group_name`` to ``value``.</doc>
<msg timestamp="20230825 01:42:06.485" level="INFO">Selecting 'Female' from radio button 'sex'.</msg>
<status status="PASS" starttime="20230825 01:42:06.484" endtime="20230825 01:42:09.619"/>
</kw>
<kw name="Select Radio Button" library="SeleniumLibrary">
<arg>exp</arg>
<arg>5</arg>
<doc>Sets the radio button group ``group_name`` to ``value``.</doc>
<msg timestamp="20230825 01:42:09.619" level="INFO">Selecting '5' from radio button 'exp'.</msg>
<status status="PASS" starttime="20230825 01:42:09.619" endtime="20230825 01:42:12.731"/>
</kw>
<kw name="Select Checkbox" library="SeleniumLibrary">
<arg>Automation Tester</arg>
<doc>Selects the checkbox identified by ``locator``.</doc>
<msg timestamp="20230825 01:42:12.738" level="INFO">Selecting checkbox 'Automation Tester'.</msg>
<status status="PASS" starttime="20230825 01:42:12.732" endtime="20230825 01:42:16.846"/>
</kw>
<kw name="Select Checkbox" library="SeleniumLibrary">
<arg>Selenium Webdriver</arg>
<doc>Selects the checkbox identified by ``locator``.</doc>
<msg timestamp="20230825 01:42:16.849" level="INFO">Selecting checkbox 'Selenium Webdriver'.</msg>
<status status="PASS" starttime="20230825 01:42:16.846" endtime="20230825 01:42:20.953"/>
</kw>
<kw name="Unselect Checkbox" library="SeleniumLibrary">
<arg>Automation Tester</arg>
<doc>Removes the selection of checkbox identified by ``locator``.</doc>
<msg timestamp="20230825 01:42:20.954" level="INFO">Unselecting checkbox 'Automation Tester'.</msg>
<status status="PASS" starttime="20230825 01:42:20.953" endtime="20230825 01:42:25.108"/>
</kw>
<kw name="Unselect Checkbox" library="SeleniumLibrary">
<arg>Selenium Webdriver</arg>
<doc>Removes the selection of checkbox identified by ``locator``.</doc>
<msg timestamp="20230825 01:42:25.109" level="INFO">Unselecting checkbox 'Selenium Webdriver'.</msg>
<status status="PASS" starttime="20230825 01:42:25.108" endtime="20230825 01:42:29.211"/>
</kw>
<doc>控制選擇單選鈕與選擇或取消核取方塊</doc>
<status status="PASS" starttime="20230825 01:41:30.661" endtime="20230825 01:42:29.211"/>
</test>
<status status="PASS" starttime="20230825 01:41:30.468" endtime="20230825 01:42:29.211"/>
</suite>
<status status="PASS" starttime="20230825 01:41:30.449" endtime="20230825 01:42:29.213"/>
</suite>
<statistics>
<total>
<stat pass="1" fail="0" skip="0">All Tests</stat>
</total>
<tag>
</tag>
<suite>
<stat pass="1" fail="0" skip="0" id="s1" name="Suites">Suites</stat>
<stat pass="1" fail="0" skip="0" id="s1-s1" name="Radiobuttons">Suites.Radiobuttons</stat>
</suite>
</statistics>
<errors>
</errors>
</robot>
