<?xml version="1.0" encoding="UTF-8"?>
<robot generator="Robot 6.1.1 (Python 3.11.0 on win32)" generated="20230824 06:22:20.431" rpa="false" schemaversion="4">
<suite id="s1" name="Suites">
<suite id="s1-s1" name="Frames" source="C:\Users\user\PycharmProjects\automation\TestCase\Frames.robot">
<test id="s1-s1-t1" name="TestingFrames" line="9">
<kw name="Open Browser" library="SeleniumLibrary">
<arg>${url}</arg>
<arg>${browser}</arg>
<doc>Opens a new browser instance to the optional ``url``.</doc>
<msg timestamp="20230824 06:22:20.683" level="INFO">Opening browser 'chrome' to base url 'https://www.selenium.dev/selenium/docs/api/java/index.html?org/openqa/selenium/package-summary.html'.</msg>
<status status="PASS" starttime="20230824 06:22:20.682" endtime="20230824 06:22:26.601"/>
</kw>
<kw name="Maximize Browser Window" library="SeleniumLibrary">
<doc>Maximizes current browser window.</doc>
<status status="PASS" starttime="20230824 06:22:26.601" endtime="20230824 06:22:26.716"/>
</kw>
<kw name="Select Frame" library="SeleniumLibrary">
<arg>packageListFrame</arg>
<doc>Sets frame identified by ``locator`` as the current frame.</doc>
<msg timestamp="20230824 06:22:26.717" level="INFO">Selecting frame 'packageListFrame'.</msg>
<status status="PASS" starttime="20230824 06:22:26.716" endtime="20230824 06:22:26.765"/>
</kw>
<kw name="Click Link" library="SeleniumLibrary">
<arg>org.openqa.selenium</arg>
<doc>Clicks a link identified by ``locator``.</doc>
<msg timestamp="20230824 06:22:26.766" level="INFO">Clicking link 'org.openqa.selenium'.</msg>
<status status="PASS" starttime="20230824 06:22:26.765" endtime="20230824 06:22:26.996"/>
</kw>
<kw name="Unselect Frame" library="SeleniumLibrary">
<doc>Sets the main frame as the current frame.</doc>
<status status="PASS" starttime="20230824 06:22:26.996" endtime="20230824 06:22:27.000"/>
</kw>
<kw name="Sleep" library="BuiltIn">
<arg>3</arg>
<doc>Pauses the test executed for the given time.</doc>
<msg timestamp="20230824 06:22:30.001" level="INFO">Slept 3 seconds</msg>
<status status="PASS" starttime="20230824 06:22:27.000" endtime="20230824 06:22:30.001"/>
</kw>
<kw name="Select Frame" library="SeleniumLibrary">
<arg>packageFrame</arg>
<doc>Sets frame identified by ``locator`` as the current frame.</doc>
<msg timestamp="20230824 06:22:30.002" level="INFO">Selecting frame 'packageFrame'.</msg>
<status status="PASS" starttime="20230824 06:22:30.001" endtime="20230824 06:22:30.060"/>
</kw>
<kw name="Click Link" library="SeleniumLibrary">
<arg>WebDriver</arg>
<doc>Clicks a link identified by ``locator``.</doc>
<msg timestamp="20230824 06:22:30.061" level="INFO">Clicking link 'WebDriver'.</msg>
<status status="PASS" starttime="20230824 06:22:30.060" endtime="20230824 06:22:30.171"/>
</kw>
<kw name="Unselect Frame" library="SeleniumLibrary">
<doc>Sets the main frame as the current frame.</doc>
<status status="PASS" starttime="20230824 06:22:30.171" endtime="20230824 06:22:30.174"/>
</kw>
<kw name="Sleep" library="BuiltIn">
<arg>3</arg>
<doc>Pauses the test executed for the given time.</doc>
<msg timestamp="20230824 06:22:33.175" level="INFO">Slept 3 seconds</msg>
<status status="PASS" starttime="20230824 06:22:30.174" endtime="20230824 06:22:33.175"/>
</kw>
<kw name="Select Frame" library="SeleniumLibrary">
<arg>classFrame</arg>
<doc>Sets frame identified by ``locator`` as the current frame.</doc>
<msg timestamp="20230824 06:22:33.175" level="INFO">Selecting frame 'classFrame'.</msg>
<status status="PASS" starttime="20230824 06:22:33.175" endtime="20230824 06:22:33.213"/>
</kw>
<kw name="Click Link" library="SeleniumLibrary">
<arg>Index</arg>
<doc>Clicks a link identified by ``locator``.</doc>
<msg timestamp="20230824 06:22:33.215" level="INFO">Clicking link 'Index'.</msg>
<status status="PASS" starttime="20230824 06:22:33.214" endtime="20230824 06:22:34.475"/>
</kw>
<kw name="Unselect Frame" library="SeleniumLibrary">
<doc>Sets the main frame as the current frame.</doc>
<status status="PASS" starttime="20230824 06:22:34.476" endtime="20230824 06:22:34.482"/>
</kw>
<kw name="Sleep" library="BuiltIn">
<arg>3</arg>
<doc>Pauses the test executed for the given time.</doc>
<msg timestamp="20230824 06:22:37.483" level="INFO">Slept 3 seconds</msg>
<status status="PASS" starttime="20230824 06:22:34.482" endtime="20230824 06:22:37.483"/>
</kw>
<kw name="Close Browser" library="SeleniumLibrary">
<doc>Closes the current browser.</doc>
<status status="PASS" starttime="20230824 06:22:37.483" endtime="20230824 06:22:40.794"/>
</kw>
<status status="PASS" starttime="20230824 06:22:20.681" endtime="20230824 06:22:40.794"/>
</test>
<status status="PASS" starttime="20230824 06:22:20.463" endtime="20230824 06:22:40.795"/>
</suite>
<status status="PASS" starttime="20230824 06:22:20.442" endtime="20230824 06:22:40.796"/>
</suite>
<statistics>
<total>
<stat pass="1" fail="0" skip="0">All Tests</stat>
</total>
<tag>
</tag>
<suite>
<stat pass="1" fail="0" skip="0" id="s1" name="Suites">Suites</stat>
<stat pass="1" fail="0" skip="0" id="s1-s1" name="Frames">Suites.Frames</stat>
</suite>
</statistics>
<errors>
</errors>
</robot>
