<?xml version="1.0" encoding="UTF-8"?>
<robot generator="Robot 6.1.1 (Python 3.11.0 on win32)" generated="20230825 17:24:15.148" rpa="false" schemaversion="4">
<suite id="s1" name="Suites">
<suite id="s1-s1" name="Tagging" source="C:\Users\user\PycharmProjects\automation\TestCase\Tagging.robot">
<test id="s1-s1-t1" name="Test Case 1" line="8">
<kw name="Log To Console" library="BuiltIn">
<arg>This is test case 1</arg>
<doc>Logs the given message to the console.</doc>
<status status="PASS" starttime="20230825 17:24:15.203" endtime="20230825 17:24:15.204"/>
</kw>
<tag>Smoke</tag>
<tag>Testersdock</tag>
<status status="PASS" starttime="20230825 17:24:15.201" endtime="20230825 17:24:15.205"/>
</test>
<test id="s1-s1-t2" name="Test Case 2" line="12">
<kw name="Log To Console" library="BuiltIn">
<arg>This is test case 2</arg>
<doc>Logs the given message to the console.</doc>
<status status="PASS" starttime="20230825 17:24:15.209" endtime="20230825 17:24:15.210"/>
</kw>
<tag>Regression</tag>
<tag>Testersdock</tag>
<status status="PASS" starttime="20230825 17:24:15.206" endtime="20230825 17:24:15.210"/>
</test>
<test id="s1-s1-t3" name="Test Case 3" line="16">
<kw name="Log To Console" library="BuiltIn">
<arg>This is test case 3</arg>
<doc>Logs the given message to the console.</doc>
<status status="PASS" starttime="20230825 17:24:15.212" endtime="20230825 17:24:15.212"/>
</kw>
<tag>Regression</tag>
<tag>Testersdock</tag>
<status status="PASS" starttime="20230825 17:24:15.211" endtime="20230825 17:24:15.213"/>
</test>
<test id="s1-s1-t4" name="Test Case 4" line="20">
<kw name="Log To Console" library="BuiltIn">
<arg>This is test case 4</arg>
<doc>Logs the given message to the console.</doc>
<status status="PASS" starttime="20230825 17:24:15.214" endtime="20230825 17:24:15.214"/>
</kw>
<tag>Smoke</tag>
<tag>Testersdock</tag>
<status status="PASS" starttime="20230825 17:24:15.213" endtime="20230825 17:24:15.215"/>
</test>
<test id="s1-s1-t5" name="Test Case 5" line="24">
<kw name="Log To Console" library="BuiltIn">
<arg>This is test case 5</arg>
<doc>Logs the given message to the console.</doc>
<status status="PASS" starttime="20230825 17:24:15.216" endtime="20230825 17:24:15.216"/>
</kw>
<tag>Sanity</tag>
<tag>Testersdock</tag>
<status status="PASS" starttime="20230825 17:24:15.215" endtime="20230825 17:24:15.217"/>
</test>
<test id="s1-s1-t6" name="Test Case 6" line="28">
<kw name="Log To Console" library="BuiltIn">
<arg>This is test case 6</arg>
<doc>Logs the given message to the console.</doc>
<status status="PASS" starttime="20230825 17:24:15.218" endtime="20230825 17:24:15.218"/>
</kw>
<tag>Testersdock</tag>
<status status="PASS" starttime="20230825 17:24:15.217" endtime="20230825 17:24:15.219"/>
</test>
<doc>Tags in Robot Framework</doc>
<status status="PASS" starttime="20230825 17:24:15.187" endtime="20230825 17:24:15.220"/>
</suite>
<status status="PASS" starttime="20230825 17:24:15.157" endtime="20230825 17:24:15.223"/>
</suite>
<statistics>
<total>
<stat pass="6" fail="0" skip="0">All Tests</stat>
</total>
<tag>
<stat pass="2" fail="0" skip="0">Regression</stat>
<stat pass="1" fail="0" skip="0">Sanity</stat>
<stat pass="2" fail="0" skip="0">Smoke</stat>
<stat pass="6" fail="0" skip="0">Testersdock</stat>
</tag>
<suite>
<stat pass="6" fail="0" skip="0" id="s1" name="Suites">Suites</stat>
<stat pass="6" fail="0" skip="0" id="s1-s1" name="Tagging">Suites.Tagging</stat>
</suite>
</statistics>
<errors>
</errors>
</robot>
