<?xml version="1.0" encoding="UTF-8"?>
<robot generator="Robot 6.1.1 (Python 3.11.0 on win32)" generated="20230825 17:24:15.962" rpa="false" schemaversion="4">
<suite id="s1" name="Suites">
<suite id="s1-s1" name="TestDrivenTest1" source="C:\Users\user\PycharmProjects\automation\TestCase\TestDrivenTest1.robot">
<kw name="Open My Browser" library="login_resource" type="SETUP">
<doc>開啟瀏覽器</doc>
<kw name="Open Browser" library="SeleniumLibrary">
<arg>${LOGIN URL}</arg>
<arg>${BROWSER}</arg>
<doc>Opens a new browser instance to the optional ``url``.</doc>
<msg timestamp="20230825 17:24:16.289" level="INFO">Opening browser 'chrome' to base url 'https://admin-demo.nopcommerce.com/'.</msg>
<status status="PASS" starttime="20230825 17:24:16.288" endtime="20230825 17:24:20.488"/>
</kw>
<kw name="Maximize Browser Window" library="SeleniumLibrary">
<doc>Maximizes current browser window.</doc>
<status status="PASS" starttime="20230825 17:24:20.489" endtime="20230825 17:24:20.631"/>
</kw>
<kw name="Sleep" library="BuiltIn">
<arg>2</arg>
<doc>Pauses the test executed for the given time.</doc>
<msg timestamp="20230825 17:24:22.631" level="INFO">Slept 2 seconds</msg>
<status status="PASS" starttime="20230825 17:24:20.631" endtime="20230825 17:24:22.631"/>
</kw>
<status status="PASS" starttime="20230825 17:24:16.287" endtime="20230825 17:24:22.631"/>
</kw>
<test id="s1-s1-t1" name="Right Username Empty Password" line="9">
<kw name="Invalid Login">
<arg>admin@yourstore.com</arg>
<arg>${Empty}</arg>
<doc>網頁登入失敗功能驗證,確認輸入錯誤帳號密碼,頁面會出現錯誤訊息</doc>
<kw name="Input Username" library="login_resource">
<arg>${username}</arg>
<doc>輸入帳號</doc>
<kw name="Input Text" library="SeleniumLibrary">
<arg>id:Email</arg>
<arg>${username}</arg>
<doc>Types the given ``text`` into the text field identified by ``locator``.</doc>
<msg timestamp="20230825 17:24:22.635" level="INFO">Typing text 'admin@yourstore.com' into text field 'id:Email'.</msg>
<status status="PASS" starttime="20230825 17:24:22.634" endtime="20230825 17:24:22.798"/>
</kw>
<status status="PASS" starttime="20230825 17:24:22.633" endtime="20230825 17:24:22.798"/>
</kw>
<kw name="Input Password" library="login_resource">
<arg>${password}</arg>
<doc>輸入密碼</doc>
<kw name="Input Text" library="SeleniumLibrary">
<arg>id:Password</arg>
<arg>${password}</arg>
<doc>Types the given ``text`` into the text field identified by ``locator``.</doc>
<msg timestamp="20230825 17:24:22.801" level="INFO">Typing text '' into text field 'id:Password'.</msg>
<status status="PASS" starttime="20230825 17:24:22.799" endtime="20230825 17:24:22.916"/>
</kw>
<status status="PASS" starttime="20230825 17:24:22.798" endtime="20230825 17:24:22.916"/>
</kw>
<kw name="Click Login Button" library="login_resource">
<doc>點擊登入按鈕</doc>
<kw name="Click Element" library="SeleniumLibrary">
<arg>xpath://button[contains(text(),'Log in')]</arg>
<doc>Click the element identified by ``locator``.</doc>
<msg timestamp="20230825 17:24:22.919" level="INFO">Clicking element 'xpath://button[contains(text(),'Log in')]'.</msg>
<status status="PASS" starttime="20230825 17:24:22.918" endtime="20230825 17:24:23.353"/>
</kw>
<status status="PASS" starttime="20230825 17:24:22.917" endtime="20230825 17:24:23.353"/>
</kw>
<kw name="Error Message Should Be Visible" library="login_resource">
<doc>驗證網頁登入失敗</doc>
<kw name="Page Should Contain" library="SeleniumLibrary">
<arg>Login was unsuccessful</arg>
<doc>Verifies that current page contains ``text``.</doc>
<msg timestamp="20230825 17:24:23.434" level="INFO">Current page contains text 'Login was unsuccessful'.</msg>
<status status="PASS" starttime="20230825 17:24:23.354" endtime="20230825 17:24:23.434"/>
</kw>
<status status="PASS" starttime="20230825 17:24:23.354" endtime="20230825 17:24:23.434"/>
</kw>
<status status="PASS" starttime="20230825 17:24:22.632" endtime="20230825 17:24:23.434"/>
</kw>
<status status="PASS" starttime="20230825 17:24:22.632" endtime="20230825 17:24:23.435"/>
</test>
<test id="s1-s1-t2" name="Right Username Wrong Password" line="10">
<kw name="Invalid Login">
<arg>admin@yourstore.com</arg>
<arg>xyz</arg>
<doc>網頁登入失敗功能驗證,確認輸入錯誤帳號密碼,頁面會出現錯誤訊息</doc>
<kw name="Input Username" library="login_resource">
<arg>${username}</arg>
<doc>輸入帳號</doc>
<kw name="Input Text" library="SeleniumLibrary">
<arg>id:Email</arg>
<arg>${username}</arg>
<doc>Types the given ``text`` into the text field identified by ``locator``.</doc>
<msg timestamp="20230825 17:24:23.437" level="INFO">Typing text 'admin@yourstore.com' into text field 'id:Email'.</msg>
<status status="PASS" starttime="20230825 17:24:23.436" endtime="20230825 17:24:23.567"/>
</kw>
<status status="PASS" starttime="20230825 17:24:23.436" endtime="20230825 17:24:23.567"/>
</kw>
<kw name="Input Password" library="login_resource">
<arg>${password}</arg>
<doc>輸入密碼</doc>
<kw name="Input Text" library="SeleniumLibrary">
<arg>id:Password</arg>
<arg>${password}</arg>
<doc>Types the given ``text`` into the text field identified by ``locator``.</doc>
<msg timestamp="20230825 17:24:23.569" level="INFO">Typing text 'xyz' into text field 'id:Password'.</msg>
<status status="PASS" starttime="20230825 17:24:23.568" endtime="20230825 17:24:23.660"/>
</kw>
<status status="PASS" starttime="20230825 17:24:23.568" endtime="20230825 17:24:23.660"/>
</kw>
<kw name="Click Login Button" library="login_resource">
<doc>點擊登入按鈕</doc>
<kw name="Click Element" library="SeleniumLibrary">
<arg>xpath://button[contains(text(),'Log in')]</arg>
<doc>Click the element identified by ``locator``.</doc>
<msg timestamp="20230825 17:24:23.661" level="INFO">Clicking element 'xpath://button[contains(text(),'Log in')]'.</msg>
<status status="PASS" starttime="20230825 17:24:23.661" endtime="20230825 17:24:24.013"/>
</kw>
<status status="PASS" starttime="20230825 17:24:23.660" endtime="20230825 17:24:24.013"/>
</kw>
<kw name="Error Message Should Be Visible" library="login_resource">
<doc>驗證網頁登入失敗</doc>
<kw name="Page Should Contain" library="SeleniumLibrary">
<arg>Login was unsuccessful</arg>
<doc>Verifies that current page contains ``text``.</doc>
<msg timestamp="20230825 17:24:24.084" level="INFO">Current page contains text 'Login was unsuccessful'.</msg>
<status status="PASS" starttime="20230825 17:24:24.014" endtime="20230825 17:24:24.084"/>
</kw>
<status status="PASS" starttime="20230825 17:24:24.013" endtime="20230825 17:24:24.084"/>
</kw>
<status status="PASS" starttime="20230825 17:24:23.436" endtime="20230825 17:24:24.084"/>
</kw>
<status status="PASS" starttime="20230825 17:24:23.435" endtime="20230825 17:24:24.084"/>
</test>
<test id="s1-s1-t3" name="Wrong Username Right Password" line="11">
<kw name="Invalid Login">
<arg>adm@yourstore.com</arg>
<arg>admin</arg>
<doc>網頁登入失敗功能驗證,確認輸入錯誤帳號密碼,頁面會出現錯誤訊息</doc>
<kw name="Input Username" library="login_resource">
<arg>${username}</arg>
<doc>輸入帳號</doc>
<kw name="Input Text" library="SeleniumLibrary">
<arg>id:Email</arg>
<arg>${username}</arg>
<doc>Types the given ``text`` into the text field identified by ``locator``.</doc>
<msg timestamp="20230825 17:24:24.087" level="INFO">Typing text 'adm@yourstore.com' into text field 'id:Email'.</msg>
<status status="PASS" starttime="20230825 17:24:24.086" endtime="20230825 17:24:24.213"/>
</kw>
<status status="PASS" starttime="20230825 17:24:24.086" endtime="20230825 17:24:24.213"/>
</kw>
<kw name="Input Password" library="login_resource">
<arg>${password}</arg>
<doc>輸入密碼</doc>
<kw name="Input Text" library="SeleniumLibrary">
<arg>id:Password</arg>
<arg>${password}</arg>
<doc>Types the given ``text`` into the text field identified by ``locator``.</doc>
<msg timestamp="20230825 17:24:24.217" level="INFO">Typing text 'admin' into text field 'id:Password'.</msg>
<status status="PASS" starttime="20230825 17:24:24.215" endtime="20230825 17:24:24.317"/>
</kw>
<status status="PASS" starttime="20230825 17:24:24.213" endtime="20230825 17:24:24.317"/>
</kw>
<kw name="Click Login Button" library="login_resource">
<doc>點擊登入按鈕</doc>
<kw name="Click Element" library="SeleniumLibrary">
<arg>xpath://button[contains(text(),'Log in')]</arg>
<doc>Click the element identified by ``locator``.</doc>
<msg timestamp="20230825 17:24:24.320" level="INFO">Clicking element 'xpath://button[contains(text(),'Log in')]'.</msg>
<status status="PASS" starttime="20230825 17:24:24.319" endtime="20230825 17:24:24.648"/>
</kw>
<status status="PASS" starttime="20230825 17:24:24.318" endtime="20230825 17:24:24.648"/>
</kw>
<kw name="Error Message Should Be Visible" library="login_resource">
<doc>驗證網頁登入失敗</doc>
<kw name="Page Should Contain" library="SeleniumLibrary">
<arg>Login was unsuccessful</arg>
<doc>Verifies that current page contains ``text``.</doc>
<msg timestamp="20230825 17:24:24.719" level="INFO">Current page contains text 'Login was unsuccessful'.</msg>
<status status="PASS" starttime="20230825 17:24:24.649" endtime="20230825 17:24:24.719"/>
</kw>
<status status="PASS" starttime="20230825 17:24:24.649" endtime="20230825 17:24:24.720"/>
</kw>
<status status="PASS" starttime="20230825 17:24:24.085" endtime="20230825 17:24:24.720"/>
</kw>
<status status="PASS" starttime="20230825 17:24:24.085" endtime="20230825 17:24:24.720"/>
</test>
<test id="s1-s1-t4" name="Wrong Username Empty Password" line="12">
<kw name="Invalid Login">
<arg>adm@yourstore.com</arg>
<arg>${Empty}</arg>
<doc>網頁登入失敗功能驗證,確認輸入錯誤帳號密碼,頁面會出現錯誤訊息</doc>
<kw name="Input Username" library="login_resource">
<arg>${username}</arg>
<doc>輸入帳號</doc>
<kw name="Input Text" library="SeleniumLibrary">
<arg>id:Email</arg>
<arg>${username}</arg>
<doc>Types the given ``text`` into the text field identified by ``locator``.</doc>
<msg timestamp="20230825 17:24:24.722" level="INFO">Typing text 'adm@yourstore.com' into text field 'id:Email'.</msg>
<status status="PASS" starttime="20230825 17:24:24.722" endtime="20230825 17:24:24.850"/>
</kw>
<status status="PASS" starttime="20230825 17:24:24.721" endtime="20230825 17:24:24.850"/>
</kw>
<kw name="Input Password" library="login_resource">
<arg>${password}</arg>
<doc>輸入密碼</doc>
<kw name="Input Text" library="SeleniumLibrary">
<arg>id:Password</arg>
<arg>${password}</arg>
<doc>Types the given ``text`` into the text field identified by ``locator``.</doc>
<msg timestamp="20230825 17:24:24.851" level="INFO">Typing text '' into text field 'id:Password'.</msg>
<status status="PASS" starttime="20230825 17:24:24.850" endtime="20230825 17:24:24.961"/>
</kw>
<status status="PASS" starttime="20230825 17:24:24.850" endtime="20230825 17:24:24.961"/>
</kw>
<kw name="Click Login Button" library="login_resource">
<doc>點擊登入按鈕</doc>
<kw name="Click Element" library="SeleniumLibrary">
<arg>xpath://button[contains(text(),'Log in')]</arg>
<doc>Click the element identified by ``locator``.</doc>
<msg timestamp="20230825 17:24:24.962" level="INFO">Clicking element 'xpath://button[contains(text(),'Log in')]'.</msg>
<status status="PASS" starttime="20230825 17:24:24.961" endtime="20230825 17:24:25.454"/>
</kw>
<status status="PASS" starttime="20230825 17:24:24.961" endtime="20230825 17:24:25.454"/>
</kw>
<kw name="Error Message Should Be Visible" library="login_resource">
<doc>驗證網頁登入失敗</doc>
<kw name="Page Should Contain" library="SeleniumLibrary">
<arg>Login was unsuccessful</arg>
<doc>Verifies that current page contains ``text``.</doc>
<msg timestamp="20230825 17:24:25.516" level="INFO">Current page contains text 'Login was unsuccessful'.</msg>
<status status="PASS" starttime="20230825 17:24:25.456" endtime="20230825 17:24:25.516"/>
</kw>
<status status="PASS" starttime="20230825 17:24:25.455" endtime="20230825 17:24:25.516"/>
</kw>
<status status="PASS" starttime="20230825 17:24:24.720" endtime="20230825 17:24:25.517"/>
</kw>
<status status="PASS" starttime="20230825 17:24:24.720" endtime="20230825 17:24:25.517"/>
</test>
<test id="s1-s1-t5" name="Wrong Username Wrong Password" line="13">
<kw name="Invalid Login">
<arg>adm@yourstore.com</arg>
<arg>xyz</arg>
<doc>網頁登入失敗功能驗證,確認輸入錯誤帳號密碼,頁面會出現錯誤訊息</doc>
<kw name="Input Username" library="login_resource">
<arg>${username}</arg>
<doc>輸入帳號</doc>
<kw name="Input Text" library="SeleniumLibrary">
<arg>id:Email</arg>
<arg>${username}</arg>
<doc>Types the given ``text`` into the text field identified by ``locator``.</doc>
<msg timestamp="20230825 17:24:25.520" level="INFO">Typing text 'adm@yourstore.com' into text field 'id:Email'.</msg>
<status status="PASS" starttime="20230825 17:24:25.519" endtime="20230825 17:24:25.631"/>
</kw>
<status status="PASS" starttime="20230825 17:24:25.519" endtime="20230825 17:24:25.631"/>
</kw>
<kw name="Input Password" library="login_resource">
<arg>${password}</arg>
<doc>輸入密碼</doc>
<kw name="Input Text" library="SeleniumLibrary">
<arg>id:Password</arg>
<arg>${password}</arg>
<doc>Types the given ``text`` into the text field identified by ``locator``.</doc>
<msg timestamp="20230825 17:24:25.633" level="INFO">Typing text 'xyz' into text field 'id:Password'.</msg>
<status status="PASS" starttime="20230825 17:24:25.632" endtime="20230825 17:24:25.722"/>
</kw>
<status status="PASS" starttime="20230825 17:24:25.632" endtime="20230825 17:24:25.722"/>
</kw>
<kw name="Click Login Button" library="login_resource">
<doc>點擊登入按鈕</doc>
<kw name="Click Element" library="SeleniumLibrary">
<arg>xpath://button[contains(text(),'Log in')]</arg>
<doc>Click the element identified by ``locator``.</doc>
<msg timestamp="20230825 17:24:25.724" level="INFO">Clicking element 'xpath://button[contains(text(),'Log in')]'.</msg>
<status status="PASS" starttime="20230825 17:24:25.723" endtime="20230825 17:24:26.271"/>
</kw>
<status status="PASS" starttime="20230825 17:24:25.723" endtime="20230825 17:24:26.271"/>
</kw>
<kw name="Error Message Should Be Visible" library="login_resource">
<doc>驗證網頁登入失敗</doc>
<kw name="Page Should Contain" library="SeleniumLibrary">
<arg>Login was unsuccessful</arg>
<doc>Verifies that current page contains ``text``.</doc>
<msg timestamp="20230825 17:24:26.294" level="INFO">Current page contains text 'Login was unsuccessful'.</msg>
<status status="PASS" starttime="20230825 17:24:26.273" endtime="20230825 17:24:26.294"/>
</kw>
<status status="PASS" starttime="20230825 17:24:26.272" endtime="20230825 17:24:26.294"/>
</kw>
<status status="PASS" starttime="20230825 17:24:25.518" endtime="20230825 17:24:26.294"/>
</kw>
<status status="PASS" starttime="20230825 17:24:25.518" endtime="20230825 17:24:26.295"/>
</test>
<kw name="Close Browsers" library="login_resource" type="TEARDOWN">
<doc>關閉瀏覽器</doc>
<kw name="Close All Browsers" library="SeleniumLibrary">
<doc>Closes all open browsers and resets the browser cache.</doc>
<status status="PASS" starttime="20230825 17:24:26.296" endtime="20230825 17:24:33.623"/>
</kw>
<status status="PASS" starttime="20230825 17:24:26.296" endtime="20230825 17:24:33.623"/>
</kw>
<status status="PASS" starttime="20230825 17:24:15.994" endtime="20230825 17:24:33.624"/>
</suite>
<status status="PASS" starttime="20230825 17:24:15.973" endtime="20230825 17:24:33.628"/>
</suite>
<statistics>
<total>
<stat pass="5" fail="0" skip="0">All Tests</stat>
</total>
<tag>
</tag>
<suite>
<stat pass="5" fail="0" skip="0" id="s1" name="Suites">Suites</stat>
<stat pass="5" fail="0" skip="0" id="s1-s1" name="TestDrivenTest1">Suites.TestDrivenTest1</stat>
</suite>
</statistics>
<errors>
</errors>
</robot>
